#
# There is insufficient memory for the Java Runtime Environment to continue.
# Native memory allocation (mmap) failed to map 65536 bytes for Failed to commit metaspace.
# Possible reasons:
#   The system is out of physical RAM or swap space
#   The process is running with CompressedOops enabled, and the Java Heap may be blocking the growth of the native heap
# Possible solutions:
#   Reduce memory load on the system
#   Increase physical memory or swap space
#   Check if swap backing store is full
#   Decrease Java heap size (-Xmx/-Xms)
#   Decrease number of Java threads
#   Decrease Java thread stack sizes (-Xss)
#   Set larger code cache with -XX:ReservedCodeCacheSize=
#   JVM is running with Unscaled Compressed Oops mode in which the Java heap is
#     placed in the first 4GB address space. The Java Heap base address is the
#     maximum limit for the native heap growth. Please use -XX:HeapBaseMinAddress
#     to set the Java Heap base and to place the Java Heap above 4GB virtual address.
# This output file may be truncated or incomplete.
#
#  Out of Memory Error (virtualSpaceNode.cpp:110), pid=44312, tid=41192
#
# JRE version: OpenJDK Runtime Environment Temurin-17.0.4.1+1 (17.0.4.1+1) (build 17.0.4.1+1)
# Java VM: OpenJDK 64-Bit Server VM Temurin-17.0.4.1+1 (17.0.4.1+1, mixed mode, tiered, compressed oops, compressed class ptrs, parallel gc, windows-amd64)
# No core dump will be written. Minidumps are not enabled by default on client versions of Windows
#

---------------  S U M M A R Y ------------

Command Line: --add-modules=ALL-SYSTEM --add-opens=java.base/java.util=ALL-UNNAMED --add-opens=java.base/java.lang=ALL-UNNAMED --add-opens=java.base/sun.nio.fs=ALL-UNNAMED -Declipse.application=org.eclipse.jdt.ls.core.id1 -Dosgi.bundles.defaultStartLevel=4 -Declipse.product=org.eclipse.jdt.ls.core.product -Djava.import.generatesMetadataFilesAtProjectRoot=false -Dfile.encoding=utf8 -DwatchParentProcess=false -XX:+UseParallelGC -XX:GCTimeRatio=4 -XX:AdaptiveSizePolicyWeight=90 -Dsun.zip.disableMemoryMapping=true -Xmx1G -Xms100m -Xlog:disable -javaagent:c:\Users\klaus\.vscode\extensions\redhat.java-1.11.0-win32-x64\lombok\lombok-1.18.24.jar -XX:+HeapDumpOnOutOfMemoryError -XX:HeapDumpPath=c:\Users\klaus\AppData\Roaming\Code\User\workspaceStorage\5e1848800e055d8d43f9c2570bf40327\redhat.java c:\Users\klaus\.vscode\extensions\redhat.java-1.11.0-win32-x64\server\plugins\org.eclipse.equinox.launcher_1.6.400.v20210924-0641.jar -configuration c:\Users\klaus\AppData\Roaming\Code\User\globalStorage\redhat.java\1.11.0\config_win -data c:\Users\klaus\AppData\Roaming\Code\User\workspaceStorage\5e1848800e055d8d43f9c2570bf40327\redhat.java\jdt_ws

Host: AMD Ryzen 5 4500U with Radeon Graphics         , 6 cores, 7G,  Windows 11 , 64 bit Build 22526 (10.0.22526.1000)
Time: Sun Oct  9 14:50:43 2022 Mitteleuropäische Sommerzeit elapsed time: 7.249348 seconds (0d 0h 0m 7s)

---------------  T H R E A D  ---------------

Current thread (0x000002a5a2c89080):  JavaThread "Connection worker" [_thread_in_vm, id=41192, stack(0x000000f63ba00000,0x000000f63bb00000)]

Stack: [0x000000f63ba00000,0x000000f63bb00000]
Native frames: (J=compiled Java code, j=interpreted, Vv=VM code, C=native code)
V  [jvm.dll+0x67731a]
V  [jvm.dll+0x832284]
V  [jvm.dll+0x833a2e]
V  [jvm.dll+0x834093]
V  [jvm.dll+0x245775]
V  [jvm.dll+0x82e22b]
V  [jvm.dll+0x61bdf6]
V  [jvm.dll+0x1c07be]
V  [jvm.dll+0x61e741]
V  [jvm.dll+0x61c796]
V  [jvm.dll+0x239e0f]
V  [jvm.dll+0x6265a5]
V  [jvm.dll+0x1ea5db]
V  [jvm.dll+0x1eab15]
V  [jvm.dll+0x1eb54f]
V  [jvm.dll+0x1e09f1]
V  [jvm.dll+0x53c910]
V  [jvm.dll+0x7ad138]
V  [jvm.dll+0x7ad224]
V  [jvm.dll+0x40ccd5]
V  [jvm.dll+0x412ec8]
C  [java.dll+0x17ec]

Java frames: (J=compiled Java code, j=interpreted, Vv=VM code)
J 1039  java.lang.ClassLoader.defineClass1(Ljava/lang/ClassLoader;Ljava/lang/String;[BIILjava/security/ProtectionDomain;Ljava/lang/String;)Ljava/lang/Class; java.base@17.0.4.1 (0 bytes) @ 0x000002a5951271db [0x000002a595127120+0x00000000000000bb]
J 1653 c1 java.lang.ClassLoader.defineClass(Ljava/lang/String;[BIILjava/security/ProtectionDomain;)Ljava/lang/Class; java.base@17.0.4.1 (43 bytes) @ 0x000002a58deabfd4 [0x000002a58deabc80+0x0000000000000354]
J 1445 c1 java.security.SecureClassLoader.defineClass(Ljava/lang/String;[BIILjava/security/CodeSource;)Ljava/lang/Class; java.base@17.0.4.1 (16 bytes) @ 0x000002a58de4a68c [0x000002a58de4a5c0+0x00000000000000cc]
J 5267 c1 java.net.URLClassLoader.defineClass(Ljava/lang/String;Ljdk/internal/loader/Resource;)Ljava/lang/Class; java.base@17.0.4.1 (225 bytes) @ 0x000002a58e5fb48c [0x000002a58e5fada0+0x00000000000006ec]
J 5265 c1 java.net.URLClassLoader$1.run()Ljava/lang/Class; java.base@17.0.4.1 (81 bytes) @ 0x000002a58e5fa0cc [0x000002a58e5f9e20+0x00000000000002ac]
J 1441 c1 java.net.URLClassLoader$1.run()Ljava/lang/Object; java.base@17.0.4.1 (5 bytes) @ 0x000002a58de46744 [0x000002a58de466c0+0x0000000000000084]
J 1274 c1 java.security.AccessController.doPrivileged(Ljava/security/PrivilegedExceptionAction;Ljava/security/AccessControlContext;)Ljava/lang/Object; java.base@17.0.4.1 (26 bytes) @ 0x000002a58ddd1c74 [0x000002a58ddd1aa0+0x00000000000001d4]
J 1272 c1 java.net.URLClassLoader.findClass(Ljava/lang/String;)Ljava/lang/Class; java.base@17.0.4.1 (47 bytes) @ 0x000002a58ddd0dec [0x000002a58ddd0c80+0x000000000000016c]
J 3062 c1 java.lang.ClassLoader.loadClass(Ljava/lang/String;Z)Ljava/lang/Class; java.base@17.0.4.1 (121 bytes) @ 0x000002a58e1c47e4 [0x000002a58e1c4240+0x00000000000005a4]
J 3062 c1 java.lang.ClassLoader.loadClass(Ljava/lang/String;Z)Ljava/lang/Class; java.base@17.0.4.1 (121 bytes) @ 0x000002a58e1c45bc [0x000002a58e1c4240+0x000000000000037c]
J 3063 c2 java.lang.ClassLoader.loadClass(Ljava/lang/String;)Ljava/lang/Class; java.base@17.0.4.1 (7 bytes) @ 0x000002a5951f3740 [0x000002a5951f3700+0x0000000000000040]
v  ~StubRoutines::call_stub
J 3284  java.lang.Class.forName0(Ljava/lang/String;ZLjava/lang/ClassLoader;Ljava/lang/Class;)Ljava/lang/Class; java.base@17.0.4.1 (0 bytes) @ 0x000002a5952124a7 [0x000002a595212420+0x0000000000000087]
J 3323 c1 java.lang.Class.forName(Ljava/lang/String;ZLjava/lang/ClassLoader;)Ljava/lang/Class; java.base@17.0.4.1 (47 bytes) @ 0x000002a58e23f3ac [0x000002a58e23f000+0x00000000000003ac]
J 3375 c1 sun.reflect.generics.factory.CoreReflectionFactory.makeNamedType(Ljava/lang/String;)Ljava/lang/reflect/Type; java.base@17.0.4.1 (21 bytes) @ 0x000002a58e25657c [0x000002a58e2564e0+0x000000000000009c]
J 3378 c1 sun.reflect.generics.visitor.Reifier.visitClassTypeSignature(Lsun/reflect/generics/tree/ClassTypeSignature;)V java.base@17.0.4.1 (381 bytes) @ 0x000002a58e25a5b4 [0x000002a58e259b00+0x0000000000000ab4]
J 3361 c1 sun.reflect.generics.tree.ClassTypeSignature.accept(Lsun/reflect/generics/visitor/TypeTreeVisitor;)V java.base@17.0.4.1 (8 bytes) @ 0x000002a58e2515fc [0x000002a58e251540+0x00000000000000bc]
j  sun.reflect.generics.visitor.Reifier.reifyTypeArguments([Lsun/reflect/generics/tree/TypeArgument;)[Ljava/lang/reflect/Type;+18 java.base@17.0.4.1
J 3378 c1 sun.reflect.generics.visitor.Reifier.visitClassTypeSignature(Lsun/reflect/generics/tree/ClassTypeSignature;)V java.base@17.0.4.1 (381 bytes) @ 0x000002a58e25a684 [0x000002a58e259b00+0x0000000000000b84]
J 3361 c1 sun.reflect.generics.tree.ClassTypeSignature.accept(Lsun/reflect/generics/visitor/TypeTreeVisitor;)V java.base@17.0.4.1 (8 bytes) @ 0x000002a58e2515fc [0x000002a58e251540+0x00000000000000bc]
j  sun.reflect.generics.repository.MethodRepository.computeReturnType()Ljava/lang/reflect/Type;+16 java.base@17.0.4.1
j  sun.reflect.generics.repository.MethodRepository.getReturnType()Ljava/lang/reflect/Type;+10 java.base@17.0.4.1
j  java.lang.reflect.Method.getGenericReturnType()Ljava/lang/reflect/Type;+11 java.base@17.0.4.1
j  org.gradle.internal.service.AbstractServiceMethod.<init>(Ljava/lang/reflect/Method;)V+35
j  org.gradle.internal.service.ReflectionBasedServiceMethod.<init>(Ljava/lang/reflect/Method;)V+2
j  org.gradle.internal.service.MethodHandleBasedServiceMethodFactory.toServiceMethod(Ljava/lang/reflect/Method;)Lorg/gradle/internal/service/ServiceMethod;+47
j  org.gradle.internal.service.DefaultServiceMethodFactory.toServiceMethod(Ljava/lang/reflect/Method;)Lorg/gradle/internal/service/ServiceMethod;+5
j  org.gradle.internal.service.RelevantMethods.toServiceMethodList(Ljava/util/List;)Ljava/util/List;+45
j  org.gradle.internal.service.RelevantMethods.<init>(Ljava/util/List;Ljava/util/List;Ljava/util/List;)V+14
j  org.gradle.internal.service.RelevantMethodsBuilder.build()Lorg/gradle/internal/service/RelevantMethods;+16
j  org.gradle.internal.service.RelevantMethods.buildRelevantMethods(Ljava/lang/Class;)Lorg/gradle/internal/service/RelevantMethods;+22
j  org.gradle.internal.service.RelevantMethods.getMethods(Ljava/lang/Class;)Lorg/gradle/internal/service/RelevantMethods;+18
j  org.gradle.internal.service.DefaultServiceRegistry.findProviderMethods(Ljava/lang/Object;)V+6
j  org.gradle.internal.service.DefaultServiceRegistry.addProvider(Ljava/lang/Object;)Lorg/gradle/internal/service/DefaultServiceRegistry;+6
j  org.gradle.internal.service.DefaultServiceRegistry$1.addProvider(Ljava/lang/Object;)V+5
j  org.gradle.api.internal.artifacts.DependencyServices.registerGlobalServices(Lorg/gradle/internal/service/ServiceRegistration;)V+8
j  org.gradle.internal.service.scopes.GlobalScopeServices.configure(Lorg/gradle/internal/service/ServiceRegistration;Lorg/gradle/initialization/ClassLoaderRegistry;)V+78
v  ~StubRoutines::call_stub
j  jdk.internal.reflect.NativeMethodAccessorImpl.invoke0(Ljava/lang/reflect/Method;Ljava/lang/Object;[Ljava/lang/Object;)Ljava/lang/Object;+0 java.base@17.0.4.1
j  jdk.internal.reflect.NativeMethodAccessorImpl.invoke(Ljava/lang/Object;[Ljava/lang/Object;)Ljava/lang/Object;+133 java.base@17.0.4.1
J 1196 c1 jdk.internal.reflect.DelegatingMethodAccessorImpl.invoke(Ljava/lang/Object;[Ljava/lang/Object;)Ljava/lang/Object; java.base@17.0.4.1 (10 bytes) @ 0x000002a58ddb1f3c [0x000002a58ddb1e40+0x00000000000000fc]
J 1195 c1 java.lang.reflect.Method.invoke(Ljava/lang/Object;[Ljava/lang/Object;)Ljava/lang/Object; java.base@17.0.4.1 (65 bytes) @ 0x000002a58ddb19ac [0x000002a58ddb1680+0x000000000000032c]
j  org.gradle.internal.reflect.JavaMethod.invoke(Ljava/lang/Object;[Ljava/lang/Object;)Ljava/lang/Object;+6
j  org.gradle.internal.service.ReflectionBasedServiceMethod.invoke(Ljava/lang/Object;[Ljava/lang/Object;)Ljava/lang/Object;+6
j  org.gradle.internal.service.DefaultServiceRegistry.applyConfigureMethod(Lorg/gradle/internal/service/ServiceMethod;Ljava/lang/Object;)V+140
j  org.gradle.internal.service.DefaultServiceRegistry.findProviderMethods(Ljava/lang/Object;)V+196
j  org.gradle.internal.service.DefaultServiceRegistry.addProvider(Ljava/lang/Object;)Lorg/gradle/internal/service/DefaultServiceRegistry;+6
j  org.gradle.internal.service.DefaultServiceRegistry$1.addProvider(Ljava/lang/Object;)V+5
j  org.gradle.tooling.internal.provider.ConnectionScopeServices.configure(Lorg/gradle/internal/service/ServiceRegistration;)V+9
v  ~StubRoutines::call_stub
j  jdk.internal.reflect.NativeMethodAccessorImpl.invoke0(Ljava/lang/reflect/Method;Ljava/lang/Object;[Ljava/lang/Object;)Ljava/lang/Object;+0 java.base@17.0.4.1
j  jdk.internal.reflect.NativeMethodAccessorImpl.invoke(Ljava/lang/Object;[Ljava/lang/Object;)Ljava/lang/Object;+133 java.base@17.0.4.1
J 1196 c1 jdk.internal.reflect.DelegatingMethodAccessorImpl.invoke(Ljava/lang/Object;[Ljava/lang/Object;)Ljava/lang/Object; java.base@17.0.4.1 (10 bytes) @ 0x000002a58ddb1f3c [0x000002a58ddb1e40+0x00000000000000fc]
J 1195 c1 java.lang.reflect.Method.invoke(Ljava/lang/Object;[Ljava/lang/Object;)Ljava/lang/Object; java.base@17.0.4.1 (65 bytes) @ 0x000002a58ddb19ac [0x000002a58ddb1680+0x000000000000032c]
j  org.gradle.internal.reflect.JavaMethod.invoke(Ljava/lang/Object;[Ljava/lang/Object;)Ljava/lang/Object;+6
j  org.gradle.internal.service.ReflectionBasedServiceMethod.invoke(Ljava/lang/Object;[Ljava/lang/Object;)Ljava/lang/Object;+6
j  org.gradle.internal.service.DefaultServiceRegistry.applyConfigureMethod(Lorg/gradle/internal/service/ServiceMethod;Ljava/lang/Object;)V+140
j  org.gradle.internal.service.DefaultServiceRegistry.findProviderMethods(Ljava/lang/Object;)V+196
j  org.gradle.internal.service.DefaultServiceRegistry.addProvider(Ljava/lang/Object;)Lorg/gradle/internal/service/DefaultServiceRegistry;+6
j  org.gradle.internal.service.ServiceRegistryBuilder.build()Lorg/gradle/internal/service/ServiceRegistry;+56
j  org.gradle.tooling.internal.provider.DefaultConnection.initializeServices(Ljava/io/File;)V+37
j  org.gradle.tooling.internal.provider.DefaultConnection.configure(Lorg/gradle/tooling/internal/protocol/ConnectionParameters;)V+46
j  org.gradle.tooling.internal.consumer.connection.AbstractPost12ConsumerConnection.configure(Lorg/gradle/tooling/internal/consumer/ConnectionParameters;)V+5
j  org.gradle.tooling.internal.consumer.loader.DefaultToolingImplementationLoader.createConnection(Lorg/gradle/tooling/internal/consumer/connection/AbstractConsumerConnection;Lorg/gradle/tooling/internal/consumer/ConnectionParameters;)Lorg/gradle/tooling/internal/consumer/connection/ConsumerConnection;+2
j  org.gradle.tooling.internal.consumer.loader.DefaultToolingImplementationLoader.create(Lorg/gradle/tooling/internal/consumer/Distribution;Lorg/gradle/internal/logging/progress/ProgressLoggerFactory;Lorg/gradle/tooling/internal/protocol/InternalBuildProgressListener;Lorg/gradle/tooling/internal/consumer/ConnectionParameters;Lorg/gradle/initialization/BuildCancellationToken;)Lorg/gradle/tooling/internal/consumer/connection/ConsumerConnection;+133
j  org.gradle.tooling.internal.consumer.loader.CachingToolingImplementationLoader.create(Lorg/gradle/tooling/internal/consumer/Distribution;Lorg/gradle/internal/logging/progress/ProgressLoggerFactory;Lorg/gradle/tooling/internal/protocol/InternalBuildProgressListener;Lorg/gradle/tooling/internal/consumer/ConnectionParameters;Lorg/gradle/initialization/BuildCancellationToken;)Lorg/gradle/tooling/internal/consumer/connection/ConsumerConnection;+46
j  org.gradle.tooling.internal.consumer.loader.SynchronizedToolingImplementationLoader.create(Lorg/gradle/tooling/internal/consumer/Distribution;Lorg/gradle/internal/logging/progress/ProgressLoggerFactory;Lorg/gradle/tooling/internal/protocol/InternalBuildProgressListener;Lorg/gradle/tooling/internal/consumer/ConnectionParameters;Lorg/gradle/initialization/BuildCancellationToken;)Lorg/gradle/tooling/internal/consumer/connection/ConsumerConnection;+23
j  org.gradle.tooling.internal.consumer.connection.LazyConsumerActionExecutor.onStartAction(Lorg/gradle/initialization/BuildCancellationToken;Lorg/gradle/tooling/internal/protocol/InternalBuildProgressListener;)Lorg/gradle/tooling/internal/consumer/connection/ConsumerConnection;+72
j  org.gradle.tooling.internal.consumer.connection.LazyConsumerActionExecutor.run(Lorg/gradle/tooling/internal/consumer/connection/ConsumerAction;)Ljava/lang/Object;+26
j  org.gradle.tooling.internal.consumer.connection.CancellableConsumerActionExecutor.run(Lorg/gradle/tooling/internal/consumer/connection/ConsumerAction;)Ljava/lang/Object;+34
j  org.gradle.tooling.internal.consumer.connection.ProgressLoggingConsumerActionExecutor.run(Lorg/gradle/tooling/internal/consumer/connection/ConsumerAction;)Ljava/lang/Object;+78
j  org.gradle.tooling.internal.consumer.connection.RethrowingErrorsConsumerActionExecutor.run(Lorg/gradle/tooling/internal/consumer/connection/ConsumerAction;)Ljava/lang/Object;+5
j  org.gradle.tooling.internal.consumer.async.DefaultAsyncConsumerActionExecutor$1$1.run()V+17
j  org.gradle.internal.concurrent.ExecutorPolicy$CatchAndRecordFailures.onExecute(Ljava/lang/Runnable;)V+1
j  org.gradle.internal.concurrent.ManagedExecutorImpl$1.run()V+25
j  java.util.concurrent.ThreadPoolExecutor.runWorker(Ljava/util/concurrent/ThreadPoolExecutor$Worker;)V+92 java.base@17.0.4.1
j  java.util.concurrent.ThreadPoolExecutor$Worker.run()V+5 java.base@17.0.4.1
j  java.lang.Thread.run()V+11 java.base@17.0.4.1
v  ~StubRoutines::call_stub

---------------  P R O C E S S  ---------------

Threads class SMR info:
_java_thread_list=0x000002a5a5350470, length=31, elements={
0x000002a5891a3af0, 0x000002a59ef4e610, 0x000002a59ef4f3e0, 0x000002a5a0fcf020,
0x000002a5a0fcfca0, 0x000002a5a0fd0a20, 0x000002a5a0fd4300, 0x000002a5a0fd4fa0,
0x000002a59ef7d7c0, 0x000002a59ef7e5c0, 0x000002a59ee01220, 0x000002a5a1281900,
0x000002a5a1600340, 0x000002a5a1b362a0, 0x000002a5a1b36a10, 0x000002a5a2a08b50,
0x000002a5a25f5770, 0x000002a5a29a2840, 0x000002a5a2b6e490, 0x000002a5a2c2dfe0,
0x000002a5a2c86530, 0x000002a5a2c873a0, 0x000002a5a2c87d40, 0x000002a5a2c88210,
0x000002a5a2c89550, 0x000002a5a2c86a00, 0x000002a5a2c86ed0, 0x000002a5a2c87870,
0x000002a5a2c886e0, 0x000002a5a2c88bb0, 0x000002a5a2c89080
}

Java Threads: ( => current thread )
  0x000002a5891a3af0 JavaThread "main" [_thread_blocked, id=13980, stack(0x000000f639200000,0x000000f639300000)]
  0x000002a59ef4e610 JavaThread "Reference Handler" daemon [_thread_blocked, id=38700, stack(0x000000f639500000,0x000000f639600000)]
  0x000002a59ef4f3e0 JavaThread "Finalizer" daemon [_thread_blocked, id=38956, stack(0x000000f639600000,0x000000f639700000)]
  0x000002a5a0fcf020 JavaThread "Signal Dispatcher" daemon [_thread_blocked, id=43872, stack(0x000000f639700000,0x000000f639800000)]
  0x000002a5a0fcfca0 JavaThread "Attach Listener" daemon [_thread_blocked, id=18700, stack(0x000000f639800000,0x000000f639900000)]
  0x000002a5a0fd0a20 JavaThread "Service Thread" daemon [_thread_blocked, id=41040, stack(0x000000f639900000,0x000000f639a00000)]
  0x000002a5a0fd4300 JavaThread "Monitor Deflation Thread" daemon [_thread_blocked, id=1764, stack(0x000000f639a00000,0x000000f639b00000)]
  0x000002a5a0fd4fa0 JavaThread "C2 CompilerThread0" daemon [_thread_blocked, id=44076, stack(0x000000f639b00000,0x000000f639c00000)]
  0x000002a59ef7d7c0 JavaThread "C1 CompilerThread0" daemon [_thread_blocked, id=37944, stack(0x000000f639c00000,0x000000f639d00000)]
  0x000002a59ef7e5c0 JavaThread "Sweeper thread" daemon [_thread_blocked, id=27444, stack(0x000000f639d00000,0x000000f639e00000)]
  0x000002a59ee01220 JavaThread "Common-Cleaner" daemon [_thread_blocked, id=42508, stack(0x000000f639e00000,0x000000f639f00000)]
  0x000002a5a1281900 JavaThread "Notification Thread" daemon [_thread_blocked, id=23796, stack(0x000000f639f00000,0x000000f63a000000)]
  0x000002a5a1600340 JavaThread "Active Thread: Equinox Container: 4dc8eab4-60d5-4c4b-b3a8-cf7dd1d350a0" [_thread_blocked, id=43348, stack(0x000000f63a600000,0x000000f63a700000)]
  0x000002a5a1b362a0 JavaThread "Framework Event Dispatcher: Equinox Container: 4dc8eab4-60d5-4c4b-b3a8-cf7dd1d350a0" daemon [_thread_blocked, id=2276, stack(0x000000f63a700000,0x000000f63a800000)]
  0x000002a5a1b36a10 JavaThread "Start Level: Equinox Container: 4dc8eab4-60d5-4c4b-b3a8-cf7dd1d350a0" daemon [_thread_blocked, id=9924, stack(0x000000f63a800000,0x000000f63a900000)]
  0x000002a5a2a08b50 JavaThread "SCR Component Actor" daemon [_thread_blocked, id=9668, stack(0x000000f63a900000,0x000000f63aa00000)]
  0x000002a5a25f5770 JavaThread "SCR Component Registry" daemon [_thread_blocked, id=44472, stack(0x000000f63aa00000,0x000000f63ab00000)]
  0x000002a5a29a2840 JavaThread "Bundle File Closer" daemon [_thread_blocked, id=27664, stack(0x000000f63ab00000,0x000000f63ac00000)]
  0x000002a5a2b6e490 JavaThread "Worker-JM" [_thread_blocked, id=31492, stack(0x000000f63ac00000,0x000000f63ad00000)]
  0x000002a5a2c2dfe0 JavaThread "Worker-0: Updating Maven Dependencies" [_thread_blocked, id=14372, stack(0x000000f63ad00000,0x000000f63ae00000)]
  0x000002a5a2c86530 JavaThread "Worker-1" [_thread_blocked, id=22292, stack(0x000000f63ae00000,0x000000f63af00000)]
  0x000002a5a2c873a0 JavaThread "Worker-2" [_thread_blocked, id=34640, stack(0x000000f63af00000,0x000000f63b000000)]
  0x000002a5a2c87d40 JavaThread "Java indexing" daemon [_thread_blocked, id=30064, stack(0x000000f63b000000,0x000000f63b100000)]
  0x000002a5a2c88210 JavaThread "pool-1-thread-1" [_thread_blocked, id=44128, stack(0x000000f63b300000,0x000000f63b400000)]
  0x000002a5a2c89550 JavaThread "Worker-3: Initialize Workspace" [_thread_blocked, id=33720, stack(0x000000f63b400000,0x000000f63b500000)]
  0x000002a5a2c86a00 JavaThread "Worker-4: Synchronize Gradle projects with workspace" [_thread_blocked, id=39976, stack(0x000000f63b500000,0x000000f63b600000)]
  0x000002a5a2c86ed0 JavaThread "Timer-0" [_thread_blocked, id=35368, stack(0x000000f63b600000,0x000000f63b700000)]
  0x000002a5a2c87870 JavaThread "Timer-1" [_thread_blocked, id=44712, stack(0x000000f63b700000,0x000000f63b800000)]
  0x000002a5a2c886e0 JavaThread "Timer-2" [_thread_blocked, id=44896, stack(0x000000f63b800000,0x000000f63b900000)]
  0x000002a5a2c88bb0 JavaThread "Timer-3" [_thread_blocked, id=16812, stack(0x000000f63b900000,0x000000f63ba00000)]
=>0x000002a5a2c89080 JavaThread "Connection worker" [_thread_in_vm, id=41192, stack(0x000000f63ba00000,0x000000f63bb00000)]

Other Threads:
  0x000002a59ef38010 VMThread "VM Thread" [stack: 0x000000f639400000,0x000000f639500000] [id=11280]
  0x000002a5a1280b30 WatcherThread [stack: 0x000000f63a000000,0x000000f63a100000] [id=40680]
  0x000002a5891b90b0 GCTaskThread "GC Thread#0" [stack: 0x000000f639300000,0x000000f639400000] [id=34124]
  0x000002a5a1593070 GCTaskThread "GC Thread#1" [stack: 0x000000f63a100000,0x000000f63a200000] [id=42880]
  0x000002a5a1592640 GCTaskThread "GC Thread#2" [stack: 0x000000f63a200000,0x000000f63a300000] [id=40316]
  0x000002a5a15928f0 GCTaskThread "GC Thread#3" [stack: 0x000000f63a300000,0x000000f63a400000] [id=43828]
  0x000002a5a1afc030 GCTaskThread "GC Thread#4" [stack: 0x000000f63a400000,0x000000f63a500000] [id=11716]
  0x000002a5a1afc2e0 GCTaskThread "GC Thread#5" [stack: 0x000000f63a500000,0x000000f63a600000] [id=43044]

Threads with active compile tasks:

VM state: not at safepoint (normal execution)

VM Mutex/Monitor currently owned by a thread:  ([mutex/lock_event])
[0x000002a58919dbf0] Metaspace_lock - owner thread: 0x000002a5a2c89080

Heap address: 0x00000000c0000000, size: 1024 MB, Compressed Oops mode: 32-bit

CDS archive(s) not mapped
Compressed class space mapped at: 0x0000000100000000-0x0000000140000000, reserved size: 1073741824
Narrow klass base: 0x0000000000000000, Narrow klass shift: 3, Narrow klass range: 0x140000000

GC Precious Log:
 CPUs: 6 total, 6 available
 Memory: 7564M
 Large Page Support: Disabled
 NUMA Support: Disabled
 Compressed Oops: Enabled (32-bit)
 Alignments: Space 512K, Generation 512K, Heap 2M
 Heap Min Capacity: 100M
 Heap Initial Capacity: 100M
 Heap Max Capacity: 1G
 Pre-touch: Disabled
 Parallel Workers: 6

Heap:
 PSYoungGen      total 19968K, used 13000K [0x00000000eab00000, 0x00000000ebf80000, 0x0000000100000000)
  eden space 18944K, 63% used [0x00000000eab00000,0x00000000eb6b5090,0x00000000ebd80000)
  from space 1024K, 98% used [0x00000000ebd80000,0x00000000ebe7cfa0,0x00000000ebe80000)
  to   space 512K, 0% used [0x00000000ebf00000,0x00000000ebf00000,0x00000000ebf80000)
 ParOldGen       total 68608K, used 40740K [0x00000000c0000000, 0x00000000c4300000, 0x00000000eab00000)
  object space 68608K, 59% used [0x00000000c0000000,0x00000000c27c91e8,0x00000000c4300000)
 Metaspace       used 50386K, committed 51264K, reserved 1097728K
  class space    used 5658K, committed 6080K, reserved 1048576K

Card table byte_map: [0x000002a59c7f0000,0x000002a59ca00000] _byte_map_base: 0x000002a59c1f0000

Marking Bits: (ParMarkBitMap*) 0x00007ffedb342cc0
 Begin Bits: [0x000002a59cb60000, 0x000002a59db60000)
 End Bits:   [0x000002a59db60000, 0x000002a59eb60000)

Polling page: 0x000002a58d5e0000

Metaspace:

Usage:
  Non-class:     43.68 MB used.
      Class:      5.53 MB used.
       Both:     49.21 MB used.

Virtual space:
  Non-class space:       48.00 MB reserved,      44.12 MB ( 92%) committed,  6 nodes.
      Class space:        1.00 GB reserved,       5.94 MB ( <1%) committed,  1 nodes.
             Both:        1.05 GB reserved,      50.06 MB (  5%) committed. 

Chunk freelists:
   Non-Class:  3.73 MB
       Class:  1.91 MB
        Both:  5.64 MB

MaxMetaspaceSize: unlimited
CompressedClassSpaceSize: 1.00 GB
Initial GC threshold: 21.00 MB
Current GC threshold: 58.38 MB
CDS: off
MetaspaceReclaimPolicy: balanced
 - commit_granule_bytes: 65536.
 - commit_granule_words: 8192.
 - virtual_space_node_default_size: 1048576.
 - enlarge_chunks_in_place: 1.
 - new_chunks_are_fully_committed: 0.
 - uncommit_free_chunks: 1.
 - use_allocation_guard: 0.
 - handle_deallocations: 1.


Internal statistics:

num_allocs_failed_limit: 6.
num_arena_births: 344.
num_arena_deaths: 14.
num_vsnodes_births: 7.
num_vsnodes_deaths: 0.
num_space_committed: 801.
num_space_uncommitted: 0.
num_chunks_returned_to_freelist: 20.
num_chunks_taken_from_freelist: 2190.
num_chunk_merges: 10.
num_chunk_splits: 1412.
num_chunks_enlarged: 868.
num_purges: 2.
num_inconsistent_stats: 0.

CodeHeap 'non-profiled nmethods': size=120000Kb used=2372Kb max_used=2372Kb free=117628Kb
 bounds [0x000002a5950d0000, 0x000002a595340000, 0x000002a59c600000]
CodeHeap 'profiled nmethods': size=120000Kb used=10997Kb max_used=10997Kb free=109002Kb
 bounds [0x000002a58dba0000, 0x000002a58e660000, 0x000002a5950d0000]
CodeHeap 'non-nmethods': size=5760Kb used=1280Kb max_used=1337Kb free=4479Kb
 bounds [0x000002a58d600000, 0x000002a58d870000, 0x000002a58dba0000]
 total_blobs=6033 nmethods=5428 adapters=519
 compilation: enabled
              stopped_count=0, restarted_count=0
 full_count=0

Compilation events (20 events):
Event: 7.206 Thread 0x000002a59ef7d7c0 5464       3       java.util.jar.Manifest::<init> (38 bytes)
Event: 7.206 Thread 0x000002a59ef7d7c0 nmethod 5464 0x000002a58e658e90 code [0x000002a58e6590c0, 0x000002a58e659798]
Event: 7.208 Thread 0x000002a59ef7d7c0 5466       3       java.lang.reflect.Constructor::getParameterTypes (11 bytes)
Event: 7.208 Thread 0x000002a59ef7d7c0 nmethod 5466 0x000002a58e659a90 code [0x000002a58e659c40, 0x000002a58e659ee8]
Event: 7.213 Thread 0x000002a59ef7d7c0 5467       3       java.util.LinkedList::unlink (91 bytes)
Event: 7.213 Thread 0x000002a59ef7d7c0 nmethod 5467 0x000002a58e65a010 code [0x000002a58e65a1a0, 0x000002a58e65a418]
Event: 7.213 Thread 0x000002a59ef7d7c0 5468       3       org.gradle.internal.service.DefaultServiceRegistry$OwnServices$ProviderAnalyser::analyseType (114 bytes)
Event: 7.214 Thread 0x000002a59ef7d7c0 nmethod 5468 0x000002a58e65a510 code [0x000002a58e65a800, 0x000002a58e65b5c8]
Event: 7.222 Thread 0x000002a59ef7d7c0 5470       3       java.util.LinkedList$ListItr::remove (84 bytes)
Event: 7.222 Thread 0x000002a59ef7d7c0 nmethod 5470 0x000002a58e65bb10 code [0x000002a58e65bd00, 0x000002a58e65c168]
Event: 7.225 Thread 0x000002a5a0fd4fa0 nmethod 5397 0x000002a595315d10 code [0x000002a595316020, 0x000002a595317dc8]
Event: 7.225 Thread 0x000002a5a0fd4fa0 5459   !   4       jdk.internal.loader.URLClassPath$JarLoader::ensureOpen (36 bytes)
Event: 7.227 Thread 0x000002a5a0fd4fa0 nmethod 5459 0x000002a595319110 code [0x000002a5953192e0, 0x000002a595319570]
Event: 7.227 Thread 0x000002a5a0fd4fa0 5471   !   4       java.util.jar.JarFile::checkForSpecialAttributes (163 bytes)
Event: 7.234 Thread 0x000002a59ef7d7c0 5472       3       java.util.jar.JavaUtilJarAccessImpl::getTrustedAttributes (6 bytes)
Event: 7.235 Thread 0x000002a59ef7d7c0 nmethod 5472 0x000002a58e65c390 code [0x000002a58e65c540, 0x000002a58e65c688]
Event: 7.238 Thread 0x000002a59ef7d7c0 5473       3       java.lang.reflect.Method::setAccessible (21 bytes)
Event: 7.238 Thread 0x000002a59ef7d7c0 nmethod 5473 0x000002a58e65c790 code [0x000002a58e65c9a0, 0x000002a58e65cfc8]
Event: 7.238 Thread 0x000002a59ef7d7c0 5474       3       java.lang.reflect.Method::checkCanSetAccessible (10 bytes)
Event: 7.238 Thread 0x000002a59ef7d7c0 nmethod 5474 0x000002a58e65d210 code [0x000002a58e65d3c0, 0x000002a58e65d568]

GC Heap History (20 events):
Event: 5.900 GC heap before
{Heap before GC invocations=18 (full 2):
 PSYoungGen      total 24064K, used 23904K [0x00000000eab00000, 0x00000000ec480000, 0x0000000100000000)
  eden space 22016K, 100% used [0x00000000eab00000,0x00000000ec080000,0x00000000ec080000)
  from space 2048K, 92% used [0x00000000ec080000,0x00000000ec258010,0x00000000ec280000)
  to   space 2048K, 0% used [0x00000000ec280000,0x00000000ec280000,0x00000000ec480000)
 ParOldGen       total 68608K, used 19963K [0x00000000c0000000, 0x00000000c4300000, 0x00000000eab00000)
  object space 68608K, 29% used [0x00000000c0000000,0x00000000c137ecb8,0x00000000c4300000)
 Metaspace       used 43898K, committed 44736K, reserved 1089536K
  class space    used 4694K, committed 5056K, reserved 1048576K
}
Event: 5.903 GC heap after
{Heap after GC invocations=18 (full 2):
 PSYoungGen      total 21504K, used 2016K [0x00000000eab00000, 0x00000000ec980000, 0x0000000100000000)
  eden space 19456K, 0% used [0x00000000eab00000,0x00000000eab00000,0x00000000ebe00000)
  from space 2048K, 98% used [0x00000000ec280000,0x00000000ec478010,0x00000000ec480000)
  to   space 4608K, 0% used [0x00000000ebe00000,0x00000000ebe00000,0x00000000ec280000)
 ParOldGen       total 68608K, used 21831K [0x00000000c0000000, 0x00000000c4300000, 0x00000000eab00000)
  object space 68608K, 31% used [0x00000000c0000000,0x00000000c1551d00,0x00000000c4300000)
 Metaspace       used 43898K, committed 44736K, reserved 1089536K
  class space    used 4694K, committed 5056K, reserved 1048576K
}
Event: 5.930 GC heap before
{Heap before GC invocations=19 (full 2):
 PSYoungGen      total 21504K, used 21472K [0x00000000eab00000, 0x00000000ec980000, 0x0000000100000000)
  eden space 19456K, 100% used [0x00000000eab00000,0x00000000ebe00000,0x00000000ebe00000)
  from space 2048K, 98% used [0x00000000ec280000,0x00000000ec478010,0x00000000ec480000)
  to   space 4608K, 0% used [0x00000000ebe00000,0x00000000ebe00000,0x00000000ec280000)
 ParOldGen       total 68608K, used 21831K [0x00000000c0000000, 0x00000000c4300000, 0x00000000eab00000)
  object space 68608K, 31% used [0x00000000c0000000,0x00000000c1551d00,0x00000000c4300000)
 Metaspace       used 44128K, committed 44928K, reserved 1089536K
  class space    used 4727K, committed 5056K, reserved 1048576K
}
Event: 5.933 GC heap after
{Heap after GC invocations=19 (full 2):
 PSYoungGen      total 21504K, used 1632K [0x00000000eab00000, 0x00000000ec300000, 0x0000000100000000)
  eden space 19456K, 0% used [0x00000000eab00000,0x00000000eab00000,0x00000000ebe00000)
  from space 2048K, 79% used [0x00000000ebe00000,0x00000000ebf98000,0x00000000ec000000)
  to   space 2560K, 0% used [0x00000000ec080000,0x00000000ec080000,0x00000000ec300000)
 ParOldGen       total 68608K, used 23848K [0x00000000c0000000, 0x00000000c4300000, 0x00000000eab00000)
  object space 68608K, 34% used [0x00000000c0000000,0x00000000c174a3c0,0x00000000c4300000)
 Metaspace       used 44128K, committed 44928K, reserved 1089536K
  class space    used 4727K, committed 5056K, reserved 1048576K
}
Event: 5.957 GC heap before
{Heap before GC invocations=20 (full 2):
 PSYoungGen      total 21504K, used 21088K [0x00000000eab00000, 0x00000000ec300000, 0x0000000100000000)
  eden space 19456K, 100% used [0x00000000eab00000,0x00000000ebe00000,0x00000000ebe00000)
  from space 2048K, 79% used [0x00000000ebe00000,0x00000000ebf98000,0x00000000ec000000)
  to   space 2560K, 0% used [0x00000000ec080000,0x00000000ec080000,0x00000000ec300000)
 ParOldGen       total 68608K, used 23848K [0x00000000c0000000, 0x00000000c4300000, 0x00000000eab00000)
  object space 68608K, 34% used [0x00000000c0000000,0x00000000c174a3c0,0x00000000c4300000)
 Metaspace       used 44316K, committed 45184K, reserved 1089536K
  class space    used 4758K, committed 5120K, reserved 1048576K
}
Event: 5.960 GC heap after
{Heap after GC invocations=20 (full 2):
 PSYoungGen      total 21504K, used 1952K [0x00000000eab00000, 0x00000000ec280000, 0x0000000100000000)
  eden space 19456K, 0% used [0x00000000eab00000,0x00000000eab00000,0x00000000ebe00000)
  from space 2048K, 95% used [0x00000000ec080000,0x00000000ec268010,0x00000000ec280000)
  to   space 2048K, 0% used [0x00000000ebe00000,0x00000000ebe00000,0x00000000ec000000)
 ParOldGen       total 68608K, used 25424K [0x00000000c0000000, 0x00000000c4300000, 0x00000000eab00000)
  object space 68608K, 37% used [0x00000000c0000000,0x00000000c18d43c0,0x00000000c4300000)
 Metaspace       used 44316K, committed 45184K, reserved 1089536K
  class space    used 4758K, committed 5120K, reserved 1048576K
}
Event: 5.982 GC heap before
{Heap before GC invocations=21 (full 2):
 PSYoungGen      total 21504K, used 21408K [0x00000000eab00000, 0x00000000ec280000, 0x0000000100000000)
  eden space 19456K, 100% used [0x00000000eab00000,0x00000000ebe00000,0x00000000ebe00000)
  from space 2048K, 95% used [0x00000000ec080000,0x00000000ec268010,0x00000000ec280000)
  to   space 2048K, 0% used [0x00000000ebe00000,0x00000000ebe00000,0x00000000ec000000)
 ParOldGen       total 68608K, used 25424K [0x00000000c0000000, 0x00000000c4300000, 0x00000000eab00000)
  object space 68608K, 37% used [0x00000000c0000000,0x00000000c18d43c0,0x00000000c4300000)
 Metaspace       used 44542K, committed 45376K, reserved 1089536K
  class space    used 4795K, committed 5120K, reserved 1048576K
}
Event: 5.985 GC heap after
{Heap after GC invocations=21 (full 2):
 PSYoungGen      total 21504K, used 1728K [0x00000000eab00000, 0x00000000ec200000, 0x0000000100000000)
  eden space 19456K, 0% used [0x00000000eab00000,0x00000000eab00000,0x00000000ebe00000)
  from space 2048K, 84% used [0x00000000ebe00000,0x00000000ebfb0000,0x00000000ec000000)
  to   space 2048K, 0% used [0x00000000ec000000,0x00000000ec000000,0x00000000ec200000)
 ParOldGen       total 68608K, used 27311K [0x00000000c0000000, 0x00000000c4300000, 0x00000000eab00000)
  object space 68608K, 39% used [0x00000000c0000000,0x00000000c1aabc50,0x00000000c4300000)
 Metaspace       used 44542K, committed 45376K, reserved 1089536K
  class space    used 4795K, committed 5120K, reserved 1048576K
}
Event: 6.015 GC heap before
{Heap before GC invocations=22 (full 2):
 PSYoungGen      total 21504K, used 21184K [0x00000000eab00000, 0x00000000ec200000, 0x0000000100000000)
  eden space 19456K, 100% used [0x00000000eab00000,0x00000000ebe00000,0x00000000ebe00000)
  from space 2048K, 84% used [0x00000000ebe00000,0x00000000ebfb0000,0x00000000ec000000)
  to   space 2048K, 0% used [0x00000000ec000000,0x00000000ec000000,0x00000000ec200000)
 ParOldGen       total 68608K, used 27311K [0x00000000c0000000, 0x00000000c4300000, 0x00000000eab00000)
  object space 68608K, 39% used [0x00000000c0000000,0x00000000c1aabc50,0x00000000c4300000)
 Metaspace       used 44856K, committed 45696K, reserved 1097728K
  class space    used 4834K, committed 5184K, reserved 1048576K
}
Event: 6.018 GC heap after
{Heap after GC invocations=22 (full 2):
 PSYoungGen      total 20992K, used 2048K [0x00000000eab00000, 0x00000000ec300000, 0x0000000100000000)
  eden space 18944K, 0% used [0x00000000eab00000,0x00000000eab00000,0x00000000ebd80000)
  from space 2048K, 100% used [0x00000000ec000000,0x00000000ec200000,0x00000000ec200000)
  to   space 2560K, 0% used [0x00000000ebd80000,0x00000000ebd80000,0x00000000ec000000)
 ParOldGen       total 68608K, used 28943K [0x00000000c0000000, 0x00000000c4300000, 0x00000000eab00000)
  object space 68608K, 42% used [0x00000000c0000000,0x00000000c1c43c50,0x00000000c4300000)
 Metaspace       used 44856K, committed 45696K, reserved 1097728K
  class space    used 4834K, committed 5184K, reserved 1048576K
}
Event: 6.266 GC heap before
{Heap before GC invocations=23 (full 2):
 PSYoungGen      total 20992K, used 20992K [0x00000000eab00000, 0x00000000ec300000, 0x0000000100000000)
  eden space 18944K, 100% used [0x00000000eab00000,0x00000000ebd80000,0x00000000ebd80000)
  from space 2048K, 100% used [0x00000000ec000000,0x00000000ec200000,0x00000000ec200000)
  to   space 2560K, 0% used [0x00000000ebd80000,0x00000000ebd80000,0x00000000ec000000)
 ParOldGen       total 68608K, used 28943K [0x00000000c0000000, 0x00000000c4300000, 0x00000000eab00000)
  object space 68608K, 42% used [0x00000000c0000000,0x00000000c1c43c50,0x00000000c4300000)
 Metaspace       used 46579K, committed 47424K, reserved 1097728K
  class space    used 5022K, committed 5376K, reserved 1048576K
}
Event: 6.269 GC heap after
{Heap after GC invocations=23 (full 2):
 PSYoungGen      total 20480K, used 1184K [0x00000000eab00000, 0x00000000ec080000, 0x0000000100000000)
  eden space 18944K, 0% used [0x00000000eab00000,0x00000000eab00000,0x00000000ebd80000)
  from space 1536K, 77% used [0x00000000ebd80000,0x00000000ebea8000,0x00000000ebf00000)
  to   space 1536K, 0% used [0x00000000ebf00000,0x00000000ebf00000,0x00000000ec080000)
 ParOldGen       total 68608K, used 30907K [0x00000000c0000000, 0x00000000c4300000, 0x00000000eab00000)
  object space 68608K, 45% used [0x00000000c0000000,0x00000000c1e2efa8,0x00000000c4300000)
 Metaspace       used 46579K, committed 47424K, reserved 1097728K
  class space    used 5022K, committed 5376K, reserved 1048576K
}
Event: 6.525 GC heap before
{Heap before GC invocations=24 (full 2):
 PSYoungGen      total 20480K, used 20128K [0x00000000eab00000, 0x00000000ec080000, 0x0000000100000000)
  eden space 18944K, 100% used [0x00000000eab00000,0x00000000ebd80000,0x00000000ebd80000)
  from space 1536K, 77% used [0x00000000ebd80000,0x00000000ebea8000,0x00000000ebf00000)
  to   space 1536K, 0% used [0x00000000ebf00000,0x00000000ebf00000,0x00000000ec080000)
 ParOldGen       total 68608K, used 30907K [0x00000000c0000000, 0x00000000c4300000, 0x00000000eab00000)
  object space 68608K, 45% used [0x00000000c0000000,0x00000000c1e2efa8,0x00000000c4300000)
 Metaspace       used 47157K, committed 48064K, reserved 1097728K
  class space    used 5087K, committed 5504K, reserved 1048576K
}
Event: 6.527 GC heap after
{Heap after GC invocations=24 (full 2):
 PSYoungGen      total 19456K, used 288K [0x00000000eab00000, 0x00000000ebf80000, 0x0000000100000000)
  eden space 18944K, 0% used [0x00000000eab00000,0x00000000eab00000,0x00000000ebd80000)
  from space 512K, 56% used [0x00000000ebf00000,0x00000000ebf48000,0x00000000ebf80000)
  to   space 1024K, 0% used [0x00000000ebd80000,0x00000000ebd80000,0x00000000ebe80000)
 ParOldGen       total 68608K, used 32007K [0x00000000c0000000, 0x00000000c4300000, 0x00000000eab00000)
  object space 68608K, 46% used [0x00000000c0000000,0x00000000c1f41cb8,0x00000000c4300000)
 Metaspace       used 47157K, committed 48064K, reserved 1097728K
  class space    used 5087K, committed 5504K, reserved 1048576K
}
Event: 6.716 GC heap before
{Heap before GC invocations=25 (full 2):
 PSYoungGen      total 19456K, used 19232K [0x00000000eab00000, 0x00000000ebf80000, 0x0000000100000000)
  eden space 18944K, 100% used [0x00000000eab00000,0x00000000ebd80000,0x00000000ebd80000)
  from space 512K, 56% used [0x00000000ebf00000,0x00000000ebf48000,0x00000000ebf80000)
  to   space 1024K, 0% used [0x00000000ebd80000,0x00000000ebd80000,0x00000000ebe80000)
 ParOldGen       total 68608K, used 32007K [0x00000000c0000000, 0x00000000c4300000, 0x00000000eab00000)
  object space 68608K, 46% used [0x00000000c0000000,0x00000000c1f41cb8,0x00000000c4300000)
 Metaspace       used 48581K, committed 49472K, reserved 1097728K
  class space    used 5329K, committed 5696K, reserved 1048576K
}
Event: 6.719 GC heap after
{Heap after GC invocations=25 (full 2):
 PSYoungGen      total 19968K, used 1021K [0x00000000eab00000, 0x00000000ebf80000, 0x0000000100000000)
  eden space 18944K, 0% used [0x00000000eab00000,0x00000000eab00000,0x00000000ebd80000)
  from space 1024K, 99% used [0x00000000ebd80000,0x00000000ebe7f718,0x00000000ebe80000)
  to   space 512K, 0% used [0x00000000ebf00000,0x00000000ebf00000,0x00000000ebf80000)
 ParOldGen       total 68608K, used 37722K [0x00000000c0000000, 0x00000000c4300000, 0x00000000eab00000)
  object space 68608K, 54% used [0x00000000c0000000,0x00000000c24d68f0,0x00000000c4300000)
 Metaspace       used 48581K, committed 49472K, reserved 1097728K
  class space    used 5329K, committed 5696K, reserved 1048576K
}
Event: 6.940 GC heap before
{Heap before GC invocations=26 (full 2):
 PSYoungGen      total 19968K, used 19965K [0x00000000eab00000, 0x00000000ebf80000, 0x0000000100000000)
  eden space 18944K, 100% used [0x00000000eab00000,0x00000000ebd80000,0x00000000ebd80000)
  from space 1024K, 99% used [0x00000000ebd80000,0x00000000ebe7f718,0x00000000ebe80000)
  to   space 512K, 0% used [0x00000000ebf00000,0x00000000ebf00000,0x00000000ebf80000)
 ParOldGen       total 68608K, used 37722K [0x00000000c0000000, 0x00000000c4300000, 0x00000000eab00000)
  object space 68608K, 54% used [0x00000000c0000000,0x00000000c24d68f0,0x00000000c4300000)
 Metaspace       used 50061K, committed 51008K, reserved 1097728K
  class space    used 5583K, committed 6016K, reserved 1048576K
}
Event: 6.941 GC heap after
{Heap after GC invocations=26 (full 2):
 PSYoungGen      total 19456K, used 512K [0x00000000eab00000, 0x00000000ebf80000, 0x0000000100000000)
  eden space 18944K, 0% used [0x00000000eab00000,0x00000000eab00000,0x00000000ebd80000)
  from space 512K, 100% used [0x00000000ebf00000,0x00000000ebf80000,0x00000000ebf80000)
  to   space 1024K, 0% used [0x00000000ebd80000,0x00000000ebd80000,0x00000000ebe80000)
 ParOldGen       total 68608K, used 38795K [0x00000000c0000000, 0x00000000c4300000, 0x00000000eab00000)
  object space 68608K, 56% used [0x00000000c0000000,0x00000000c25e2f10,0x00000000c4300000)
 Metaspace       used 50061K, committed 51008K, reserved 1097728K
  class space    used 5583K, committed 6016K, reserved 1048576K
}
Event: 7.131 GC heap before
{Heap before GC invocations=27 (full 2):
 PSYoungGen      total 19456K, used 19456K [0x00000000eab00000, 0x00000000ebf80000, 0x0000000100000000)
  eden space 18944K, 100% used [0x00000000eab00000,0x00000000ebd80000,0x00000000ebd80000)
  from space 512K, 100% used [0x00000000ebf00000,0x00000000ebf80000,0x00000000ebf80000)
  to   space 1024K, 0% used [0x00000000ebd80000,0x00000000ebd80000,0x00000000ebe80000)
 ParOldGen       total 68608K, used 38795K [0x00000000c0000000, 0x00000000c4300000, 0x00000000eab00000)
  object space 68608K, 56% used [0x00000000c0000000,0x00000000c25e2f10,0x00000000c4300000)
 Metaspace       used 50086K, committed 51008K, reserved 1097728K
  class space    used 5583K, committed 6016K, reserved 1048576K
}
Event: 7.133 GC heap after
{Heap after GC invocations=27 (full 2):
 PSYoungGen      total 19968K, used 1011K [0x00000000eab00000, 0x00000000ebf80000, 0x0000000100000000)
  eden space 18944K, 0% used [0x00000000eab00000,0x00000000eab00000,0x00000000ebd80000)
  from space 1024K, 98% used [0x00000000ebd80000,0x00000000ebe7cfa0,0x00000000ebe80000)
  to   space 512K, 0% used [0x00000000ebf00000,0x00000000ebf00000,0x00000000ebf80000)
 ParOldGen       total 68608K, used 40740K [0x00000000c0000000, 0x00000000c4300000, 0x00000000eab00000)
  object space 68608K, 59% used [0x00000000c0000000,0x00000000c27c91e8,0x00000000c4300000)
 Metaspace       used 50086K, committed 51008K, reserved 1097728K
  class space    used 5583K, committed 6016K, reserved 1048576K
}

Deoptimization events (20 events):
Event: 7.031 Thread 0x000002a5a2c89080 DEOPT PACKING pc=0x000002a58e2d609e sp=0x000000f63bafc4a0
Event: 7.031 Thread 0x000002a5a2c89080 DEOPT UNPACKING pc=0x000002a58d652843 sp=0x000000f63bafb990 mode 0
Event: 7.052 Thread 0x000002a5a2c89080 DEOPT PACKING pc=0x000002a58e2d609e sp=0x000000f63bafc4a0
Event: 7.052 Thread 0x000002a5a2c89080 DEOPT UNPACKING pc=0x000002a58d652843 sp=0x000000f63bafb990 mode 0
Event: 7.070 Thread 0x000002a5a2c89080 DEOPT PACKING pc=0x000002a58e2d609e sp=0x000000f63bafc4a0
Event: 7.070 Thread 0x000002a5a2c89080 DEOPT UNPACKING pc=0x000002a58d652843 sp=0x000000f63bafb990 mode 0
Event: 7.139 Thread 0x000002a5a2c89080 Uncommon trap: trap_request=0xffffff45 fr.pc=0x000002a5952fe40c relative=0x0000000000000b6c
Event: 7.139 Thread 0x000002a5a2c89080 Uncommon trap: reason=unstable_if action=reinterpret pc=0x000002a5952fe40c method=java.util.jar.JarFile.match([B[B[B[B)I @ 52 c2
Event: 7.139 Thread 0x000002a5a2c89080 DEOPT PACKING pc=0x000002a5952fe40c sp=0x000000f63bafbfa0
Event: 7.139 Thread 0x000002a5a2c89080 DEOPT UNPACKING pc=0x000002a58d6520a3 sp=0x000000f63bafbe98 mode 2
Event: 7.139 Thread 0x000002a5a2c89080 Uncommon trap: trap_request=0x00000054 fr.pc=0x000002a59530839c relative=0x000000000000015c
Event: 7.139 Thread 0x000002a5a2c89080 Uncommon trap: reason=unloaded action=reinterpret pc=0x000002a59530839c method=java.security.AccessController.wrapException(Ljava/lang/Exception;)Ljava/security/PrivilegedActionException; @ 0 c2
Event: 7.140 Thread 0x000002a5a2c89080 DEOPT PACKING pc=0x000002a59530839c sp=0x000000f63bafc1c0
Event: 7.140 Thread 0x000002a5a2c89080 DEOPT UNPACKING pc=0x000002a58d6520a3 sp=0x000000f63bafc088 mode 2
Event: 7.157 Thread 0x000002a5a2c89080 DEOPT PACKING pc=0x000002a58dbff809 sp=0x000000f63bafc620
Event: 7.157 Thread 0x000002a5a2c89080 DEOPT UNPACKING pc=0x000002a58d652843 sp=0x000000f63bafbb18 mode 0
Event: 7.160 Thread 0x000002a5a2c89080 DEOPT PACKING pc=0x000002a58dbff809 sp=0x000000f63bafc620
Event: 7.160 Thread 0x000002a5a2c89080 DEOPT UNPACKING pc=0x000002a58d652843 sp=0x000000f63bafbb18 mode 0
Event: 7.216 Thread 0x000002a5a2c89080 DEOPT PACKING pc=0x000002a58e0353ce sp=0x000000f63baf8a60
Event: 7.216 Thread 0x000002a5a2c89080 DEOPT UNPACKING pc=0x000002a58d652843 sp=0x000000f63baf7f70 mode 0

Classes unloaded (7 events):
Event: 3.620 Thread 0x000002a59ef38010 Unloading class 0x0000000100218800 'java/lang/invoke/LambdaForm$MH+0x0000000100218800'
Event: 3.620 Thread 0x000002a59ef38010 Unloading class 0x0000000100218400 'java/lang/invoke/LambdaForm$MH+0x0000000100218400'
Event: 3.620 Thread 0x000002a59ef38010 Unloading class 0x0000000100218000 'java/lang/invoke/LambdaForm$MH+0x0000000100218000'
Event: 3.620 Thread 0x000002a59ef38010 Unloading class 0x0000000100217800 'java/lang/invoke/LambdaForm$MH+0x0000000100217800'
Event: 3.620 Thread 0x000002a59ef38010 Unloading class 0x0000000100217400 'java/lang/invoke/LambdaForm$BMH+0x0000000100217400'
Event: 3.620 Thread 0x000002a59ef38010 Unloading class 0x0000000100217000 'java/lang/invoke/LambdaForm$DMH+0x0000000100217000'
Event: 3.620 Thread 0x000002a59ef38010 Unloading class 0x0000000100214400 'java/lang/invoke/LambdaForm$DMH+0x0000000100214400'

Classes redefined (0 events):
No events

Internal exceptions (20 events):
Event: 6.467 Thread 0x000002a5a2c89550 Exception <a 'sun/nio/fs/WindowsException'{0x00000000eba05ce0}> (0x00000000eba05ce0) 
thrown [s\src\hotspot\share\prims\jni.cpp, line 516]
Event: 6.467 Thread 0x000002a5a2c89550 Exception <a 'sun/nio/fs/WindowsException'{0x00000000eba063e0}> (0x00000000eba063e0) 
thrown [s\src\hotspot\share\prims\jni.cpp, line 516]
Event: 6.468 Thread 0x000002a5a2c89550 Exception <a 'sun/nio/fs/WindowsException'{0x00000000eba0e488}> (0x00000000eba0e488) 
thrown [s\src\hotspot\share\prims\jni.cpp, line 516]
Event: 6.468 Thread 0x000002a5a2c89550 Exception <a 'sun/nio/fs/WindowsException'{0x00000000eba0eb50}> (0x00000000eba0eb50) 
thrown [s\src\hotspot\share\prims\jni.cpp, line 516]
Event: 6.468 Thread 0x000002a5a2c89550 Exception <a 'sun/nio/fs/WindowsException'{0x00000000eba0f218}> (0x00000000eba0f218) 
thrown [s\src\hotspot\share\prims\jni.cpp, line 516]
Event: 6.468 Thread 0x000002a5a2c89550 Exception <a 'sun/nio/fs/WindowsException'{0x00000000eba0f900}> (0x00000000eba0f900) 
thrown [s\src\hotspot\share\prims\jni.cpp, line 516]
Event: 6.468 Thread 0x000002a5a2c89550 Exception <a 'sun/nio/fs/WindowsException'{0x00000000eba17120}> (0x00000000eba17120) 
thrown [s\src\hotspot\share\prims\jni.cpp, line 516]
Event: 6.468 Thread 0x000002a5a2c89550 Exception <a 'sun/nio/fs/WindowsException'{0x00000000eba17788}> (0x00000000eba17788) 
thrown [s\src\hotspot\share\prims\jni.cpp, line 516]
Event: 6.468 Thread 0x000002a5a2c89550 Exception <a 'sun/nio/fs/WindowsException'{0x00000000eba17df0}> (0x00000000eba17df0) 
thrown [s\src\hotspot\share\prims\jni.cpp, line 516]
Event: 6.468 Thread 0x000002a5a2c89550 Exception <a 'sun/nio/fs/WindowsException'{0x00000000eba18478}> (0x00000000eba18478) 
thrown [s\src\hotspot\share\prims\jni.cpp, line 516]
Event: 6.468 Thread 0x000002a5a2c89550 Exception <a 'sun/nio/fs/WindowsException'{0x00000000eba1fbd8}> (0x00000000eba1fbd8) 
thrown [s\src\hotspot\share\prims\jni.cpp, line 516]
Event: 6.468 Thread 0x000002a5a2c89550 Exception <a 'sun/nio/fs/WindowsException'{0x00000000eba20240}> (0x00000000eba20240) 
thrown [s\src\hotspot\share\prims\jni.cpp, line 516]
Event: 6.468 Thread 0x000002a5a2c89550 Exception <a 'sun/nio/fs/WindowsException'{0x00000000eba208a8}> (0x00000000eba208a8) 
thrown [s\src\hotspot\share\prims\jni.cpp, line 516]
Event: 6.468 Thread 0x000002a5a2c89550 Exception <a 'sun/nio/fs/WindowsException'{0x00000000eba20f30}> (0x00000000eba20f30) 
thrown [s\src\hotspot\share\prims\jni.cpp, line 516]
Event: 6.468 Thread 0x000002a5a2c89550 Exception <a 'sun/nio/fs/WindowsException'{0x00000000eba26830}> (0x00000000eba26830) 
thrown [s\src\hotspot\share\prims\jni.cpp, line 516]
Event: 6.468 Thread 0x000002a5a2c89550 Exception <a 'sun/nio/fs/WindowsException'{0x00000000eba26e70}> (0x00000000eba26e70) 
thrown [s\src\hotspot\share\prims\jni.cpp, line 516]
Event: 6.468 Thread 0x000002a5a2c89550 Exception <a 'sun/nio/fs/WindowsException'{0x00000000eba274c0}> (0x00000000eba274c0) 
thrown [s\src\hotspot\share\prims\jni.cpp, line 516]
Event: 6.469 Thread 0x000002a5a2c89550 Exception <a 'sun/nio/fs/WindowsException'{0x00000000eba27b20}> (0x00000000eba27b20) 
thrown [s\src\hotspot\share\prims\jni.cpp, line 516]
Event: 6.773 Thread 0x000002a5a2c89080 Exception <a 'java/lang/NoSuchMethodError'{0x00000000eaf724f8}: 'java.lang.Object java.lang.invoke.DirectMethodHandle$Holder.invokeVirtual(java.lang.Object, java.lang.Object, java.lang.Object, java.lang.Object, java.lang.Object, java.lang.Object)'> (0x00000000eaf724f8) 
thrown [s\src\hotspot\share\interpreter\linkResolver.cpp, line 759]
Event: 6.905 Thread 0x000002a5a2c89080 Exception <a 'java/lang/NoSuchMethodError'{0x00000000eba4ddd8}: 'int java.lang.invoke.DirectMethodHandle$Holder.invokeSpecial(java.lang.Object, java.lang.Object, java.lang.Object, java.lang.Object)'> (0x00000000eba4ddd8) 
thrown [s\src\hotspot\share\interpreter\linkResolver.cpp, line 759]

VM Operations (20 events):
Event: 6.044 Executing VM operation: HandshakeAllThreads
Event: 6.044 Executing VM operation: HandshakeAllThreads done
Event: 6.149 Executing VM operation: HandshakeAllThreads
Event: 6.149 Executing VM operation: HandshakeAllThreads done
Event: 6.236 Executing VM operation: ICBufferFull
Event: 6.247 Executing VM operation: ICBufferFull done
Event: 6.266 Executing VM operation: ParallelGCFailedAllocation
Event: 6.269 Executing VM operation: ParallelGCFailedAllocation done
Event: 6.525 Executing VM operation: ParallelGCFailedAllocation
Event: 6.527 Executing VM operation: ParallelGCFailedAllocation done
Event: 6.626 Executing VM operation: HandshakeAllThreads
Event: 6.627 Executing VM operation: HandshakeAllThreads done
Event: 6.716 Executing VM operation: ParallelGCFailedAllocation
Event: 6.719 Executing VM operation: ParallelGCFailedAllocation done
Event: 6.940 Executing VM operation: ParallelGCFailedAllocation
Event: 6.941 Executing VM operation: ParallelGCFailedAllocation done
Event: 7.131 Executing VM operation: ParallelGCFailedAllocation
Event: 7.133 Executing VM operation: ParallelGCFailedAllocation done
Event: 7.140 Executing VM operation: HandshakeAllThreads
Event: 7.140 Executing VM operation: HandshakeAllThreads done

Events (20 events):
Event: 6.587 loading class java/util/concurrent/ArrayBlockingQueue done
Event: 6.598 Thread 0x000002a5a2c89080 Thread added: 0x000002a5a2c89080
Event: 6.598 loading class java/util/concurrent/ForkJoinWorkerThread
Event: 6.598 loading class java/util/concurrent/ForkJoinWorkerThread done
Event: 6.617 loading class java/lang/StrictMath
Event: 6.617 loading class java/lang/StrictMath done
Event: 6.622 loading class java/io/FileFilter
Event: 6.622 loading class java/io/FileFilter done
Event: 6.629 loading class java/util/concurrent/ConcurrentHashMap$ValueSpliterator
Event: 6.629 loading class java/util/concurrent/ConcurrentHashMap$ValueSpliterator done
Event: 6.630 loading class java/util/stream/Streams$ConcatSpliterator$OfRef
Event: 6.630 loading class java/util/stream/Streams$ConcatSpliterator
Event: 6.630 loading class java/util/stream/Streams$ConcatSpliterator done
Event: 6.630 loading class java/util/stream/Streams$ConcatSpliterator$OfRef done
Event: 6.630 loading class java/util/stream/Streams$2
Event: 6.630 loading class java/util/stream/Streams$2 done
Event: 6.631 loading class jdk/internal/loader/BootLoader$PackageHelper
Event: 6.631 loading class jdk/internal/loader/BootLoader$PackageHelper done
Event: 6.783 Loaded shared library C:\Users\klaus\.gradle\native\49d0259a56938c7f99b2704e745ce422c4f750a7a20b539a32ccef96729676b1\windows-amd64\native-platform.dll
Event: 6.789 Loaded shared library C:\Users\klaus\.gradle\native\12488b8bf47d2d4c9fbf2f6322a914ad602e24e48041cd04a747c6da556b65c4\windows-amd64\native-platform-file-events.dll


Dynamic libraries:
0x00007ff6e4d60000 - 0x00007ff6e4d6e000 	c:\Users\klaus\.vscode\extensions\redhat.java-1.11.0-win32-x64\jre\17.0.4.1-win32-x86_64\bin\java.exe
0x00007fff656e0000 - 0x00007fff658ef000 	C:\WINDOWS\SYSTEM32\ntdll.dll
0x00007fff64b00000 - 0x00007fff64bbd000 	C:\WINDOWS\System32\KERNEL32.DLL
0x00007fff62d00000 - 0x00007fff6308e000 	C:\WINDOWS\System32\KERNELBASE.dll
0x00007fff63420000 - 0x00007fff63531000 	C:\WINDOWS\System32\ucrtbase.dll
0x00007fff4e320000 - 0x00007fff4e338000 	c:\Users\klaus\.vscode\extensions\redhat.java-1.11.0-win32-x64\jre\17.0.4.1-win32-x86_64\bin\jli.dll
0x00007fff63ee0000 - 0x00007fff6408a000 	C:\WINDOWS\System32\USER32.dll
0x00007fff630f0000 - 0x00007fff63116000 	C:\WINDOWS\System32\win32u.dll
0x00007fff63b60000 - 0x00007fff63b89000 	C:\WINDOWS\System32\GDI32.dll
0x00007fff63300000 - 0x00007fff63417000 	C:\WINDOWS\System32\gdi32full.dll
0x00007fff63260000 - 0x00007fff632fa000 	C:\WINDOWS\System32\msvcp_win.dll
0x00007fff4e070000 - 0x00007fff4e089000 	c:\Users\klaus\.vscode\extensions\redhat.java-1.11.0-win32-x64\jre\17.0.4.1-win32-x86_64\bin\VCRUNTIME140.dll
0x00007fff56be0000 - 0x00007fff56e81000 	C:\WINDOWS\WinSxS\amd64_microsoft.windows.common-controls_6595b64144ccf1df_6.0.22526.1000_none_27d3c5d6f3f929f2\COMCTL32.dll
0x00007fff64090000 - 0x00007fff64134000 	C:\WINDOWS\System32\msvcrt.dll
0x00007fff652a0000 - 0x00007fff652d1000 	C:\WINDOWS\System32\IMM32.DLL
0x00007fff5a130000 - 0x00007fff5a13c000 	c:\Users\klaus\.vscode\extensions\redhat.java-1.11.0-win32-x64\jre\17.0.4.1-win32-x86_64\bin\vcruntime140_1.dll
0x00007fff0e050000 - 0x00007fff0e0e1000 	c:\Users\klaus\.vscode\extensions\redhat.java-1.11.0-win32-x64\jre\17.0.4.1-win32-x86_64\bin\msvcp140.dll
0x00007ffeda7c0000 - 0x00007ffedb406000 	c:\Users\klaus\.vscode\extensions\redhat.java-1.11.0-win32-x64\jre\17.0.4.1-win32-x86_64\bin\server\jvm.dll
0x00007fff652e0000 - 0x00007fff6538e000 	C:\WINDOWS\System32\ADVAPI32.dll
0x00007fff63e20000 - 0x00007fff63ec2000 	C:\WINDOWS\System32\sechost.dll
0x00007fff64ce0000 - 0x00007fff64dff000 	C:\WINDOWS\System32\RPCRT4.dll
0x00007fff63b90000 - 0x00007fff63b98000 	C:\WINDOWS\System32\PSAPI.DLL
0x00007fff5ad40000 - 0x00007fff5ad49000 	C:\WINDOWS\SYSTEM32\WSOCK32.dll
0x00007fff63ae0000 - 0x00007fff63b51000 	C:\WINDOWS\System32\WS2_32.dll
0x00007fff5bc40000 - 0x00007fff5bc74000 	C:\WINDOWS\SYSTEM32\WINMM.dll
0x00007fff58e40000 - 0x00007fff58e4a000 	C:\WINDOWS\SYSTEM32\VERSION.dll
0x00007fff61c10000 - 0x00007fff61c28000 	C:\WINDOWS\SYSTEM32\kernel.appcore.dll
0x00007fff59210000 - 0x00007fff5921a000 	c:\Users\klaus\.vscode\extensions\redhat.java-1.11.0-win32-x64\jre\17.0.4.1-win32-x86_64\bin\jimage.dll
0x00007fff605e0000 - 0x00007fff60806000 	C:\WINDOWS\SYSTEM32\DBGHELP.DLL
0x00007fff63760000 - 0x00007fff63adc000 	C:\WINDOWS\System32\combase.dll
0x00007fff63620000 - 0x00007fff636f7000 	C:\WINDOWS\System32\OLEAUT32.dll
0x00007fff4f780000 - 0x00007fff4f7b1000 	C:\WINDOWS\SYSTEM32\dbgcore.DLL
0x00007fff63120000 - 0x00007fff6319b000 	C:\WINDOWS\System32\bcryptPrimitives.dll
0x00007fff58b60000 - 0x00007fff58b6e000 	c:\Users\klaus\.vscode\extensions\redhat.java-1.11.0-win32-x64\jre\17.0.4.1-win32-x86_64\bin\instrument.dll
0x00007fff4d3d0000 - 0x00007fff4d3f5000 	c:\Users\klaus\.vscode\extensions\redhat.java-1.11.0-win32-x64\jre\17.0.4.1-win32-x86_64\bin\java.dll
0x00007fff4d350000 - 0x00007fff4d368000 	c:\Users\klaus\.vscode\extensions\redhat.java-1.11.0-win32-x64\jre\17.0.4.1-win32-x86_64\bin\zip.dll
0x00007fff64330000 - 0x00007fff64ae8000 	C:\WINDOWS\System32\SHELL32.dll
0x00007fff60c40000 - 0x00007fff61496000 	C:\WINDOWS\SYSTEM32\windows.storage.dll
0x00007fff60b00000 - 0x00007fff60c3c000 	C:\WINDOWS\SYSTEM32\wintypes.dll
0x00007fff63c00000 - 0x00007fff63cf1000 	C:\WINDOWS\System32\SHCORE.dll
0x00007fff63ba0000 - 0x00007fff63bfb000 	C:\WINDOWS\System32\shlwapi.dll
0x00007fff62ad0000 - 0x00007fff62af1000 	C:\WINDOWS\SYSTEM32\profapi.dll
0x00007fff4e020000 - 0x00007fff4e039000 	C:\Users\klaus\.vscode\extensions\redhat.java-1.11.0-win32-x64\jre\17.0.4.1-win32-x86_64\bin\net.dll
0x00007fff5be70000 - 0x00007fff5bf82000 	C:\WINDOWS\SYSTEM32\WINHTTP.dll
0x00007fff620a0000 - 0x00007fff62109000 	C:\WINDOWS\system32\mswsock.dll
0x00007fff4d1f0000 - 0x00007fff4d205000 	C:\Users\klaus\.vscode\extensions\redhat.java-1.11.0-win32-x64\jre\17.0.4.1-win32-x86_64\bin\nio.dll
0x00007fff58970000 - 0x00007fff58980000 	c:\Users\klaus\.vscode\extensions\redhat.java-1.11.0-win32-x64\jre\17.0.4.1-win32-x86_64\bin\verify.dll
0x00007fff492c0000 - 0x00007fff492fe000 	C:\Users\klaus\AppData\Roaming\Code\User\globalStorage\redhat.java\1.11.0\config_win\org.eclipse.equinox.launcher\org.eclipse.equinox.launcher.win32.win32.x86_64_1.2.600.v20220720-1916\eclipse_11700.dll
0x00007fff65500000 - 0x00007fff65699000 	C:\WINDOWS\System32\ole32.dll
0x00007fff622f0000 - 0x00007fff62308000 	C:\WINDOWS\SYSTEM32\CRYPTSP.dll
0x00007fff61b70000 - 0x00007fff61ba5000 	C:\WINDOWS\system32\rsaenh.dll
0x00007fff621a0000 - 0x00007fff621c9000 	C:\WINDOWS\SYSTEM32\USERENV.dll
0x00007fff624f0000 - 0x00007fff62518000 	C:\WINDOWS\SYSTEM32\bcrypt.dll
0x00007fff62310000 - 0x00007fff6231c000 	C:\WINDOWS\SYSTEM32\CRYPTBASE.dll
0x00007fff616e0000 - 0x00007fff6170d000 	C:\WINDOWS\SYSTEM32\IPHLPAPI.DLL
0x00007fff63ed0000 - 0x00007fff63ed9000 	C:\WINDOWS\System32\NSI.dll
0x00007fff5a7f0000 - 0x00007fff5a809000 	C:\WINDOWS\SYSTEM32\dhcpcsvc6.DLL
0x00007fff5a670000 - 0x00007fff5a68e000 	C:\WINDOWS\SYSTEM32\dhcpcsvc.DLL
0x00007fff61710000 - 0x00007fff61808000 	C:\WINDOWS\SYSTEM32\DNSAPI.dll
0x00007fff34f40000 - 0x00007fff34f84000 	C:\Users\klaus\AppData\Local\Temp\jna-102131134\jna16745405956284364414.dll
0x00007fff45c80000 - 0x00007fff45ca7000 	C:\Users\klaus\.gradle\native\49d0259a56938c7f99b2704e745ce422c4f750a7a20b539a32ccef96729676b1\windows-amd64\native-platform.dll
0x00007fff046c0000 - 0x00007fff04856000 	C:\Users\klaus\.gradle\native\12488b8bf47d2d4c9fbf2f6322a914ad602e24e48041cd04a747c6da556b65c4\windows-amd64\native-platform-file-events.dll

dbghelp: loaded successfully - version: 4.0.5 - missing functions: none
symbol engine: initialized successfully - sym options: 0x614 - pdb path: .;c:\Users\klaus\.vscode\extensions\redhat.java-1.11.0-win32-x64\jre\17.0.4.1-win32-x86_64\bin;C:\WINDOWS\SYSTEM32;C:\WINDOWS\WinSxS\amd64_microsoft.windows.common-controls_6595b64144ccf1df_6.0.22526.1000_none_27d3c5d6f3f929f2;c:\Users\klaus\.vscode\extensions\redhat.java-1.11.0-win32-x64\jre\17.0.4.1-win32-x86_64\bin\server;C:\Users\klaus\AppData\Roaming\Code\User\globalStorage\redhat.java\1.11.0\config_win\org.eclipse.equinox.launcher\org.eclipse.equinox.launcher.win32.win32.x86_64_1.2.600.v20220720-1916;C:\Users\klaus\AppData\Local\Temp\jna-102131134;C:\Users\klaus\.gradle\native\49d0259a56938c7f99b2704e745ce422c4f750a7a20b539a32ccef96729676b1\windows-amd64;C:\Users\klaus\.gradle\native\12488b8bf47d2d4c9fbf2f6322a914ad602e24e48041cd04a747c6da556b65c4\windows-amd64

VM Arguments:
jvm_args: --add-modules=ALL-SYSTEM --add-opens=java.base/java.util=ALL-UNNAMED --add-opens=java.base/java.lang=ALL-UNNAMED --add-opens=java.base/sun.nio.fs=ALL-UNNAMED -Declipse.application=org.eclipse.jdt.ls.core.id1 -Dosgi.bundles.defaultStartLevel=4 -Declipse.product=org.eclipse.jdt.ls.core.product -Djava.import.generatesMetadataFilesAtProjectRoot=false -Dfile.encoding=utf8 -DwatchParentProcess=false -XX:+UseParallelGC -XX:GCTimeRatio=4 -XX:AdaptiveSizePolicyWeight=90 -Dsun.zip.disableMemoryMapping=true -Xmx1G -Xms100m -Xlog:disable -javaagent:c:\Users\klaus\.vscode\extensions\redhat.java-1.11.0-win32-x64\lombok\lombok-1.18.24.jar -XX:+HeapDumpOnOutOfMemoryError -XX:HeapDumpPath=c:\Users\klaus\AppData\Roaming\Code\User\workspaceStorage\5e1848800e055d8d43f9c2570bf40327\redhat.java 
java_command: c:\Users\klaus\.vscode\extensions\redhat.java-1.11.0-win32-x64\server\plugins\org.eclipse.equinox.launcher_1.6.400.v20210924-0641.jar -configuration c:\Users\klaus\AppData\Roaming\Code\User\globalStorage\redhat.java\1.11.0\config_win -data c:\Users\klaus\AppData\Roaming\Code\User\workspaceStorage\5e1848800e055d8d43f9c2570bf40327\redhat.java\jdt_ws
java_class_path (initial): c:\Users\klaus\.vscode\extensions\redhat.java-1.11.0-win32-x64\server\plugins\org.eclipse.equinox.launcher_1.6.400.v20210924-0641.jar
Launcher Type: SUN_STANDARD

[Global flags]
    uintx AdaptiveSizePolicyWeight                 = 90                                        {product} {command line}
     intx CICompilerCount                          = 3                                         {product} {ergonomic}
    uintx GCTimeRatio                              = 4                                         {product} {command line}
     bool HeapDumpOnOutOfMemoryError               = true                                   {manageable} {command line}
    ccstr HeapDumpPath                             = c:\Users\klaus\AppData\Roaming\Code\User\workspaceStorage\5e1848800e055d8d43f9c2570bf40327\redhat.java         {manageable} {command line}
   size_t InitialHeapSize                          = 104857600                                 {product} {command line}
   size_t MaxHeapSize                              = 1073741824                                {product} {command line}
   size_t MaxNewSize                               = 357564416                                 {product} {ergonomic}
   size_t MinHeapDeltaBytes                        = 524288                                    {product} {ergonomic}
   size_t MinHeapSize                              = 104857600                                 {product} {command line}
   size_t NewSize                                  = 34603008                                  {product} {ergonomic}
    uintx NonNMethodCodeHeapSize                   = 5832780                                {pd product} {ergonomic}
    uintx NonProfiledCodeHeapSize                  = 122912730                              {pd product} {ergonomic}
   size_t OldSize                                  = 70254592                                  {product} {ergonomic}
    uintx ProfiledCodeHeapSize                     = 122912730                              {pd product} {ergonomic}
    uintx ReservedCodeCacheSize                    = 251658240                              {pd product} {ergonomic}
     bool SegmentedCodeCache                       = true                                      {product} {ergonomic}
   size_t SoftMaxHeapSize                          = 1073741824                             {manageable} {ergonomic}
     bool UseCompressedClassPointers               = true                           {product lp64_product} {ergonomic}
     bool UseCompressedOops                        = true                           {product lp64_product} {ergonomic}
     bool UseLargePagesIndividualAllocation        = false                                  {pd product} {ergonomic}
     bool UseParallelGC                            = true                                      {product} {command line}

Logging:
Log output configuration:
 #0: stdout all=off uptime,level,tags
 #1: stderr all=off uptime,level,tags

Environment Variables:
JAVA_HOME=C:\Users\klaus\AppData\Local\Programs\AdoptOpenJDK\jdk-11.0.11.9-hotspot\
PATH=C:\Program Files (x86)\Common Files\Oracle\Java\javapath;C:\Program Files\AdoptOpenJDK\jdk-8.0.292.10-hotspot\bin;C:\WINDOWS\system32;C:\WINDOWS;C:\WINDOWS\System32\Wbem;C:\WINDOWS\System32\WindowsPowerShell\v1.0\;C:\WINDOWS\System32\OpenSSH\;D:\03 Programminstallationen\Node\;D:\03 Programminstallationen\Git\cmd;C:\Users\klaus\AppData\Local\Programs\AdoptOpenJDK\jdk-11.0.11.9-hotspot\bin;C:\Users\klaus\AppData\Local\Microsoft\WindowsApps;;D:\03 Programminstallationen\Microsoft VS Code\bin;C:\Users\klaus\AppData\Roaming\npm
USERNAME=klaus
OS=Windows_NT
PROCESSOR_IDENTIFIER=AMD64 Family 23 Model 96 Stepping 1, AuthenticAMD
TMP=C:\Users\klaus\AppData\Local\Temp
TEMP=C:\Users\klaus\AppData\Local\Temp



---------------  S Y S T E M  ---------------

OS:
 Windows 11 , 64 bit Build 22526 (10.0.22526.1000)
OS uptime: 24 days 1:56 hours

CPU: total 6 (initial active 6) (6 cores per cpu, 1 threads per core) family 23 model 96 stepping 1 microcode 0x0, cx8, cmov, fxsr, mmx, 3dnowpref, sse, sse2, sse3, ssse3, sse4a, sse4.1, sse4.2, popcnt, lzcnt, tsc, tscinvbit, avx, avx2, aes, clmul, bmi1, bmi2, adx, sha, fma, vzeroupper, clflush, clflushopt

Memory: 4k page, system-wide physical 7564M (253M free)
TotalPageFile size 11598M (AvailPageFile size 0M)
current process WorkingSet (physical memory assigned to process): 216M, peak: 216M
current process commit charge ("private bytes"): 280M, peak: 287M

vm_info: OpenJDK 64-Bit Server VM (17.0.4.1+1) for windows-amd64 JRE (17.0.4.1+1), built on Aug 17 2022 07:42:43 by "temurin" with MS VC++ 16.7 (VS2019)

END.
