#
# There is insufficient memory for the Java Runtime Environment to continue.
# Native memory allocation (malloc) failed to allocate 1048176 bytes for Chunk::new
# Possible reasons:
#   The system is out of physical RAM or swap space
#   The process is running with CompressedOops enabled, and the Java Heap may be blocking the growth of the native heap
# Possible solutions:
#   Reduce memory load on the system
#   Increase physical memory or swap space
#   Check if swap backing store is full
#   Decrease Java heap size (-Xmx/-Xms)
#   Decrease number of Java threads
#   Decrease Java thread stack sizes (-Xss)
#   Set larger code cache with -XX:ReservedCodeCacheSize=
#   JVM is running with Unscaled Compressed Oops mode in which the Java heap is
#     placed in the first 4GB address space. The Java Heap base address is the
#     maximum limit for the native heap growth. Please use -XX:HeapBaseMinAddress
#     to set the Java Heap base and to place the Java Heap above 4GB virtual address.
# This output file may be truncated or incomplete.
#
#  Out of Memory Error (./src/hotspot/share/memory/arena.cpp:197), pid=13424, tid=14632
#
# JRE version: OpenJDK Runtime Environment AdoptOpenJDK-11.0.11+9 (11.0.11+9) (build 11.0.11+9)
# Java VM: OpenJDK 64-Bit Server VM AdoptOpenJDK-11.0.11+9 (11.0.11+9, mixed mode, tiered, compressed oops, g1 gc, windows-amd64)
# No core dump will be written. Minidumps are not enabled by default on client versions of Windows
#

---------------  S U M M A R Y ------------

Command Line: -XX:MaxPermSize=512m -XX:+HeapDumpOnOutOfMemoryError --add-opens=java.base/java.util=ALL-UNNAMED --add-opens=java.base/java.lang=ALL-UNNAMED --add-opens=java.base/java.lang.invoke=ALL-UNNAMED --add-opens=java.prefs/java.util.prefs=ALL-UNNAMED -Xmx2048m -Dfile.encoding=UTF-8 -Duser.country=DE -Duser.language=de -Duser.variant org.gradle.launcher.daemon.bootstrap.GradleDaemon 6.9

Host: AMD Ryzen 5 4500U with Radeon Graphics         , 6 cores, 7G,  Windows 10 , 64 bit Build 22526 (10.0.22526.1000)
Time: Sat Oct  8 15:02:04 2022 Mitteleuropäische Sommerzeit elapsed time: 32.643622 seconds (0d 0h 0m 32s)

---------------  T H R E A D  ---------------

Current thread (0x000002269384c000):  JavaThread "C2 CompilerThread0" daemon [_thread_in_native, id=14632, stack(0x000000ae85000000,0x000000ae85100000)]


Current CompileTask:
C2:  32643 6345       4       java.lang.Class::getMethodsRecursive (99 bytes)

Stack: [0x000000ae85000000,0x000000ae85100000]
Native frames: (J=compiled Java code, j=interpreted, Vv=VM code, C=native code)
V  [jvm.dll+0x5f7e5a]
V  [jvm.dll+0x77ff2e]
V  [jvm.dll+0x7815ff]
V  [jvm.dll+0x781cc3]
V  [jvm.dll+0x247408]
V  [jvm.dll+0xbe69c]
V  [jvm.dll+0xbed9c]
V  [jvm.dll+0x34cb47]
V  [jvm.dll+0x1992e1]
V  [jvm.dll+0x200e92]
V  [jvm.dll+0x1fff6f]
V  [jvm.dll+0x184f1c]
V  [jvm.dll+0x20f3e7]
V  [jvm.dll+0x20d5cb]
V  [jvm.dll+0x7442f9]
V  [jvm.dll+0x73d364]
V  [jvm.dll+0x5f6cd6]
C  [ucrtbase.dll+0x293cc]
C  [KERNEL32.DLL+0x11350]
C  [ntdll.dll+0x51e78]


---------------  P R O C E S S  ---------------

Threads class SMR info:
_java_thread_list=0x0000022699881d10, length=129, elements={
0x00000226f415d800, 0x00000226ffdc6800, 0x00000226ffdd0000, 0x0000022693844800,
0x0000022693845000, 0x0000022693848800, 0x000002269384c000, 0x000002269384d800,
0x0000022693852800, 0x00000226939ab000, 0x0000022695391800, 0x0000022694ca6000,
0x0000022695628800, 0x00000226954c1800, 0x00000226954c2000, 0x0000022694da8000,
0x0000022694da9000, 0x0000022694b5b000, 0x00000226943b3000, 0x000002269577a000,
0x000002269577b000, 0x000002269577c800, 0x000002269577f000, 0x000002269577e000,
0x000002269577b800, 0x000002269577d800, 0x0000022695779800, 0x0000022695780000,
0x0000022696547000, 0x0000022696546000, 0x0000022696545800, 0x0000022696543800,
0x0000022696543000, 0x0000022696549800, 0x000002269654a800, 0x0000022696544800,
0x0000022696550000, 0x000002269654c800, 0x000002269654d800, 0x000002269654e800,
0x000002269654f000, 0x000002269654b000, 0x0000022696551000, 0x0000022696551800,
0x000002269654c000, 0x00000226982f5800, 0x00000226982f0000, 0x00000226982f6800,
0x00000226982f5000, 0x00000226982f1000, 0x00000226982f1800, 0x00000226982f7800,
0x00000226982f8000, 0x00000226982f2800, 0x00000226982f4000, 0x00000226982f9000,
0x00000226982f3000, 0x00000226982fc000, 0x00000226982fd000, 0x00000226982fe000,
0x00000226982fa800, 0x00000226982fe800, 0x00000226982fb800, 0x00000226982fa000,
0x00000226982c7000, 0x00000226982c9000, 0x00000226982ca800, 0x00000226982c8000,
0x00000226982c9800, 0x00000226982cb000, 0x00000226982c5800, 0x00000226982cc000,
0x00000226982c6800, 0x00000226982cf800, 0x00000226982d1000, 0x00000226982d0000,
0x00000226982d1800, 0x00000226982d2800, 0x00000226982cd000, 0x00000226982d3800,
0x00000226982ce800, 0x00000226982cd800, 0x00000226982d4000, 0x0000022699f7c800,
0x0000022699f7f800, 0x0000022699f81800, 0x0000022699f80800, 0x0000022699f82000,
0x0000022699f83000, 0x0000022699f7d000, 0x0000022699f7f000, 0x0000022699f7e000,
0x0000022699f88000, 0x0000022699f89800, 0x0000022699f88800, 0x0000022699f84800,
0x0000022699f87000, 0x0000022699f86000, 0x0000022699f84000, 0x0000022699f8a800,
0x0000022699f8b000, 0x0000022699f85800, 0x000002269610f800, 0x000002269610f000,
0x0000022696110800, 0x0000022696111800, 0x0000022696112000, 0x0000022696113000,
0x000002269610e000, 0x000002269610d800, 0x0000022696118800, 0x0000022696115800,
0x0000022696117000, 0x0000022696118000, 0x0000022696119800, 0x0000022696114000,
0x000002269611a800, 0x0000022696114800, 0x000002269611b000, 0x000002269611c000,
0x0000022696116000, 0x0000022698241800, 0x0000022698244000, 0x000002269823e800,
0x0000022698245000, 0x000002269823f000, 0x0000022698242800, 0x0000022698245800,
0x0000022698240000
}

Java Threads: ( => current thread )
  0x00000226f415d800 JavaThread "main" [_thread_blocked, id=32512, stack(0x000000ae84400000,0x000000ae84500000)]
  0x00000226ffdc6800 JavaThread "Reference Handler" daemon [_thread_blocked, id=28812, stack(0x000000ae84b00000,0x000000ae84c00000)]
  0x00000226ffdd0000 JavaThread "Finalizer" daemon [_thread_blocked, id=244, stack(0x000000ae84c00000,0x000000ae84d00000)]
  0x0000022693844800 JavaThread "Signal Dispatcher" daemon [_thread_blocked, id=18536, stack(0x000000ae84d00000,0x000000ae84e00000)]
  0x0000022693845000 JavaThread "Attach Listener" daemon [_thread_blocked, id=15640, stack(0x000000ae84e00000,0x000000ae84f00000)]
  0x0000022693848800 JavaThread "Service Thread" daemon [_thread_blocked, id=19596, stack(0x000000ae84f00000,0x000000ae85000000)]
=>0x000002269384c000 JavaThread "C2 CompilerThread0" daemon [_thread_in_native, id=14632, stack(0x000000ae85000000,0x000000ae85100000)]
  0x000002269384d800 JavaThread "C1 CompilerThread0" daemon [_thread_blocked, id=5552, stack(0x000000ae85100000,0x000000ae85200000)]
  0x0000022693852800 JavaThread "Sweeper thread" daemon [_thread_blocked, id=23260, stack(0x000000ae85200000,0x000000ae85300000)]
  0x00000226939ab000 JavaThread "Common-Cleaner" daemon [_thread_blocked, id=2608, stack(0x000000ae85300000,0x000000ae85400000)]
  0x0000022695391800 JavaThread "Daemon health stats" [_thread_blocked, id=18852, stack(0x000000ae85600000,0x000000ae85700000)]
  0x0000022694ca6000 JavaThread "Incoming local TCP Connector on port 65036" [_thread_in_native, id=26196, stack(0x000000ae85700000,0x000000ae85800000)]
  0x0000022695628800 JavaThread "Daemon periodic checks" [_thread_blocked, id=27380, stack(0x000000ae85800000,0x000000ae85900000)]
  0x00000226954c1800 JavaThread "Daemon" [_thread_blocked, id=32556, stack(0x000000ae85900000,0x000000ae85a00000)]
  0x00000226954c2000 JavaThread "Handler for socket connection from /127.0.0.1:65036 to /127.0.0.1:65037" [_thread_in_native, id=14056, stack(0x000000ae85a00000,0x000000ae85b00000)]
  0x0000022694da8000 JavaThread "Cancel handler" [_thread_blocked, id=20968, stack(0x000000ae85b00000,0x000000ae85c00000)]
  0x0000022694da9000 JavaThread "Daemon worker" [_thread_in_vm, id=21520, stack(0x000000ae85c00000,0x000000ae85d00000)]
  0x0000022694b5b000 JavaThread "Asynchronous log dispatcher for DefaultDaemonConnection: socket connection from /127.0.0.1:65036 to /127.0.0.1:65037" [_thread_blocked, id=14732, stack(0x000000ae85d00000,0x000000ae85e00000)]
  0x00000226943b3000 JavaThread "Stdin handler" [_thread_blocked, id=32376, stack(0x000000ae85e00000,0x000000ae85f00000)]
  0x000002269577a000 JavaThread "Daemon client event forwarder" [_thread_blocked, id=22668, stack(0x000000ae85f00000,0x000000ae86000000)]
  0x000002269577b000 JavaThread "Cache worker for file hash cache (C:\Users\klaus\.gradle\caches\6.9\fileHashes)" [_thread_blocked, id=4920, stack(0x000000ae86400000,0x000000ae86500000)]
  0x000002269577c800 JavaThread "File lock request listener" [_thread_in_native, id=14352, stack(0x000000ae86500000,0x000000ae86600000)]
  0x000002269577f000 JavaThread "Cache worker for journal cache (C:\Users\klaus\.gradle\caches\journal-1)" [_thread_blocked, id=14836, stack(0x000000ae86700000,0x000000ae86800000)]
  0x000002269577e000 JavaThread "Cache worker for file hash cache (D:\02 Projekte\Weedstats-mobile-NEU\WeedStats-Mobile\android\.gradle\6.9\fileHashes)" [_thread_blocked, id=30136, stack(0x000000ae86800000,0x000000ae86900000)]
  0x000002269577b800 JavaThread "jar transforms" [_thread_blocked, id=34640, stack(0x000000ae86900000,0x000000ae86a00000)]
  0x000002269577d800 JavaThread "jar transforms Thread 2" [_thread_blocked, id=18468, stack(0x000000ae86a00000,0x000000ae86b00000)]
  0x0000022695779800 JavaThread "Cache worker for checksums cache (D:\02 Projekte\Weedstats-mobile-NEU\WeedStats-Mobile\android\.gradle\checksums)" [_thread_blocked, id=20804, stack(0x000000ae86b00000,0x000000ae86c00000)]
  0x0000022695780000 JavaThread "Cache worker for cache directory md-supplier (C:\Users\klaus\.gradle\caches\6.9\md-supplier)" [_thread_blocked, id=32544, stack(0x000000ae86c00000,0x000000ae86d00000)]
  0x0000022696547000 JavaThread "Cache worker for cache directory md-rule (C:\Users\klaus\.gradle\caches\6.9\md-rule)" [_thread_blocked, id=28176, stack(0x000000ae86d00000,0x000000ae86e00000)]
  0x0000022696546000 JavaThread "Cache worker for execution history cache (C:\Users\klaus\.gradle\caches\6.9\executionHistory)" [_thread_blocked, id=15760, stack(0x000000ae86e00000,0x000000ae86f00000)]
  0x0000022696545800 JavaThread "Cache worker for file content cache (C:\Users\klaus\.gradle\caches\6.9\fileContent)" [_thread_blocked, id=32704, stack(0x000000ae86f00000,0x000000ae87000000)]
  0x0000022696543800 JavaThread "Cache worker for Build Output Cleanup Cache (D:\02 Projekte\Weedstats-mobile-NEU\WeedStats-Mobile\android\.gradle\buildOutputCleanup)" [_thread_blocked, id=31112, stack(0x000000ae87000000,0x000000ae87100000)]
  0x0000022696543000 JavaThread "Build operations" [_thread_blocked, id=29316, stack(0x000000ae87100000,0x000000ae87200000)]
  0x0000022696549800 JavaThread "Build operations Thread 2" [_thread_blocked, id=32504, stack(0x000000ae87200000,0x000000ae87300000)]
  0x000002269654a800 JavaThread "Build operations Thread 3" [_thread_blocked, id=32772, stack(0x000000ae87300000,0x000000ae87400000)]
  0x0000022696544800 JavaThread "Build operations Thread 4" [_thread_blocked, id=14052, stack(0x000000ae87400000,0x000000ae87500000)]
  0x0000022696550000 JavaThread "Build operations Thread 5" [_thread_blocked, id=33800, stack(0x000000ae87500000,0x000000ae87600000)]
  0x000002269654c800 JavaThread "Build operations Thread 6" [_thread_blocked, id=32220, stack(0x000000ae87600000,0x000000ae87700000)]
  0x000002269654d800 JavaThread "jar transforms Thread 3" [_thread_blocked, id=25184, stack(0x000000ae87700000,0x000000ae87800000)]
  0x000002269654e800 JavaThread "jar transforms Thread 4" [_thread_blocked, id=30308, stack(0x000000ae87800000,0x000000ae87900000)]
  0x000002269654f000 JavaThread "jar transforms Thread 5" [_thread_blocked, id=34152, stack(0x000000ae87900000,0x000000ae87a00000)]
  0x000002269654b000 JavaThread "jar transforms Thread 6" [_thread_blocked, id=1984, stack(0x000000ae87a00000,0x000000ae87b00000)]
  0x0000022696551000 JavaThread "jar transforms Thread 7" [_thread_blocked, id=32100, stack(0x000000ae87b00000,0x000000ae87c00000)]
  0x0000022696551800 JavaThread "jar transforms Thread 8" [_thread_blocked, id=27400, stack(0x000000ae87c00000,0x000000ae87d00000)]
  0x000002269654c000 JavaThread "jar transforms Thread 9" [_thread_blocked, id=27324, stack(0x000000ae87d00000,0x000000ae87e00000)]
  0x00000226982f5800 JavaThread "jar transforms Thread 10" [_thread_blocked, id=20008, stack(0x000000ae87e00000,0x000000ae87f00000)]
  0x00000226982f0000 JavaThread "jar transforms Thread 11" [_thread_blocked, id=29844, stack(0x000000ae87f00000,0x000000ae88000000)]
  0x00000226982f6800 JavaThread "jar transforms Thread 12" [_thread_blocked, id=9204, stack(0x000000ae88000000,0x000000ae88100000)]
  0x00000226982f5000 JavaThread "jar transforms Thread 13" [_thread_blocked, id=21004, stack(0x000000ae88100000,0x000000ae88200000)]
  0x00000226982f1000 JavaThread "jar transforms Thread 14" [_thread_blocked, id=18704, stack(0x000000ae88200000,0x000000ae88300000)]
  0x00000226982f1800 JavaThread "jar transforms Thread 15" [_thread_blocked, id=31956, stack(0x000000ae88300000,0x000000ae88400000)]
  0x00000226982f7800 JavaThread "jar transforms Thread 16" [_thread_blocked, id=31412, stack(0x000000ae88400000,0x000000ae88500000)]
  0x00000226982f8000 JavaThread "jar transforms Thread 17" [_thread_blocked, id=19528, stack(0x000000ae88500000,0x000000ae88600000)]
  0x00000226982f2800 JavaThread "jar transforms Thread 18" [_thread_blocked, id=18216, stack(0x000000ae88600000,0x000000ae88700000)]
  0x00000226982f4000 JavaThread "jar transforms Thread 19" [_thread_blocked, id=21280, stack(0x000000ae88700000,0x000000ae88800000)]
  0x00000226982f9000 JavaThread "jar transforms Thread 20" [_thread_blocked, id=22000, stack(0x000000ae88800000,0x000000ae88900000)]
  0x00000226982f3000 JavaThread "jar transforms Thread 21" [_thread_blocked, id=3084, stack(0x000000ae88900000,0x000000ae88a00000)]
  0x00000226982fc000 JavaThread "jar transforms Thread 22" [_thread_blocked, id=33996, stack(0x000000ae88a00000,0x000000ae88b00000)]
  0x00000226982fd000 JavaThread "jar transforms Thread 23" [_thread_blocked, id=12116, stack(0x000000ae88b00000,0x000000ae88c00000)]
  0x00000226982fe000 JavaThread "jar transforms Thread 24" [_thread_blocked, id=34556, stack(0x000000ae88c00000,0x000000ae88d00000)]
  0x00000226982fa800 JavaThread "jar transforms Thread 25" [_thread_blocked, id=23348, stack(0x000000ae88d00000,0x000000ae88e00000)]
  0x00000226982fe800 JavaThread "jar transforms Thread 26" [_thread_blocked, id=15788, stack(0x000000ae88e00000,0x000000ae88f00000)]
  0x00000226982fb800 JavaThread "jar transforms Thread 27" [_thread_blocked, id=12140, stack(0x000000ae88f00000,0x000000ae89000000)]
  0x00000226982fa000 JavaThread "jar transforms Thread 28" [_thread_blocked, id=32732, stack(0x000000ae89000000,0x000000ae89100000)]
  0x00000226982c7000 JavaThread "jar transforms Thread 29" [_thread_blocked, id=8352, stack(0x000000ae89100000,0x000000ae89200000)]
  0x00000226982c9000 JavaThread "jar transforms Thread 30" [_thread_blocked, id=22828, stack(0x000000ae89200000,0x000000ae89300000)]
  0x00000226982ca800 JavaThread "jar transforms Thread 31" [_thread_blocked, id=32048, stack(0x000000ae89300000,0x000000ae89400000)]
  0x00000226982c8000 JavaThread "jar transforms Thread 32" [_thread_blocked, id=29444, stack(0x000000ae89400000,0x000000ae89500000)]
  0x00000226982c9800 JavaThread "jar transforms Thread 33" [_thread_blocked, id=33680, stack(0x000000ae89500000,0x000000ae89600000)]
  0x00000226982cb000 JavaThread "jar transforms Thread 34" [_thread_blocked, id=2156, stack(0x000000ae89600000,0x000000ae89700000)]
  0x00000226982c5800 JavaThread "jar transforms Thread 35" [_thread_blocked, id=12088, stack(0x000000ae89700000,0x000000ae89800000)]
  0x00000226982cc000 JavaThread "jar transforms Thread 36" [_thread_blocked, id=30424, stack(0x000000ae89800000,0x000000ae89900000)]
  0x00000226982c6800 JavaThread "jar transforms Thread 37" [_thread_blocked, id=5464, stack(0x000000ae89900000,0x000000ae89a00000)]
  0x00000226982cf800 JavaThread "jar transforms Thread 38" [_thread_blocked, id=34020, stack(0x000000ae89a00000,0x000000ae89b00000)]
  0x00000226982d1000 JavaThread "jar transforms Thread 39" [_thread_blocked, id=32540, stack(0x000000ae89b00000,0x000000ae89c00000)]
  0x00000226982d0000 JavaThread "jar transforms Thread 40" [_thread_blocked, id=34764, stack(0x000000ae89c00000,0x000000ae89d00000)]
  0x00000226982d1800 JavaThread "jar transforms Thread 41" [_thread_blocked, id=23868, stack(0x000000ae89d00000,0x000000ae89e00000)]
  0x00000226982d2800 JavaThread "jar transforms Thread 42" [_thread_blocked, id=31560, stack(0x000000ae89e00000,0x000000ae89f00000)]
  0x00000226982cd000 JavaThread "jar transforms Thread 43" [_thread_blocked, id=16476, stack(0x000000ae89f00000,0x000000ae8a000000)]
  0x00000226982d3800 JavaThread "jar transforms Thread 44" [_thread_blocked, id=33348, stack(0x000000ae8a000000,0x000000ae8a100000)]
  0x00000226982ce800 JavaThread "jar transforms Thread 45" [_thread_blocked, id=31060, stack(0x000000ae8a100000,0x000000ae8a200000)]
  0x00000226982cd800 JavaThread "jar transforms Thread 46" [_thread_blocked, id=28516, stack(0x000000ae8a200000,0x000000ae8a300000)]
  0x00000226982d4000 JavaThread "jar transforms Thread 47" [_thread_blocked, id=26732, stack(0x000000ae8a300000,0x000000ae8a400000)]
  0x0000022699f7c800 JavaThread "jar transforms Thread 48" [_thread_blocked, id=28788, stack(0x000000ae8a400000,0x000000ae8a500000)]
  0x0000022699f7f800 JavaThread "jar transforms Thread 49" [_thread_blocked, id=17500, stack(0x000000ae8a500000,0x000000ae8a600000)]
  0x0000022699f81800 JavaThread "jar transforms Thread 50" [_thread_blocked, id=20084, stack(0x000000ae8a600000,0x000000ae8a700000)]
  0x0000022699f80800 JavaThread "jar transforms Thread 51" [_thread_blocked, id=8840, stack(0x000000ae8a700000,0x000000ae8a800000)]
  0x0000022699f82000 JavaThread "jar transforms Thread 52" [_thread_blocked, id=34332, stack(0x000000ae8a800000,0x000000ae8a900000)]
  0x0000022699f83000 JavaThread "jar transforms Thread 53" [_thread_blocked, id=34000, stack(0x000000ae8a900000,0x000000ae8aa00000)]
  0x0000022699f7d000 JavaThread "jar transforms Thread 54" [_thread_blocked, id=14372, stack(0x000000ae8aa00000,0x000000ae8ab00000)]
  0x0000022699f7f000 JavaThread "jar transforms Thread 55" [_thread_blocked, id=30316, stack(0x000000ae8ab00000,0x000000ae8ac00000)]
  0x0000022699f7e000 JavaThread "jar transforms Thread 56" [_thread_blocked, id=15344, stack(0x000000ae8ac00000,0x000000ae8ad00000)]
  0x0000022699f88000 JavaThread "jar transforms Thread 57" [_thread_blocked, id=9664, stack(0x000000ae8ad00000,0x000000ae8ae00000)]
  0x0000022699f89800 JavaThread "jar transforms Thread 58" [_thread_blocked, id=24856, stack(0x000000ae8ae00000,0x000000ae8af00000)]
  0x0000022699f88800 JavaThread "jar transforms Thread 59" [_thread_blocked, id=22936, stack(0x000000ae8af00000,0x000000ae8b000000)]
  0x0000022699f84800 JavaThread "jar transforms Thread 60" [_thread_blocked, id=22852, stack(0x000000ae8b000000,0x000000ae8b100000)]
  0x0000022699f87000 JavaThread "jar transforms Thread 61" [_thread_blocked, id=33380, stack(0x000000ae8b100000,0x000000ae8b200000)]
  0x0000022699f86000 JavaThread "jar transforms Thread 62" [_thread_blocked, id=4316, stack(0x000000ae8b200000,0x000000ae8b300000)]
  0x0000022699f84000 JavaThread "jar transforms Thread 63" [_thread_blocked, id=11076, stack(0x000000ae8b300000,0x000000ae8b400000)]
  0x0000022699f8a800 JavaThread "jar transforms Thread 64" [_thread_blocked, id=13056, stack(0x000000ae8b400000,0x000000ae8b500000)]
  0x0000022699f8b000 JavaThread "jar transforms Thread 65" [_thread_blocked, id=24356, stack(0x000000ae8b500000,0x000000ae8b600000)]
  0x0000022699f85800 JavaThread "jar transforms Thread 66" [_thread_blocked, id=33252, stack(0x000000ae8b600000,0x000000ae8b700000)]
  0x000002269610f800 JavaThread "jar transforms Thread 67" [_thread_blocked, id=28624, stack(0x000000ae8b700000,0x000000ae8b800000)]
  0x000002269610f000 JavaThread "jar transforms Thread 68" [_thread_blocked, id=30640, stack(0x000000ae8b800000,0x000000ae8b900000)]
  0x0000022696110800 JavaThread "jar transforms Thread 69" [_thread_blocked, id=31608, stack(0x000000ae8b900000,0x000000ae8ba00000)]
  0x0000022696111800 JavaThread "jar transforms Thread 70" [_thread_blocked, id=8504, stack(0x000000ae8ba00000,0x000000ae8bb00000)]
  0x0000022696112000 JavaThread "jar transforms Thread 71" [_thread_blocked, id=27592, stack(0x000000ae8bb00000,0x000000ae8bc00000)]
  0x0000022696113000 JavaThread "jar transforms Thread 72" [_thread_blocked, id=12128, stack(0x000000ae8bc00000,0x000000ae8bd00000)]
  0x000002269610e000 JavaThread "jar transforms Thread 73" [_thread_blocked, id=31720, stack(0x000000ae8bd00000,0x000000ae8be00000)]
  0x000002269610d800 JavaThread "jar transforms Thread 74" [_thread_blocked, id=24308, stack(0x000000ae8be00000,0x000000ae8bf00000)]
  0x0000022696118800 JavaThread "jar transforms Thread 75" [_thread_blocked, id=8072, stack(0x000000ae8bf00000,0x000000ae8c000000)]
  0x0000022696115800 JavaThread "jar transforms Thread 76" [_thread_blocked, id=19312, stack(0x000000ae8c000000,0x000000ae8c100000)]
  0x0000022696117000 JavaThread "jar transforms Thread 77" [_thread_blocked, id=27012, stack(0x000000ae8c100000,0x000000ae8c200000)]
  0x0000022696118000 JavaThread "jar transforms Thread 78" [_thread_blocked, id=25472, stack(0x000000ae8c200000,0x000000ae8c300000)]
  0x0000022696119800 JavaThread "jar transforms Thread 79" [_thread_blocked, id=26860, stack(0x000000ae8c300000,0x000000ae8c400000)]
  0x0000022696114000 JavaThread "jar transforms Thread 80" [_thread_blocked, id=31740, stack(0x000000ae8c400000,0x000000ae8c500000)]
  0x000002269611a800 JavaThread "jar transforms Thread 81" [_thread_blocked, id=14584, stack(0x000000ae8c500000,0x000000ae8c600000)]
  0x0000022696114800 JavaThread "jar transforms Thread 82" [_thread_blocked, id=20124, stack(0x000000ae8c600000,0x000000ae8c700000)]
  0x000002269611b000 JavaThread "jar transforms Thread 83" [_thread_blocked, id=31328, stack(0x000000ae8c700000,0x000000ae8c800000)]
  0x000002269611c000 JavaThread "jar transforms Thread 84" [_thread_blocked, id=11452, stack(0x000000ae8c800000,0x000000ae8c900000)]
  0x0000022696116000 JavaThread "jar transforms Thread 85" [_thread_blocked, id=24960, stack(0x000000ae8c900000,0x000000ae8ca00000)]
  0x0000022698241800 JavaThread "jar transforms Thread 86" [_thread_blocked, id=2896, stack(0x000000ae8ca00000,0x000000ae8cb00000)]
  0x0000022698244000 JavaThread "jar transforms Thread 87" [_thread_blocked, id=10596, stack(0x000000ae8cb00000,0x000000ae8cc00000)]
  0x000002269823e800 JavaThread "jar transforms Thread 88" [_thread_blocked, id=3244, stack(0x000000ae8cc00000,0x000000ae8cd00000)]
  0x0000022698245000 JavaThread "jar transforms Thread 89" [_thread_blocked, id=34492, stack(0x000000ae8cd00000,0x000000ae8ce00000)]
  0x000002269823f000 JavaThread "jar transforms Thread 90" [_thread_blocked, id=6592, stack(0x000000ae8ce00000,0x000000ae8cf00000)]
  0x0000022698242800 JavaThread "jar transforms Thread 91" [_thread_blocked, id=3856, stack(0x000000ae8cf00000,0x000000ae8d000000)]
  0x0000022698245800 JavaThread "jar transforms Thread 92" [_thread_blocked, id=12584, stack(0x000000ae8d000000,0x000000ae8d100000)]
  0x0000022698240000 JavaThread "Memory manager" [_thread_blocked, id=35588, stack(0x000000ae8d100000,0x000000ae8d200000)]

Other Threads:
  0x00000226ffdc1800 VMThread "VM Thread" [stack: 0x000000ae84a00000,0x000000ae84b00000] [id=16456]
  0x00000226939c6800 WatcherThread [stack: 0x000000ae85400000,0x000000ae85500000] [id=34216]
  0x00000226f4177800 GCTaskThread "GC Thread#0" [stack: 0x000000ae84500000,0x000000ae84600000] [id=32976]
  0x0000022694186000 GCTaskThread "GC Thread#1" [stack: 0x000000ae85500000,0x000000ae85600000] [id=6620]
  0x0000022694b0c800 GCTaskThread "GC Thread#2" [stack: 0x000000ae86000000,0x000000ae86100000] [id=21664]
  0x0000022694b43000 GCTaskThread "GC Thread#3" [stack: 0x000000ae86100000,0x000000ae86200000] [id=24204]
  0x0000022694b96000 GCTaskThread "GC Thread#4" [stack: 0x000000ae86200000,0x000000ae86300000] [id=32600]
  0x00000226943b4000 GCTaskThread "GC Thread#5" [stack: 0x000000ae86300000,0x000000ae86400000] [id=32336]
  0x00000226f41a9800 ConcurrentGCThread "G1 Main Marker" [stack: 0x000000ae84600000,0x000000ae84700000] [id=10664]
  0x00000226f41ab000 ConcurrentGCThread "G1 Conc#0" [stack: 0x000000ae84700000,0x000000ae84800000] [id=1612]
  0x0000022695444000 ConcurrentGCThread "G1 Conc#1" [stack: 0x000000ae86600000,0x000000ae86700000] [id=32204]
  0x00000226ffc12800 ConcurrentGCThread "G1 Refine#0" [stack: 0x000000ae84800000,0x000000ae84900000] [id=20856]
  0x00000226ffc13800 ConcurrentGCThread "G1 Young RemSet Sampling" [stack: 0x000000ae84900000,0x000000ae84a00000] [id=30708]

Threads with active compile tasks:
C2 CompilerThread0  32678 6345       4       java.lang.Class::getMethodsRecursive (99 bytes)

VM state:not at safepoint (normal execution)

VM Mutex/Monitor currently owned by a thread: None

Heap address: 0x0000000080000000, size: 2048 MB, Compressed Oops mode: 32-bit
Narrow klass base: 0x0000000000000000, Narrow klass shift: 3
Compressed class space size: 1073741824 Address: 0x0000000100000000

Heap:
 garbage-first heap   total 122880K, used 80165K [0x0000000080000000, 0x0000000100000000)
  region size 1024K, 35 young (35840K), 5 survivors (5120K)
 Metaspace       used 64185K, capacity 66311K, committed 66504K, reserved 1107968K
  class space    used 8147K, capacity 8943K, committed 9036K, reserved 1048576K
Heap Regions: E=young(eden), S=young(survivor), O=old, HS=humongous(starts), HC=humongous(continues), CS=collection set, F=free, A=archive, TAMS=top-at-mark-start (previous, next)
|   0|0x0000000080000000, 0x0000000080100000, 0x0000000080100000|100%| O|  |TAMS 0x0000000080100000, 0x0000000080000000| Untracked 
|   1|0x0000000080100000, 0x0000000080200000, 0x0000000080200000|100%| O|  |TAMS 0x0000000080200000, 0x0000000080100000| Untracked 
|   2|0x0000000080200000, 0x0000000080300000, 0x0000000080300000|100%| O|  |TAMS 0x0000000080300000, 0x0000000080200000| Untracked 
|   3|0x0000000080300000, 0x0000000080400000, 0x0000000080400000|100%|HS|  |TAMS 0x0000000080400000, 0x0000000080300000| Complete 
|   4|0x0000000080400000, 0x0000000080500000, 0x0000000080500000|100%|HC|  |TAMS 0x0000000080500000, 0x0000000080400000| Complete 
|   5|0x0000000080500000, 0x0000000080600000, 0x0000000080600000|100%|HC|  |TAMS 0x0000000080600000, 0x0000000080500000| Complete 
|   6|0x0000000080600000, 0x0000000080700000, 0x0000000080700000|100%| O|  |TAMS 0x0000000080700000, 0x0000000080600000| Untracked 
|   7|0x0000000080700000, 0x0000000080800000, 0x0000000080800000|100%| O|  |TAMS 0x0000000080800000, 0x0000000080700000| Untracked 
|   8|0x0000000080800000, 0x0000000080900000, 0x0000000080900000|100%| O|  |TAMS 0x0000000080900000, 0x0000000080800000| Untracked 
|   9|0x0000000080900000, 0x0000000080a00000, 0x0000000080a00000|100%| O|  |TAMS 0x0000000080a00000, 0x0000000080900000| Untracked 
|  10|0x0000000080a00000, 0x0000000080b00000, 0x0000000080b00000|100%| O|  |TAMS 0x0000000080b00000, 0x0000000080a00000| Untracked 
|  11|0x0000000080b00000, 0x0000000080c00000, 0x0000000080c00000|100%| O|  |TAMS 0x0000000080c00000, 0x0000000080b00000| Untracked 
|  12|0x0000000080c00000, 0x0000000080d00000, 0x0000000080d00000|100%| O|  |TAMS 0x0000000080d00000, 0x0000000080c00000| Untracked 
|  13|0x0000000080d00000, 0x0000000080e00000, 0x0000000080e00000|100%| O|  |TAMS 0x0000000080e00000, 0x0000000080d00000| Untracked 
|  14|0x0000000080e00000, 0x0000000080f00000, 0x0000000080f00000|100%| O|  |TAMS 0x0000000080f00000, 0x0000000080e00000| Untracked 
|  15|0x0000000080f00000, 0x0000000081000000, 0x0000000081000000|100%| O|  |TAMS 0x0000000081000000, 0x0000000080f00000| Untracked 
|  16|0x0000000081000000, 0x0000000081100000, 0x0000000081100000|100%| O|  |TAMS 0x0000000081100000, 0x0000000081000000| Untracked 
|  17|0x0000000081100000, 0x0000000081200000, 0x0000000081200000|100%| O|  |TAMS 0x0000000081200000, 0x0000000081100000| Untracked 
|  18|0x0000000081200000, 0x0000000081300000, 0x0000000081300000|100%| O|  |TAMS 0x0000000081300000, 0x0000000081200000| Untracked 
|  19|0x0000000081300000, 0x0000000081400000, 0x0000000081400000|100%|HS|  |TAMS 0x0000000081400000, 0x0000000081300000| Complete 
|  20|0x0000000081400000, 0x0000000081500000, 0x0000000081500000|100%| O|  |TAMS 0x0000000081500000, 0x0000000081400000| Untracked 
|  21|0x0000000081500000, 0x0000000081600000, 0x0000000081600000|100%| O|  |TAMS 0x0000000081600000, 0x0000000081500000| Untracked 
|  22|0x0000000081600000, 0x0000000081700000, 0x0000000081700000|100%| O|  |TAMS 0x0000000081700000, 0x0000000081600000| Untracked 
|  23|0x0000000081700000, 0x0000000081800000, 0x0000000081800000|100%| O|  |TAMS 0x0000000081800000, 0x0000000081700000| Untracked 
|  24|0x0000000081800000, 0x0000000081900000, 0x0000000081900000|100%| O|  |TAMS 0x0000000081900000, 0x0000000081800000| Untracked 
|  25|0x0000000081900000, 0x0000000081a00000, 0x0000000081a00000|100%| O|  |TAMS 0x0000000081a00000, 0x0000000081900000| Untracked 
|  26|0x0000000081a00000, 0x0000000081b00000, 0x0000000081b00000|100%| O|  |TAMS 0x0000000081b00000, 0x0000000081a00000| Untracked 
|  27|0x0000000081b00000, 0x0000000081c00000, 0x0000000081c00000|100%| O|  |TAMS 0x0000000081c00000, 0x0000000081b00000| Untracked 
|  28|0x0000000081c00000, 0x0000000081d00000, 0x0000000081d00000|100%| O|  |TAMS 0x0000000081d00000, 0x0000000081c00000| Untracked 
|  29|0x0000000081d00000, 0x0000000081e00000, 0x0000000081e00000|100%|HS|  |TAMS 0x0000000081e00000, 0x0000000081d00000| Complete 
|  30|0x0000000081e00000, 0x0000000081f00000, 0x0000000081f00000|100%|HC|  |TAMS 0x0000000081f00000, 0x0000000081e00000| Complete 
|  31|0x0000000081f00000, 0x0000000082000000, 0x0000000082000000|100%| O|  |TAMS 0x0000000082000000, 0x0000000081f00000| Untracked 
|  32|0x0000000082000000, 0x0000000082100000, 0x0000000082100000|100%| O|  |TAMS 0x0000000082100000, 0x0000000082000000| Untracked 
|  33|0x0000000082100000, 0x0000000082200000, 0x0000000082200000|100%| O|  |TAMS 0x0000000082200000, 0x0000000082100000| Untracked 
|  34|0x0000000082200000, 0x0000000082300000, 0x0000000082300000|100%| O|  |TAMS 0x0000000082300000, 0x0000000082200000| Untracked 
|  35|0x0000000082300000, 0x0000000082400000, 0x0000000082400000|100%| O|  |TAMS 0x0000000082400000, 0x0000000082300000| Untracked 
|  36|0x0000000082400000, 0x0000000082500000, 0x0000000082500000|100%| O|  |TAMS 0x0000000082500000, 0x0000000082400000| Untracked 
|  37|0x0000000082500000, 0x0000000082600000, 0x0000000082600000|100%| O|  |TAMS 0x0000000082600000, 0x0000000082500000| Untracked 
|  38|0x0000000082600000, 0x0000000082700000, 0x0000000082700000|100%| O|  |TAMS 0x0000000082700000, 0x0000000082600000| Untracked 
|  39|0x0000000082700000, 0x0000000082800000, 0x0000000082800000|100%| O|  |TAMS 0x0000000082800000, 0x0000000082700000| Untracked 
|  40|0x0000000082800000, 0x0000000082900000, 0x0000000082900000|100%| O|  |TAMS 0x0000000082900000, 0x0000000082800000| Untracked 
|  41|0x0000000082900000, 0x0000000082a00000, 0x0000000082a00000|100%| O|  |TAMS 0x0000000082a00000, 0x0000000082900000| Untracked 
|  42|0x0000000082a00000, 0x0000000082b00000, 0x0000000082b00000|100%| O|  |TAMS 0x0000000082ab9600, 0x0000000082a00000| Untracked 
|  43|0x0000000082b00000, 0x0000000082b00000, 0x0000000082c00000|  0%| F|  |TAMS 0x0000000082b00000, 0x0000000082b00000| Untracked 
|  44|0x0000000082c00000, 0x0000000082d00000, 0x0000000082d00000|100%| O|  |TAMS 0x0000000082c00000, 0x0000000082c00000| Untracked 
|  45|0x0000000082d00000, 0x0000000082d99a00, 0x0000000082e00000| 60%| O|  |TAMS 0x0000000082d00000, 0x0000000082d00000| Untracked 
|  46|0x0000000082e00000, 0x0000000082e00000, 0x0000000082f00000|  0%| F|  |TAMS 0x0000000082e00000, 0x0000000082e00000| Untracked 
|  47|0x0000000082f00000, 0x0000000082f00000, 0x0000000083000000|  0%| F|  |TAMS 0x0000000082f00000, 0x0000000082f00000| Untracked 
|  48|0x0000000083000000, 0x0000000083000000, 0x0000000083100000|  0%| F|  |TAMS 0x0000000083000000, 0x0000000083000000| Untracked 
|  49|0x0000000083100000, 0x0000000083100000, 0x0000000083200000|  0%| F|  |TAMS 0x0000000083100000, 0x0000000083100000| Untracked 
|  50|0x0000000083200000, 0x0000000083200000, 0x0000000083300000|  0%| F|  |TAMS 0x0000000083200000, 0x0000000083200000| Untracked 
|  51|0x0000000083300000, 0x0000000083300000, 0x0000000083400000|  0%| F|  |TAMS 0x0000000083300000, 0x0000000083300000| Untracked 
|  52|0x0000000083400000, 0x0000000083400000, 0x0000000083500000|  0%| F|  |TAMS 0x0000000083400000, 0x0000000083400000| Untracked 
|  53|0x0000000083500000, 0x0000000083500000, 0x0000000083600000|  0%| F|  |TAMS 0x0000000083500000, 0x0000000083500000| Untracked 
|  54|0x0000000083600000, 0x0000000083600000, 0x0000000083700000|  0%| F|  |TAMS 0x0000000083600000, 0x0000000083600000| Untracked 
|  55|0x0000000083700000, 0x0000000083700000, 0x0000000083800000|  0%| F|  |TAMS 0x0000000083700000, 0x0000000083700000| Untracked 
|  56|0x0000000083800000, 0x0000000083800000, 0x0000000083900000|  0%| F|  |TAMS 0x0000000083800000, 0x0000000083800000| Untracked 
|  57|0x0000000083900000, 0x0000000083900000, 0x0000000083a00000|  0%| F|  |TAMS 0x0000000083900000, 0x0000000083900000| Untracked 
|  58|0x0000000083a00000, 0x0000000083a00000, 0x0000000083b00000|  0%| F|  |TAMS 0x0000000083a00000, 0x0000000083a00000| Untracked 
|  59|0x0000000083b00000, 0x0000000083b00000, 0x0000000083c00000|  0%| F|  |TAMS 0x0000000083b00000, 0x0000000083b00000| Untracked 
|  60|0x0000000083c00000, 0x0000000083c00000, 0x0000000083d00000|  0%| F|  |TAMS 0x0000000083c00000, 0x0000000083c00000| Untracked 
|  61|0x0000000083d00000, 0x0000000083d00000, 0x0000000083e00000|  0%| F|  |TAMS 0x0000000083d00000, 0x0000000083d00000| Untracked 
|  62|0x0000000083e00000, 0x0000000083e00000, 0x0000000083f00000|  0%| F|  |TAMS 0x0000000083e00000, 0x0000000083e00000| Untracked 
|  63|0x0000000083f00000, 0x0000000083f00000, 0x0000000084000000|  0%| F|  |TAMS 0x0000000083f00000, 0x0000000083f00000| Untracked 
|  64|0x0000000084000000, 0x0000000084000000, 0x0000000084100000|  0%| F|  |TAMS 0x0000000084000000, 0x0000000084000000| Untracked 
|  65|0x0000000084100000, 0x0000000084100000, 0x0000000084200000|  0%| F|  |TAMS 0x0000000084100000, 0x0000000084100000| Untracked 
|  66|0x0000000084200000, 0x0000000084200000, 0x0000000084300000|  0%| F|  |TAMS 0x0000000084200000, 0x0000000084200000| Untracked 
|  67|0x0000000084300000, 0x0000000084300000, 0x0000000084400000|  0%| F|  |TAMS 0x0000000084300000, 0x0000000084300000| Untracked 
|  68|0x0000000084400000, 0x0000000084400000, 0x0000000084500000|  0%| F|  |TAMS 0x0000000084400000, 0x0000000084400000| Untracked 
|  69|0x0000000084500000, 0x0000000084500000, 0x0000000084600000|  0%| F|  |TAMS 0x0000000084500000, 0x0000000084500000| Untracked 
|  70|0x0000000084600000, 0x0000000084600000, 0x0000000084700000|  0%| F|  |TAMS 0x0000000084600000, 0x0000000084600000| Untracked 
|  71|0x0000000084700000, 0x0000000084700000, 0x0000000084800000|  0%| F|  |TAMS 0x0000000084700000, 0x0000000084700000| Untracked 
|  72|0x0000000084800000, 0x0000000084800000, 0x0000000084900000|  0%| F|  |TAMS 0x0000000084800000, 0x0000000084800000| Untracked 
|  73|0x0000000084900000, 0x00000000849afa98, 0x0000000084a00000| 68%| S|CS|TAMS 0x0000000084900000, 0x0000000084900000| Complete 
|  74|0x0000000084a00000, 0x0000000084b00000, 0x0000000084b00000|100%| S|CS|TAMS 0x0000000084a00000, 0x0000000084a00000| Complete 
|  75|0x0000000084b00000, 0x0000000084c00000, 0x0000000084c00000|100%| S|CS|TAMS 0x0000000084b00000, 0x0000000084b00000| Complete 
|  76|0x0000000084c00000, 0x0000000084d00000, 0x0000000084d00000|100%| S|CS|TAMS 0x0000000084c00000, 0x0000000084c00000| Complete 
|  77|0x0000000084d00000, 0x0000000084e00000, 0x0000000084e00000|100%| S|CS|TAMS 0x0000000084d00000, 0x0000000084d00000| Complete 
|  78|0x0000000084e00000, 0x0000000084e00000, 0x0000000084f00000|  0%| F|  |TAMS 0x0000000084e00000, 0x0000000084e00000| Untracked 
|  79|0x0000000084f00000, 0x0000000084f00000, 0x0000000085000000|  0%| F|  |TAMS 0x0000000084f00000, 0x0000000084f00000| Untracked 
|  80|0x0000000085000000, 0x0000000085000000, 0x0000000085100000|  0%| F|  |TAMS 0x0000000085000000, 0x0000000085000000| Untracked 
|  81|0x0000000085100000, 0x0000000085100000, 0x0000000085200000|  0%| F|  |TAMS 0x0000000085100000, 0x0000000085100000| Untracked 
|  82|0x0000000085200000, 0x0000000085200000, 0x0000000085300000|  0%| F|  |TAMS 0x0000000085200000, 0x0000000085200000| Untracked 
|  83|0x0000000085300000, 0x0000000085300000, 0x0000000085400000|  0%| F|  |TAMS 0x0000000085300000, 0x0000000085300000| Untracked 
|  84|0x0000000085400000, 0x0000000085400000, 0x0000000085500000|  0%| F|  |TAMS 0x0000000085400000, 0x0000000085400000| Untracked 
|  85|0x0000000085500000, 0x0000000085500000, 0x0000000085600000|  0%| F|  |TAMS 0x0000000085500000, 0x0000000085500000| Untracked 
|  86|0x0000000085600000, 0x0000000085600000, 0x0000000085700000|  0%| F|  |TAMS 0x0000000085600000, 0x0000000085600000| Untracked 
|  87|0x0000000085700000, 0x0000000085700000, 0x0000000085800000|  0%| F|  |TAMS 0x0000000085700000, 0x0000000085700000| Untracked 
|  88|0x0000000085800000, 0x0000000085800000, 0x0000000085900000|  0%| F|  |TAMS 0x0000000085800000, 0x0000000085800000| Untracked 
|  89|0x0000000085900000, 0x0000000085900000, 0x0000000085a00000|  0%| F|  |TAMS 0x0000000085900000, 0x0000000085900000| Untracked 
|  90|0x0000000085a00000, 0x0000000085b00000, 0x0000000085b00000|100%| E|  |TAMS 0x0000000085a00000, 0x0000000085a00000| Complete 
|  91|0x0000000085b00000, 0x0000000085c00000, 0x0000000085c00000|100%| E|CS|TAMS 0x0000000085b00000, 0x0000000085b00000| Complete 
|  92|0x0000000085c00000, 0x0000000085d00000, 0x0000000085d00000|100%| E|CS|TAMS 0x0000000085c00000, 0x0000000085c00000| Complete 
|  93|0x0000000085d00000, 0x0000000085e00000, 0x0000000085e00000|100%| E|CS|TAMS 0x0000000085d00000, 0x0000000085d00000| Complete 
|  94|0x0000000085e00000, 0x0000000085f00000, 0x0000000085f00000|100%| E|CS|TAMS 0x0000000085e00000, 0x0000000085e00000| Complete 
|  95|0x0000000085f00000, 0x0000000086000000, 0x0000000086000000|100%| E|CS|TAMS 0x0000000085f00000, 0x0000000085f00000| Complete 
|  96|0x0000000086000000, 0x0000000086100000, 0x0000000086100000|100%| E|CS|TAMS 0x0000000086000000, 0x0000000086000000| Complete 
|  97|0x0000000086100000, 0x0000000086200000, 0x0000000086200000|100%| E|CS|TAMS 0x0000000086100000, 0x0000000086100000| Complete 
|  98|0x0000000086200000, 0x0000000086300000, 0x0000000086300000|100%| E|CS|TAMS 0x0000000086200000, 0x0000000086200000| Complete 
|  99|0x0000000086300000, 0x0000000086400000, 0x0000000086400000|100%| E|CS|TAMS 0x0000000086300000, 0x0000000086300000| Complete 
| 100|0x0000000086400000, 0x0000000086500000, 0x0000000086500000|100%| E|CS|TAMS 0x0000000086400000, 0x0000000086400000| Complete 
| 101|0x0000000086500000, 0x0000000086600000, 0x0000000086600000|100%| E|CS|TAMS 0x0000000086500000, 0x0000000086500000| Complete 
| 102|0x0000000086600000, 0x0000000086700000, 0x0000000086700000|100%| E|CS|TAMS 0x0000000086600000, 0x0000000086600000| Complete 
| 103|0x0000000086700000, 0x0000000086800000, 0x0000000086800000|100%| E|CS|TAMS 0x0000000086700000, 0x0000000086700000| Complete 
| 104|0x0000000086800000, 0x0000000086900000, 0x0000000086900000|100%| E|CS|TAMS 0x0000000086800000, 0x0000000086800000| Complete 
| 105|0x0000000086900000, 0x0000000086a00000, 0x0000000086a00000|100%| E|CS|TAMS 0x0000000086900000, 0x0000000086900000| Complete 
| 106|0x0000000086a00000, 0x0000000086b00000, 0x0000000086b00000|100%| E|CS|TAMS 0x0000000086a00000, 0x0000000086a00000| Complete 
| 107|0x0000000086b00000, 0x0000000086c00000, 0x0000000086c00000|100%| E|CS|TAMS 0x0000000086b00000, 0x0000000086b00000| Complete 
| 108|0x0000000086c00000, 0x0000000086d00000, 0x0000000086d00000|100%| E|CS|TAMS 0x0000000086c00000, 0x0000000086c00000| Complete 
| 109|0x0000000086d00000, 0x0000000086e00000, 0x0000000086e00000|100%| E|CS|TAMS 0x0000000086d00000, 0x0000000086d00000| Complete 
| 110|0x0000000086e00000, 0x0000000086f00000, 0x0000000086f00000|100%| E|CS|TAMS 0x0000000086e00000, 0x0000000086e00000| Complete 
| 111|0x0000000086f00000, 0x0000000087000000, 0x0000000087000000|100%| E|CS|TAMS 0x0000000086f00000, 0x0000000086f00000| Complete 
| 112|0x0000000087000000, 0x0000000087100000, 0x0000000087100000|100%| E|CS|TAMS 0x0000000087000000, 0x0000000087000000| Complete 
| 113|0x0000000087100000, 0x0000000087200000, 0x0000000087200000|100%| E|CS|TAMS 0x0000000087100000, 0x0000000087100000| Complete 
| 114|0x0000000087200000, 0x0000000087300000, 0x0000000087300000|100%| E|CS|TAMS 0x0000000087200000, 0x0000000087200000| Complete 
| 115|0x0000000087300000, 0x0000000087400000, 0x0000000087400000|100%| E|CS|TAMS 0x0000000087300000, 0x0000000087300000| Complete 
| 116|0x0000000087400000, 0x0000000087500000, 0x0000000087500000|100%| E|CS|TAMS 0x0000000087400000, 0x0000000087400000| Complete 
| 117|0x0000000087500000, 0x0000000087600000, 0x0000000087600000|100%| E|CS|TAMS 0x0000000087500000, 0x0000000087500000| Complete 
| 118|0x0000000087600000, 0x0000000087700000, 0x0000000087700000|100%| E|CS|TAMS 0x0000000087600000, 0x0000000087600000| Complete 
| 119|0x0000000087700000, 0x0000000087800000, 0x0000000087800000|100%| E|CS|TAMS 0x0000000087700000, 0x0000000087700000| Complete 

Card table byte_map: [0x00000226fcd70000,0x00000226fd170000] _byte_map_base: 0x00000226fc970000

Marking Bits (Prev, Next): (CMBitMap*) 0x00000226f41a0cb0, (CMBitMap*) 0x00000226f41a0c78
 Prev Bits: [0x000002268f000000, 0x0000022691000000)
 Next Bits: [0x00000226fd570000, 0x00000226ff570000)

Polling page: 0x00000226f3930000

Metaspace:

Usage:
  Non-class:     56.02 MB capacity,    54.73 MB ( 98%) used,     1.13 MB (  2%) free+waste,   167.19 KB ( <1%) overhead. 
      Class:      8.73 MB capacity,     7.96 MB ( 91%) used,   714.37 KB (  8%) free+waste,    81.06 KB ( <1%) overhead. 
       Both:     64.76 MB capacity,    62.69 MB ( 97%) used,     1.83 MB (  3%) free+waste,   248.25 KB ( <1%) overhead. 

Virtual space:
  Non-class space:       58.00 MB reserved,      56.12 MB ( 97%) committed 
      Class space:        1.00 GB reserved,       8.82 MB ( <1%) committed 
             Both:        1.06 GB reserved,      64.95 MB (  6%) committed 

Chunk freelists:
   Non-Class:  36.00 KB
       Class:  17.00 KB
        Both:  53.00 KB

MaxMetaspaceSize: 17179869184.00 GB
CompressedClassSpaceSize: 1.00 GB

CodeHeap 'non-profiled nmethods': size=120064Kb used=3251Kb max_used=3251Kb free=116812Kb
 bounds [0x0000022687ac0000, 0x0000022687df0000, 0x000002268f000000]
CodeHeap 'profiled nmethods': size=120000Kb used=14446Kb max_used=14446Kb free=105553Kb
 bounds [0x0000022680590000, 0x00000226813b0000, 0x0000022687ac0000]
CodeHeap 'non-nmethods': size=5696Kb used=2252Kb max_used=2302Kb free=3443Kb
 bounds [0x0000022680000000, 0x0000022680270000, 0x0000022680590000]
 total_blobs=7239 nmethods=6399 adapters=751
 compilation: enabled
              stopped_count=0, restarted_count=0
 full_count=0

Compilation events (20 events):
Event: 32.618 Thread 0x000002269384d800 6410       3       java.lang.String::replace (42 bytes)
Event: 32.619 Thread 0x000002269384d800 nmethod 6410 0x000002268138c790 code [0x000002268138c960, 0x000002268138cc78]
Event: 32.627 Thread 0x000002269384d800 6411       3       sun.reflect.generics.repository.GenericDeclRepository::<init> (7 bytes)
Event: 32.628 Thread 0x000002269384d800 nmethod 6411 0x000002268138cd90 code [0x000002268138cf60, 0x000002268138d2a8]
Event: 32.628 Thread 0x000002269384d800 6412       3       groovyjarjarasm.asm.SymbolTable::addConstantNameAndType (137 bytes)
Event: 32.629 Thread 0x000002269384d800 nmethod 6412 0x000002268138d390 code [0x000002268138d600, 0x000002268138dda8]
Event: 32.630 Thread 0x000002269384d800 6413       3       org.gradle.internal.FileUtils::normalize (52 bytes)
Event: 32.631 Thread 0x000002269384d800 nmethod 6413 0x000002268138e210 code [0x000002268138e440, 0x000002268138e8f8]
Event: 32.631 Thread 0x000002269384d800 6414       3       org.apache.commons.io.FilenameUtils::normalizeNoEndSeparator (9 bytes)
Event: 32.631 Thread 0x000002269384d800 nmethod 6414 0x000002268138eb90 code [0x000002268138ed40, 0x000002268138ee48]
Event: 32.634 Thread 0x000002269384d800 6415       3       org.codehaus.groovy.runtime.callsite.AbstractCallSite::<init> (35 bytes)
Event: 32.634 Thread 0x000002269384d800 nmethod 6415 0x000002268138ef10 code [0x000002268138f0e0, 0x000002268138f558]
Event: 32.634 Thread 0x000002269384d800 6416       3       java.net.URI::hash (33 bytes)
Event: 32.634 Thread 0x000002269384d800 nmethod 6416 0x000002268138f690 code [0x000002268138f8a0, 0x000002268138fd18]
Event: 32.637 Thread 0x000002269384d800 6417       3       groovy.lang.MetaClassImpl::addMetaMethodToIndex (65 bytes)
Event: 32.637 Thread 0x000002269384d800 nmethod 6417 0x000002268138ff10 code [0x0000022681390120, 0x00000226813905d8]
Event: 32.638 Thread 0x000002269384d800 6418       3       groovy.lang.MetaClassImpl::checkIfStdMethod (178 bytes)
Event: 32.638 Thread 0x000002269384d800 nmethod 6418 0x0000022681390810 code [0x0000022681390b40, 0x0000022681391de8]
Event: 32.638 Thread 0x000002269384d800 6419       2       org.codehaus.groovy.runtime.MetaClassHelper::isGenericSetMethod (28 bytes)
Event: 32.639 Thread 0x000002269384d800 nmethod 6419 0x0000022681392290 code [0x0000022681392460, 0x0000022681392608]

GC Heap History (20 events):
Event: 4.242 GC heap before
{Heap before GC invocations=5 (full 0):
 garbage-first heap   total 122880K, used 64009K [0x0000000080000000, 0x0000000100000000)
  region size 1024K, 48 young (49152K), 1 survivors (1024K)
 Metaspace       used 25872K, capacity 26541K, committed 26672K, reserved 1073152K
  class space    used 3373K, capacity 3598K, committed 3712K, reserved 1048576K
}
Event: 4.245 GC heap after
{Heap after GC invocations=6 (full 0):
 garbage-first heap   total 122880K, used 19207K [0x0000000080000000, 0x0000000100000000)
  region size 1024K, 4 young (4096K), 4 survivors (4096K)
 Metaspace       used 25872K, capacity 26541K, committed 26672K, reserved 1073152K
  class space    used 3373K, capacity 3598K, committed 3712K, reserved 1048576K
}
Event: 5.020 GC heap before
{Heap before GC invocations=6 (full 0):
 garbage-first heap   total 122880K, used 68359K [0x0000000080000000, 0x0000000100000000)
  region size 1024K, 53 young (54272K), 4 survivors (4096K)
 Metaspace       used 31170K, capacity 32044K, committed 32304K, reserved 1077248K
  class space    used 4147K, capacity 4461K, committed 4480K, reserved 1048576K
}
Event: 5.024 GC heap after
{Heap after GC invocations=7 (full 0):
 garbage-first heap   total 122880K, used 21886K [0x0000000080000000, 0x0000000100000000)
  region size 1024K, 6 young (6144K), 6 survivors (6144K)
 Metaspace       used 31170K, capacity 32044K, committed 32304K, reserved 1077248K
  class space    used 4147K, capacity 4461K, committed 4480K, reserved 1048576K
}
Event: 5.324 GC heap before
{Heap before GC invocations=7 (full 0):
 garbage-first heap   total 122880K, used 36222K [0x0000000080000000, 0x0000000100000000)
  region size 1024K, 21 young (21504K), 6 survivors (6144K)
 Metaspace       used 34845K, capacity 35669K, committed 35708K, reserved 1081344K
  class space    used 4524K, capacity 4837K, committed 4864K, reserved 1048576K
}
Event: 5.332 GC heap after
{Heap after GC invocations=8 (full 0):
 garbage-first heap   total 122880K, used 23236K [0x0000000080000000, 0x0000000100000000)
  region size 1024K, 5 young (5120K), 5 survivors (5120K)
 Metaspace       used 34845K, capacity 35669K, committed 35708K, reserved 1081344K
  class space    used 4524K, capacity 4837K, committed 4864K, reserved 1048576K
}
Event: 17.791 GC heap before
{Heap before GC invocations=9 (full 0):
 garbage-first heap   total 122880K, used 73412K [0x0000000080000000, 0x0000000100000000)
  region size 1024K, 52 young (53248K), 5 survivors (5120K)
 Metaspace       used 40184K, capacity 41280K, committed 41544K, reserved 1085440K
  class space    used 5145K, capacity 5546K, committed 5580K, reserved 1048576K
}
Event: 17.803 GC heap after
{Heap after GC invocations=10 (full 0):
 garbage-first heap   total 122880K, used 28592K [0x0000000080000000, 0x0000000100000000)
  region size 1024K, 7 young (7168K), 7 survivors (7168K)
 Metaspace       used 40184K, capacity 41280K, committed 41544K, reserved 1085440K
  class space    used 5145K, capacity 5546K, committed 5580K, reserved 1048576K
}
Event: 18.605 GC heap before
{Heap before GC invocations=10 (full 0):
 garbage-first heap   total 122880K, used 76720K [0x0000000080000000, 0x0000000100000000)
  region size 1024K, 54 young (55296K), 7 survivors (7168K)
 Metaspace       used 44397K, capacity 45685K, committed 45896K, reserved 1089536K
  class space    used 5628K, capacity 6074K, committed 6092K, reserved 1048576K
}
Event: 18.615 GC heap after
{Heap after GC invocations=11 (full 0):
 garbage-first heap   total 122880K, used 32572K [0x0000000080000000, 0x0000000100000000)
  region size 1024K, 4 young (4096K), 4 survivors (4096K)
 Metaspace       used 44397K, capacity 45685K, committed 45896K, reserved 1089536K
  class space    used 5628K, capacity 6074K, committed 6092K, reserved 1048576K
}
Event: 19.580 GC heap before
{Heap before GC invocations=11 (full 0):
 garbage-first heap   total 122880K, used 81724K [0x0000000080000000, 0x0000000100000000)
  region size 1024K, 52 young (53248K), 4 survivors (4096K)
 Metaspace       used 47701K, capacity 49218K, committed 49352K, reserved 1091584K
  class space    used 6111K, capacity 6662K, committed 6732K, reserved 1048576K
}
Event: 19.585 GC heap after
{Heap after GC invocations=12 (full 0):
 garbage-first heap   total 122880K, used 34558K [0x0000000080000000, 0x0000000100000000)
  region size 1024K, 6 young (6144K), 6 survivors (6144K)
 Metaspace       used 47701K, capacity 49218K, committed 49352K, reserved 1091584K
  class space    used 6111K, capacity 6662K, committed 6732K, reserved 1048576K
}
Event: 30.367 GC heap before
{Heap before GC invocations=12 (full 0):
 garbage-first heap   total 122880K, used 86782K [0x0000000080000000, 0x0000000100000000)
  region size 1024K, 55 young (56320K), 6 survivors (6144K)
 Metaspace       used 49185K, capacity 50837K, committed 51144K, reserved 1093632K
  class space    used 6275K, capacity 6888K, committed 6988K, reserved 1048576K
}
Event: 30.376 GC heap after
{Heap after GC invocations=13 (full 0):
 garbage-first heap   total 122880K, used 43433K [0x0000000080000000, 0x0000000100000000)
  region size 1024K, 7 young (7168K), 7 survivors (7168K)
 Metaspace       used 49185K, capacity 50837K, committed 51144K, reserved 1093632K
  class space    used 6275K, capacity 6888K, committed 6988K, reserved 1048576K
}
Event: 31.155 GC heap before
{Heap before GC invocations=13 (full 0):
 garbage-first heap   total 122880K, used 89513K [0x0000000080000000, 0x0000000100000000)
  region size 1024K, 52 young (53248K), 7 survivors (7168K)
 Metaspace       used 56715K, capacity 58607K, committed 58696K, reserved 1099776K
  class space    used 7172K, capacity 7852K, committed 7884K, reserved 1048576K
}
Event: 31.165 GC heap after
{Heap after GC invocations=14 (full 0):
 garbage-first heap   total 122880K, used 45797K [0x0000000080000000, 0x0000000100000000)
  region size 1024K, 2 young (2048K), 2 survivors (2048K)
 Metaspace       used 56715K, capacity 58607K, committed 58696K, reserved 1099776K
  class space    used 7172K, capacity 7852K, committed 7884K, reserved 1048576K
}
Event: 31.393 GC heap before
{Heap before GC invocations=14 (full 0):
 garbage-first heap   total 122880K, used 70373K [0x0000000080000000, 0x0000000100000000)
  region size 1024K, 28 young (28672K), 2 survivors (2048K)
 Metaspace       used 57980K, capacity 59852K, committed 59976K, reserved 1101824K
  class space    used 7373K, capacity 8073K, committed 8140K, reserved 1048576K
}
Event: 31.397 GC heap after
{Heap after GC invocations=15 (full 0):
 garbage-first heap   total 122880K, used 48196K [0x0000000080000000, 0x0000000100000000)
  region size 1024K, 5 young (5120K), 5 survivors (5120K)
 Metaspace       used 57980K, capacity 59852K, committed 59976K, reserved 1101824K
  class space    used 7373K, capacity 8073K, committed 8140K, reserved 1048576K
}
Event: 31.997 GC heap before
{Heap before GC invocations=16 (full 0):
 garbage-first heap   total 122880K, used 86084K [0x0000000080000000, 0x0000000100000000)
  region size 1024K, 42 young (43008K), 5 survivors (5120K)
 Metaspace       used 63070K, capacity 65065K, committed 65224K, reserved 1105920K
  class space    used 7991K, capacity 8690K, committed 8780K, reserved 1048576K
}
Event: 32.003 GC heap after
{Heap after GC invocations=17 (full 0):
 garbage-first heap   total 122880K, used 50469K [0x0000000080000000, 0x0000000100000000)
  region size 1024K, 5 young (5120K), 5 survivors (5120K)
 Metaspace       used 63070K, capacity 65065K, committed 65224K, reserved 1105920K
  class space    used 7991K, capacity 8690K, committed 8780K, reserved 1048576K
}

Deoptimization events (20 events):
Event: 32.598 Thread 0x0000022694da9000 Uncommon trap: trap_request=0xffffff4d fr.pc=0x0000022687d7c118 relative=0x0000000000000c38
Event: 32.598 Thread 0x0000022694da9000 Uncommon trap: reason=unstable_if action=reinterpret pc=0x0000022687d7c118 method=groovy.lang.MetaClassImpl.checkIfStdMethod(Lgroovy/lang/MetaMethod;)V @ 55 c2
Event: 32.598 Thread 0x0000022694da9000 DEOPT PACKING pc=0x0000022687d7c118 sp=0x000000ae85cf32c0
Event: 32.598 Thread 0x0000022694da9000 DEOPT UNPACKING pc=0x000002268002662f sp=0x000000ae85cf3230 mode 2
Event: 32.598 Thread 0x0000022694da9000 Uncommon trap: trap_request=0xffffff4d fr.pc=0x0000022687d7eee0 relative=0x00000000000009c0
Event: 32.598 Thread 0x0000022694da9000 Uncommon trap: reason=unstable_if action=reinterpret pc=0x0000022687d7eee0 method=groovy.lang.MetaClassImpl.checkIfStdMethod(Lgroovy/lang/MetaMethod;)V @ 55 c2
Event: 32.598 Thread 0x0000022694da9000 DEOPT PACKING pc=0x0000022687d7eee0 sp=0x000000ae85cf3260
Event: 32.598 Thread 0x0000022694da9000 DEOPT UNPACKING pc=0x000002268002662f sp=0x000000ae85cf3228 mode 2
Event: 32.598 Thread 0x0000022694da9000 Uncommon trap: trap_request=0xffffffc6 fr.pc=0x0000022687c4f43c relative=0x000000000000609c
Event: 32.599 Thread 0x0000022694da9000 Uncommon trap: reason=bimorphic_or_optimized_type_check action=maybe_recompile pc=0x0000022687c4f43c method=org.codehaus.groovy.runtime.metaclass.MetaMethodIndex.addMethodToList(Ljava/lang/Object;Lgroovy/lang/MetaMethod;)Ljava/lang/Object; @ 96 c2
Event: 32.599 Thread 0x0000022694da9000 DEOPT PACKING pc=0x0000022687c4f43c sp=0x000000ae85cf3120
Event: 32.599 Thread 0x0000022694da9000 DEOPT UNPACKING pc=0x000002268002662f sp=0x000000ae85cf31c8 mode 2
Event: 32.599 Thread 0x0000022694da9000 Uncommon trap: trap_request=0xffffff4d fr.pc=0x0000022687d47d68 relative=0x0000000000000468
Event: 32.599 Thread 0x0000022694da9000 Uncommon trap: reason=unstable_if action=reinterpret pc=0x0000022687d47d68 method=org.codehaus.groovy.runtime.metaclass.MetaMethodIndex.copyNonPrivateNonNewMetaMethods(Lorg/codehaus/groovy/runtime/metaclass/MetaMethodIndex$Entry;Lorg/codehaus/groovy/runti
Event: 32.599 Thread 0x0000022694da9000 DEOPT PACKING pc=0x0000022687d47d68 sp=0x000000ae85cf3270
Event: 32.599 Thread 0x0000022694da9000 DEOPT UNPACKING pc=0x000002268002662f sp=0x000000ae85cf3228 mode 2
Event: 32.599 Thread 0x0000022694da9000 Uncommon trap: trap_request=0xffffff4d fr.pc=0x0000022687c41da0 relative=0x0000000000005c80
Event: 32.599 Thread 0x0000022694da9000 Uncommon trap: reason=unstable_if action=reinterpret pc=0x0000022687c41da0 method=groovy.lang.MetaClassImpl$1MOPIter.methodNameAction(Ljava/lang/Class;Lorg/codehaus/groovy/runtime/metaclass/MetaMethodIndex$Entry;)V @ 182 c2
Event: 32.599 Thread 0x0000022694da9000 DEOPT PACKING pc=0x0000022687c41da0 sp=0x000000ae85cf3230
Event: 32.599 Thread 0x0000022694da9000 DEOPT UNPACKING pc=0x000002268002662f sp=0x000000ae85cf3230 mode 2

Classes redefined (0 events):
No events

Internal exceptions (20 events):
Event: 32.520 Thread 0x0000022694da9000 Exception <a 'java/lang/ClassNotFoundException'{0x0000000086989f78}: org/gradle/api/plugins/internal/DefaultJavaPluginConventionCustomizer> (0x0000000086989f78) thrown at [./src/hotspot/share/classfile/systemDictionary.cpp, line 231]
Event: 32.523 Thread 0x0000022694da9000 Exception <a 'java/lang/ClassNotFoundException'{0x000000008681c340}: org/gradle/api/plugins/internal/DefaultBasePluginConventionBeanInfo> (0x000000008681c340) thrown at [./src/hotspot/share/classfile/systemDictionary.cpp, line 231]
Event: 32.524 Thread 0x0000022694da9000 Exception <a 'java/lang/ClassNotFoundException'{0x000000008684ecf0}: org/gradle/api/plugins/BasePluginConventionBeanInfo> (0x000000008684ecf0) thrown at [./src/hotspot/share/classfile/systemDictionary.cpp, line 231]
Event: 32.524 Thread 0x0000022694da9000 Exception <a 'java/lang/ClassNotFoundException'{0x0000000086881a30}: org/gradle/api/plugins/BasePluginConventionCustomizer> (0x0000000086881a30) thrown at [./src/hotspot/share/classfile/systemDictionary.cpp, line 231]
Event: 32.525 Thread 0x0000022694da9000 Exception <a 'java/lang/ClassNotFoundException'{0x00000000868c7d20}: org/gradle/api/plugins/internal/DefaultBasePluginConventionCustomizer> (0x00000000868c7d20) thrown at [./src/hotspot/share/classfile/systemDictionary.cpp, line 231]
Event: 32.553 Thread 0x0000022694da9000 Exception <a 'java/lang/IncompatibleClassChangeError'{0x0000000086614268}: Found class java.lang.Object, but interface was expected> (0x0000000086614268) thrown at [./src/hotspot/share/interpreter/linkResolver.cpp, line 839]
Event: 32.602 Thread 0x0000022694da9000 Exception <a 'java/lang/ClassNotFoundException'{0x00000000865f9b10}: org/gradle/api/internal/project/DefaultAntBuilderBeanInfo> (0x00000000865f9b10) thrown at [./src/hotspot/share/classfile/systemDictionary.cpp, line 231]
Event: 32.603 Thread 0x0000022694da9000 Exception <a 'java/lang/ClassNotFoundException'{0x0000000086424780}: org/gradle/api/internal/project/ant/BasicAntBuilderBeanInfo> (0x0000000086424780) thrown at [./src/hotspot/share/classfile/systemDictionary.cpp, line 231]
Event: 32.603 Thread 0x0000022694da9000 Exception <a 'java/lang/ClassNotFoundException'{0x0000000086448778}: org/gradle/api/AntBuilderBeanInfo> (0x0000000086448778) thrown at [./src/hotspot/share/classfile/systemDictionary.cpp, line 231]
Event: 32.604 Thread 0x0000022694da9000 Exception <a 'java/lang/ClassNotFoundException'{0x000000008646c870}: groovy/util/AntBuilderBeanInfo> (0x000000008646c870) thrown at [./src/hotspot/share/classfile/systemDictionary.cpp, line 231]
Event: 32.604 Thread 0x0000022694da9000 Exception <a 'java/lang/ClassNotFoundException'{0x0000000086491bd8}: groovy/util/BuilderSupportBeanInfo> (0x0000000086491bd8) thrown at [./src/hotspot/share/classfile/systemDictionary.cpp, line 231]
Event: 32.605 Thread 0x0000022694da9000 Exception <a 'java/lang/ClassNotFoundException'{0x00000000864b7898}: groovy/util/BuilderSupportCustomizer> (0x00000000864b7898) thrown at [./src/hotspot/share/classfile/systemDictionary.cpp, line 231]
Event: 32.607 Thread 0x0000022694da9000 Exception <a 'java/lang/ClassNotFoundException'{0x00000000864de408}: groovy/util/AntBuilderCustomizer> (0x00000000864de408) thrown at [./src/hotspot/share/classfile/systemDictionary.cpp, line 231]
Event: 32.608 Thread 0x0000022694da9000 Exception <a 'java/lang/ClassNotFoundException'{0x00000000863081f8}: org/gradle/api/AntBuilderCustomizer> (0x00000000863081f8) thrown at [./src/hotspot/share/classfile/systemDictionary.cpp, line 231]
Event: 32.610 Thread 0x0000022694da9000 Exception <a 'java/lang/ClassNotFoundException'{0x000000008633b668}: org/gradle/api/internal/project/ant/BasicAntBuilderCustomizer> (0x000000008633b668) thrown at [./src/hotspot/share/classfile/systemDictionary.cpp, line 231]
Event: 32.611 Thread 0x0000022694da9000 Exception <a 'java/lang/ClassNotFoundException'{0x0000000086374370}: org/gradle/api/internal/project/DefaultAntBuilderCustomizer> (0x0000000086374370) thrown at [./src/hotspot/share/classfile/systemDictionary.cpp, line 231]
Event: 32.638 Thread 0x0000022694da9000 Exception <a 'java/lang/ClassNotFoundException'{0x0000000086125380}: org/gradle/api/JavaVersionBeanInfo> (0x0000000086125380) thrown at [./src/hotspot/share/classfile/systemDictionary.cpp, line 231]
Event: 32.638 Thread 0x0000022694da9000 Exception <a 'java/lang/ClassNotFoundException'{0x000000008612ee90}: java/lang/EnumBeanInfo> (0x000000008612ee90) thrown at [./src/hotspot/share/classfile/systemDictionary.cpp, line 231]
Event: 32.638 Thread 0x0000022694da9000 Exception <a 'java/lang/ClassNotFoundException'{0x00000000861389d0}: java/lang/EnumCustomizer> (0x00000000861389d0) thrown at [./src/hotspot/share/classfile/systemDictionary.cpp, line 231]
Event: 32.639 Thread 0x0000022694da9000 Exception <a 'java/lang/ClassNotFoundException'{0x0000000086164288}: org/gradle/api/JavaVersionCustomizer> (0x0000000086164288) thrown at [./src/hotspot/share/classfile/systemDictionary.cpp, line 231]

Events (20 events):
Event: 32.638 loading class org/gradle/api/JavaVersionBeanInfo
Event: 32.638 loading class org/gradle/api/JavaVersionBeanInfo done
Event: 32.638 loading class org/gradle/api/JavaVersionBeanInfo
Event: 32.638 loading class org/gradle/api/JavaVersionBeanInfo done
Event: 32.638 loading class java/lang/EnumBeanInfo
Event: 32.638 loading class java/lang/EnumBeanInfo done
Event: 32.638 loading class java/lang/EnumBeanInfo
Event: 32.638 loading class java/lang/EnumBeanInfo done
Event: 32.638 loading class java/lang/EnumCustomizer
Event: 32.638 loading class java/lang/EnumCustomizer done
Event: 32.638 loading class java/lang/EnumCustomizer
Event: 32.638 loading class java/lang/EnumCustomizer done
Event: 32.639 loading class org/gradle/api/JavaVersionCustomizer
Event: 32.639 loading class org/gradle/api/JavaVersionCustomizer done
Event: 32.639 loading class org/gradle/api/JavaVersionCustomizer
Event: 32.639 loading class org/gradle/api/JavaVersionCustomizer done
Event: 32.639 loading class org/gradle/api/JavaVersionCustomizer
Event: 32.639 loading class org/gradle/api/JavaVersionCustomizer done
Event: 32.639 loading class org/gradle/api/JavaVersionCustomizer
Event: 32.639 loading class org/gradle/api/JavaVersionCustomizer done


Dynamic libraries:
0x00007ff68cd80000 - 0x00007ff68cd8d000 	C:\Users\klaus\AppData\Local\Programs\AdoptOpenJDK\jdk-11.0.11.9-hotspot\bin\java.exe
0x00007fff656e0000 - 0x00007fff658ef000 	C:\WINDOWS\SYSTEM32\ntdll.dll
0x00007fff64b00000 - 0x00007fff64bbd000 	C:\WINDOWS\System32\KERNEL32.DLL
0x00007fff62d00000 - 0x00007fff6308e000 	C:\WINDOWS\System32\KERNELBASE.dll
0x00007fff63420000 - 0x00007fff63531000 	C:\WINDOWS\System32\ucrtbase.dll
0x00007fff4d0c0000 - 0x00007fff4d0d5000 	C:\Users\klaus\AppData\Local\Programs\AdoptOpenJDK\jdk-11.0.11.9-hotspot\bin\VCRUNTIME140.dll
0x00007fff4c9f0000 - 0x00007fff4ca07000 	C:\Users\klaus\AppData\Local\Programs\AdoptOpenJDK\jdk-11.0.11.9-hotspot\bin\jli.dll
0x00007fff63ee0000 - 0x00007fff6408a000 	C:\WINDOWS\System32\USER32.dll
0x00007fff630f0000 - 0x00007fff63116000 	C:\WINDOWS\System32\win32u.dll
0x00007fff63b60000 - 0x00007fff63b89000 	C:\WINDOWS\System32\GDI32.dll
0x00007fff56be0000 - 0x00007fff56e81000 	C:\WINDOWS\WinSxS\amd64_microsoft.windows.common-controls_6595b64144ccf1df_6.0.22526.1000_none_27d3c5d6f3f929f2\COMCTL32.dll
0x00007fff63300000 - 0x00007fff63417000 	C:\WINDOWS\System32\gdi32full.dll
0x00007fff64090000 - 0x00007fff64134000 	C:\WINDOWS\System32\msvcrt.dll
0x00007fff63260000 - 0x00007fff632fa000 	C:\WINDOWS\System32\msvcp_win.dll
0x00007fff652a0000 - 0x00007fff652d1000 	C:\WINDOWS\System32\IMM32.DLL
0x00007fff238f0000 - 0x00007fff2398b000 	C:\Users\klaus\AppData\Local\Programs\AdoptOpenJDK\jdk-11.0.11.9-hotspot\bin\msvcp140.dll
0x00007ffef1a80000 - 0x00007ffef25cb000 	C:\Users\klaus\AppData\Local\Programs\AdoptOpenJDK\jdk-11.0.11.9-hotspot\bin\server\jvm.dll
0x00007fff652e0000 - 0x00007fff6538e000 	C:\WINDOWS\System32\ADVAPI32.dll
0x00007fff63e20000 - 0x00007fff63ec2000 	C:\WINDOWS\System32\sechost.dll
0x00007fff64ce0000 - 0x00007fff64dff000 	C:\WINDOWS\System32\RPCRT4.dll
0x00007fff63b90000 - 0x00007fff63b98000 	C:\WINDOWS\System32\PSAPI.DLL
0x00007fff5ad40000 - 0x00007fff5ad49000 	C:\WINDOWS\SYSTEM32\WSOCK32.dll
0x00007fff5bc40000 - 0x00007fff5bc74000 	C:\WINDOWS\SYSTEM32\WINMM.dll
0x00007fff58e40000 - 0x00007fff58e4a000 	C:\WINDOWS\SYSTEM32\VERSION.dll
0x00007fff63ae0000 - 0x00007fff63b51000 	C:\WINDOWS\System32\WS2_32.dll
0x00007fff61c10000 - 0x00007fff61c28000 	C:\WINDOWS\SYSTEM32\kernel.appcore.dll
0x00007fff4f7c0000 - 0x00007fff4f7d0000 	C:\Users\klaus\AppData\Local\Programs\AdoptOpenJDK\jdk-11.0.11.9-hotspot\bin\verify.dll
0x00007fff605e0000 - 0x00007fff60806000 	C:\WINDOWS\SYSTEM32\DBGHELP.DLL
0x00007fff63760000 - 0x00007fff63adc000 	C:\WINDOWS\System32\combase.dll
0x00007fff63620000 - 0x00007fff636f7000 	C:\WINDOWS\System32\OLEAUT32.dll
0x00007fff4f780000 - 0x00007fff4f7b1000 	C:\WINDOWS\SYSTEM32\dbgcore.DLL
0x00007fff63120000 - 0x00007fff6319b000 	C:\WINDOWS\System32\bcryptPrimitives.dll
0x00007fff4c640000 - 0x00007fff4c668000 	C:\Users\klaus\AppData\Local\Programs\AdoptOpenJDK\jdk-11.0.11.9-hotspot\bin\java.dll
0x00007fff4e5d0000 - 0x00007fff4e5da000 	C:\Users\klaus\AppData\Local\Programs\AdoptOpenJDK\jdk-11.0.11.9-hotspot\bin\jimage.dll
0x00007fff4c9d0000 - 0x00007fff4c9e7000 	C:\Users\klaus\AppData\Local\Programs\AdoptOpenJDK\jdk-11.0.11.9-hotspot\bin\zip.dll
0x00007fff64330000 - 0x00007fff64ae8000 	C:\WINDOWS\System32\SHELL32.dll
0x00007fff60c40000 - 0x00007fff61496000 	C:\WINDOWS\SYSTEM32\windows.storage.dll
0x00007fff60b00000 - 0x00007fff60c3c000 	C:\WINDOWS\SYSTEM32\wintypes.dll
0x00007fff63c00000 - 0x00007fff63cf1000 	C:\WINDOWS\System32\SHCORE.dll
0x00007fff63ba0000 - 0x00007fff63bfb000 	C:\WINDOWS\System32\shlwapi.dll
0x00007fff62ad0000 - 0x00007fff62af1000 	C:\WINDOWS\SYSTEM32\profapi.dll
0x00007fff492e0000 - 0x00007fff492f9000 	C:\Users\klaus\AppData\Local\Programs\AdoptOpenJDK\jdk-11.0.11.9-hotspot\bin\net.dll
0x00007fff5be70000 - 0x00007fff5bf82000 	C:\WINDOWS\SYSTEM32\WINHTTP.dll
0x00007fff620a0000 - 0x00007fff62109000 	C:\WINDOWS\system32\mswsock.dll
0x00007fff492c0000 - 0x00007fff492d2000 	C:\Users\klaus\AppData\Local\Programs\AdoptOpenJDK\jdk-11.0.11.9-hotspot\bin\nio.dll
0x00007fff4cca0000 - 0x00007fff4ccc7000 	C:\Users\klaus\.gradle\native\49d0259a56938c7f99b2704e745ce422c4f750a7a20b539a32ccef96729676b1\windows-amd64\native-platform.dll
0x00007fff046c0000 - 0x00007fff04856000 	C:\Users\klaus\.gradle\native\12488b8bf47d2d4c9fbf2f6322a914ad602e24e48041cd04a747c6da556b65c4\windows-amd64\native-platform-file-events.dll
0x00007fff4df90000 - 0x00007fff4df99000 	C:\Users\klaus\AppData\Local\Programs\AdoptOpenJDK\jdk-11.0.11.9-hotspot\bin\management.dll
0x00007fff4dba0000 - 0x00007fff4dbab000 	C:\Users\klaus\AppData\Local\Programs\AdoptOpenJDK\jdk-11.0.11.9-hotspot\bin\management_ext.dll
0x00007fff622f0000 - 0x00007fff62308000 	C:\WINDOWS\SYSTEM32\CRYPTSP.dll
0x00007fff61b70000 - 0x00007fff61ba5000 	C:\WINDOWS\system32\rsaenh.dll
0x00007fff621a0000 - 0x00007fff621c9000 	C:\WINDOWS\SYSTEM32\USERENV.dll
0x00007fff624f0000 - 0x00007fff62518000 	C:\WINDOWS\SYSTEM32\bcrypt.dll
0x00007fff62310000 - 0x00007fff6231c000 	C:\WINDOWS\SYSTEM32\CRYPTBASE.dll
0x00007fff616e0000 - 0x00007fff6170d000 	C:\WINDOWS\SYSTEM32\IPHLPAPI.DLL
0x00007fff63ed0000 - 0x00007fff63ed9000 	C:\WINDOWS\System32\NSI.dll
0x00007fff5a7f0000 - 0x00007fff5a809000 	C:\WINDOWS\SYSTEM32\dhcpcsvc6.DLL
0x00007fff5a670000 - 0x00007fff5a68e000 	C:\WINDOWS\SYSTEM32\dhcpcsvc.DLL
0x00007fff61710000 - 0x00007fff61808000 	C:\WINDOWS\SYSTEM32\DNSAPI.dll
0x00007fff4cc90000 - 0x00007fff4cc9e000 	C:\Users\klaus\AppData\Local\Programs\AdoptOpenJDK\jdk-11.0.11.9-hotspot\bin\sunmscapi.dll
0x00007fff62ba0000 - 0x00007fff62cfc000 	C:\WINDOWS\System32\CRYPT32.dll
0x00007fff624c0000 - 0x00007fff624e9000 	C:\WINDOWS\SYSTEM32\ncrypt.dll
0x00007fff62480000 - 0x00007fff624b7000 	C:\WINDOWS\SYSTEM32\NTASN1.dll
0x00007fff46410000 - 0x00007fff46435000 	C:\Users\klaus\AppData\Local\Programs\AdoptOpenJDK\jdk-11.0.11.9-hotspot\bin\sunec.dll

dbghelp: loaded successfully - version: 4.0.5 - missing functions: none
symbol engine: initialized successfully - sym options: 0x614 - pdb path: .;C:\Users\klaus\AppData\Local\Programs\AdoptOpenJDK\jdk-11.0.11.9-hotspot\bin;C:\WINDOWS\SYSTEM32;C:\WINDOWS\WinSxS\amd64_microsoft.windows.common-controls_6595b64144ccf1df_6.0.22526.1000_none_27d3c5d6f3f929f2;C:\Users\klaus\AppData\Local\Programs\AdoptOpenJDK\jdk-11.0.11.9-hotspot\bin\server;C:\Users\klaus\.gradle\native\49d0259a56938c7f99b2704e745ce422c4f750a7a20b539a32ccef96729676b1\windows-amd64;C:\Users\klaus\.gradle\native\12488b8bf47d2d4c9fbf2f6322a914ad602e24e48041cd04a747c6da556b65c4\windows-amd64

VM Arguments:
jvm_args: -XX:MaxPermSize=512m -XX:+HeapDumpOnOutOfMemoryError --add-opens=java.base/java.util=ALL-UNNAMED --add-opens=java.base/java.lang=ALL-UNNAMED --add-opens=java.base/java.lang.invoke=ALL-UNNAMED --add-opens=java.prefs/java.util.prefs=ALL-UNNAMED -Xmx2048m -Dfile.encoding=UTF-8 -Duser.country=DE -Duser.language=de -Duser.variant 
java_command: org.gradle.launcher.daemon.bootstrap.GradleDaemon 6.9
java_class_path (initial): C:\Users\klaus\.gradle\wrapper\dists\gradle-6.9-all\dooywd8nv05k16orzxge2b1bs\gradle-6.9\lib\gradle-launcher-6.9.jar
Launcher Type: SUN_STANDARD

[Global flags]
     intx CICompilerCount                          = 3                                         {product} {ergonomic}
     uint ConcGCThreads                            = 2                                         {product} {ergonomic}
     uint G1ConcRefinementThreads                  = 6                                         {product} {ergonomic}
   size_t G1HeapRegionSize                         = 1048576                                   {product} {ergonomic}
    uintx GCDrainStackTargetSize                   = 64                                        {product} {ergonomic}
     bool HeapDumpOnOutOfMemoryError               = true                                   {manageable} {command line}
   size_t InitialHeapSize                          = 125829120                                 {product} {ergonomic}
   size_t MarkStackSize                            = 4194304                                   {product} {ergonomic}
   size_t MaxHeapSize                              = 2147483648                                {product} {command line}
   size_t MaxNewSize                               = 1287651328                                {product} {ergonomic}
   size_t MinHeapDeltaBytes                        = 1048576                                   {product} {ergonomic}
    uintx NonNMethodCodeHeapSize                   = 5830732                                {pd product} {ergonomic}
    uintx NonProfiledCodeHeapSize                  = 122913754                              {pd product} {ergonomic}
    uintx ProfiledCodeHeapSize                     = 122913754                              {pd product} {ergonomic}
    uintx ReservedCodeCacheSize                    = 251658240                              {pd product} {ergonomic}
     bool SegmentedCodeCache                       = true                                      {product} {ergonomic}
     bool UseCompressedClassPointers               = true                                 {lp64_product} {ergonomic}
     bool UseCompressedOops                        = true                                 {lp64_product} {ergonomic}
     bool UseG1GC                                  = true                                      {product} {ergonomic}
     bool UseLargePagesIndividualAllocation        = false                                  {pd product} {ergonomic}

Logging:
Log output configuration:
 #0: stdout all=warning uptime,level,tags
 #1: stderr all=off uptime,level,tags

Environment Variables:
JAVA_HOME=C:\Users\klaus\AppData\Local\Programs\AdoptOpenJDK\jdk-11.0.11.9-hotspot\
PATH=C:\Program Files (x86)\Common Files\Oracle\Java\javapath;C:\Program Files\AdoptOpenJDK\jdk-8.0.292.10-hotspot\bin;C:\WINDOWS\system32;C:\WINDOWS;C:\WINDOWS\System32\Wbem;C:\WINDOWS\System32\WindowsPowerShell\v1.0\;C:\WINDOWS\System32\OpenSSH\;D:\03 Programminstallationen\Node\;D:\03 Programminstallationen\Git\cmd;C:\Users\klaus\AppData\Local\Programs\AdoptOpenJDK\jdk-11.0.11.9-hotspot\bin;C:\Users\klaus\AppData\Local\Microsoft\WindowsApps;;D:\03 Programminstallationen\Microsoft VS Code\bin;C:\Users\klaus\AppData\Roaming\npm
USERNAME=klaus
OS=Windows_NT
PROCESSOR_IDENTIFIER=AMD64 Family 23 Model 96 Stepping 1, AuthenticAMD



---------------  S Y S T E M  ---------------

OS: Windows 10 , 64 bit Build 22526 (10.0.22526.1000)
OS uptime: 23 days 2:07 hours

CPU:total 6 (initial active 6) (6 cores per cpu, 1 threads per core) family 23 model 96 stepping 1 microcode 0x0, cmov, cx8, fxsr, mmx, sse, sse2, sse3, ssse3, sse4.1, sse4.2, popcnt, avx, avx2, aes, clmul, mmxext, 3dnowpref, lzcnt, sse4a, tsc, tscinvbit, tscinv, bmi1, bmi2, adx, sha, 

Memory: 4k page, system-wide physical 7564M (60M free)
TotalPageFile size 11721M (AvailPageFile size 0M)
current process WorkingSet (physical memory assigned to process): 303M, peak: 306M
current process commit charge ("private bytes"): 358M, peak: 361M

vm_info: OpenJDK 64-Bit Server VM (11.0.11+9) for windows-amd64 JRE (11.0.11+9), built on Apr 20 2021 21:22:09 by "" with MS VC++ 15.9 (VS2017)

END.
