#
# There is insufficient memory for the Java Runtime Environment to continue.
# Native memory allocation (malloc) failed to allocate 1036336 bytes for Chunk::new
# Possible reasons:
#   The system is out of physical RAM or swap space
#   The process is running with CompressedOops enabled, and the Java Heap may be blocking the growth of the native heap
# Possible solutions:
#   Reduce memory load on the system
#   Increase physical memory or swap space
#   Check if swap backing store is full
#   Decrease Java heap size (-Xmx/-Xms)
#   Decrease number of Java threads
#   Decrease Java thread stack sizes (-Xss)
#   Set larger code cache with -XX:ReservedCodeCacheSize=
#   JVM is running with Unscaled Compressed Oops mode in which the Java heap is
#     placed in the first 4GB address space. The Java Heap base address is the
#     maximum limit for the native heap growth. Please use -XX:HeapBaseMinAddress
#     to set the Java Heap base and to place the Java Heap above 4GB virtual address.
# This output file may be truncated or incomplete.
#
#  Out of Memory Error (arena.cpp:189), pid=15952, tid=32456
#
# JRE version: OpenJDK Runtime Environment Temurin-17.0.4.1+1 (17.0.4.1+1) (build 17.0.4.1+1)
# Java VM: OpenJDK 64-Bit Server VM Temurin-17.0.4.1+1 (17.0.4.1+1, mixed mode, tiered, compressed oops, compressed class ptrs, parallel gc, windows-amd64)
# No core dump will be written. Minidumps are not enabled by default on client versions of Windows
#

---------------  S U M M A R Y ------------

Command Line: --add-modules=ALL-SYSTEM --add-opens=java.base/java.util=ALL-UNNAMED --add-opens=java.base/java.lang=ALL-UNNAMED --add-opens=java.base/sun.nio.fs=ALL-UNNAMED -Declipse.application=org.eclipse.jdt.ls.core.id1 -Dosgi.bundles.defaultStartLevel=4 -Declipse.product=org.eclipse.jdt.ls.core.product -Djava.import.generatesMetadataFilesAtProjectRoot=false -Dfile.encoding=utf8 -DwatchParentProcess=false -XX:+UseParallelGC -XX:GCTimeRatio=4 -XX:AdaptiveSizePolicyWeight=90 -Dsun.zip.disableMemoryMapping=true -Xmx1G -Xms100m -Xlog:disable -javaagent:c:\Users\klaus\.vscode\extensions\redhat.java-1.11.0-win32-x64\lombok\lombok-1.18.24.jar -XX:+HeapDumpOnOutOfMemoryError -XX:HeapDumpPath=c:\Users\klaus\AppData\Roaming\Code\User\workspaceStorage\5e1848800e055d8d43f9c2570bf40327\redhat.java c:\Users\klaus\.vscode\extensions\redhat.java-1.11.0-win32-x64\server\plugins\org.eclipse.equinox.launcher_1.6.400.v20210924-0641.jar -configuration c:\Users\klaus\AppData\Roaming\Code\User\globalStorage\redhat.java\1.11.0\config_win -data c:\Users\klaus\AppData\Roaming\Code\User\workspaceStorage\5e1848800e055d8d43f9c2570bf40327\redhat.java\jdt_ws

Host: AMD Ryzen 5 4500U with Radeon Graphics         , 6 cores, 7G,  Windows 11 , 64 bit Build 22526 (10.0.22526.1000)
Time: Sat Oct  8 15:02:37 2022 Mitteleuropäische Sommerzeit elapsed time: 89.125538 seconds (0d 0h 1m 29s)

---------------  T H R E A D  ---------------

Current thread (0x000002048f01f3e0):  JavaThread "C2 CompilerThread0" daemon [_thread_in_native, id=32456, stack(0x000000c2f7600000,0x000000c2f7700000)]


Current CompileTask:
C2:  89125 7284   !   4       java.io.ObjectInputStream::readObject0 (681 bytes)

Stack: [0x000000c2f7600000,0x000000c2f7700000]
Native frames: (J=compiled Java code, j=interpreted, Vv=VM code, C=native code)
V  [jvm.dll+0x67731a]
V  [jvm.dll+0x832284]
V  [jvm.dll+0x833a2e]
V  [jvm.dll+0x834093]
V  [jvm.dll+0x245775]
V  [jvm.dll+0xabd7b]
V  [jvm.dll+0xac30c]
V  [jvm.dll+0x363a42]
V  [jvm.dll+0x32e011]
V  [jvm.dll+0x32d4ba]
V  [jvm.dll+0x218681]
V  [jvm.dll+0x217aa1]
V  [jvm.dll+0x1a3f8d]
V  [jvm.dll+0x227498]
V  [jvm.dll+0x2255e5]
V  [jvm.dll+0x7e7e9b]
V  [jvm.dll+0x7e240a]
V  [jvm.dll+0x6761a5]
C  [ucrtbase.dll+0x293cc]
C  [KERNEL32.DLL+0x11350]
C  [ntdll.dll+0x51e78]


---------------  P R O C E S S  ---------------

Threads class SMR info:
_java_thread_list=0x0000020494d26860, length=31, elements={
0x00000204f8f13100, 0x00000204fdd6d040, 0x00000204fdd6e120, 0x00000204fdd93010,
0x00000204fdd95da0, 0x000002048f01b300, 0x000002048f01e7f0, 0x000002048f01f3e0,
0x000002048f021bc0, 0x00000204fdd96fb0, 0x00000204f8fd0f70, 0x000002048f274870,
0x000002048f931fd0, 0x000002048fa875b0, 0x000002048fa88fe0, 0x000002048fa84a80,
0x00000204904fa2e0, 0x000002048f37df00, 0x000002048f380580, 0x000002048f37d560,
0x000002048f380a50, 0x000002048f37d090, 0x000002048f37f240, 0x000002048f37da30,
0x000002048f37e3d0, 0x000002048f37e8a0, 0x000002048f37f710, 0x000002048f37fbe0,
0x0000020492cc0280, 0x0000020492cbe5a0, 0x0000020494743f10
}

Java Threads: ( => current thread )
  0x00000204f8f13100 JavaThread "main" [_thread_blocked, id=6272, stack(0x000000c2f6d00000,0x000000c2f6e00000)]
  0x00000204fdd6d040 JavaThread "Reference Handler" daemon [_thread_blocked, id=27068, stack(0x000000c2f7000000,0x000000c2f7100000)]
  0x00000204fdd6e120 JavaThread "Finalizer" daemon [_thread_blocked, id=9348, stack(0x000000c2f7100000,0x000000c2f7200000)]
  0x00000204fdd93010 JavaThread "Signal Dispatcher" daemon [_thread_blocked, id=26048, stack(0x000000c2f7200000,0x000000c2f7300000)]
  0x00000204fdd95da0 JavaThread "Attach Listener" daemon [_thread_blocked, id=33796, stack(0x000000c2f7300000,0x000000c2f7400000)]
  0x000002048f01b300 JavaThread "Service Thread" daemon [_thread_blocked, id=31260, stack(0x000000c2f7400000,0x000000c2f7500000)]
  0x000002048f01e7f0 JavaThread "Monitor Deflation Thread" daemon [_thread_blocked, id=30264, stack(0x000000c2f7500000,0x000000c2f7600000)]
=>0x000002048f01f3e0 JavaThread "C2 CompilerThread0" daemon [_thread_in_native, id=32456, stack(0x000000c2f7600000,0x000000c2f7700000)]
  0x000002048f021bc0 JavaThread "C1 CompilerThread0" daemon [_thread_in_native, id=9812, stack(0x000000c2f7700000,0x000000c2f7800000)]
  0x00000204fdd96fb0 JavaThread "Sweeper thread" daemon [_thread_blocked, id=32680, stack(0x000000c2f7800000,0x000000c2f7900000)]
  0x00000204f8fd0f70 JavaThread "Common-Cleaner" daemon [_thread_blocked, id=26892, stack(0x000000c2f7900000,0x000000c2f7a00000)]
  0x000002048f274870 JavaThread "Notification Thread" daemon [_thread_blocked, id=20092, stack(0x000000c2f7a00000,0x000000c2f7b00000)]
  0x000002048f931fd0 JavaThread "Active Thread: Equinox Container: c9387534-a1f1-48af-9c0e-3be6e79488f4" [_thread_blocked, id=20220, stack(0x000000c2f8100000,0x000000c2f8200000)]
  0x000002048fa875b0 JavaThread "Framework Event Dispatcher: Equinox Container: c9387534-a1f1-48af-9c0e-3be6e79488f4" daemon [_thread_blocked, id=27588, stack(0x000000c2f8200000,0x000000c2f8300000)]
  0x000002048fa88fe0 JavaThread "Start Level: Equinox Container: c9387534-a1f1-48af-9c0e-3be6e79488f4" daemon [_thread_blocked, id=2636, stack(0x000000c2f8300000,0x000000c2f8400000)]
  0x000002048fa84a80 JavaThread "SCR Component Actor" daemon [_thread_blocked, id=2184, stack(0x000000c2f8400000,0x000000c2f8500000)]
  0x00000204904fa2e0 JavaThread "Bundle File Closer" daemon [_thread_blocked, id=20796, stack(0x000000c2f8600000,0x000000c2f8700000)]
  0x000002048f37df00 JavaThread "Worker-JM" [_thread_blocked, id=16320, stack(0x000000c2f8700000,0x000000c2f8800000)]
  0x000002048f380580 JavaThread "Worker-0: Initialize Workspace" [_thread_in_Java, id=28380, stack(0x000000c2f8800000,0x000000c2f8900000)]
  0x000002048f37d560 JavaThread "Worker-1" [_thread_blocked, id=11192, stack(0x000000c2f8900000,0x000000c2f8a00000)]
  0x000002048f380a50 JavaThread "Worker-2: Updating Maven Dependencies" [_thread_blocked, id=17076, stack(0x000000c2f8a00000,0x000000c2f8b00000)]
  0x000002048f37d090 JavaThread "Java indexing" daemon [_thread_blocked, id=27604, stack(0x000000c2f8c00000,0x000000c2f8d00000)]
  0x000002048f37f240 JavaThread "pool-1-thread-1" [_thread_blocked, id=33000, stack(0x000000c2f8f00000,0x000000c2f9000000)]
  0x000002048f37da30 JavaThread "Worker-3" [_thread_blocked, id=17148, stack(0x000000c2f9000000,0x000000c2f9100000)]
  0x000002048f37e3d0 JavaThread "Worker-4" [_thread_blocked, id=19040, stack(0x000000c2f9100000,0x000000c2f9200000)]
  0x000002048f37e8a0 JavaThread "Timer-0" [_thread_blocked, id=9080, stack(0x000000c2f9200000,0x000000c2f9300000)]
  0x000002048f37f710 JavaThread "Timer-1" [_thread_blocked, id=10416, stack(0x000000c2f9300000,0x000000c2f9400000)]
  0x000002048f37fbe0 JavaThread "Timer-2" [_thread_blocked, id=21064, stack(0x000000c2f9400000,0x000000c2f9500000)]
  0x0000020492cc0280 JavaThread "Timer-3" [_thread_blocked, id=35640, stack(0x000000c2f9900000,0x000000c2f9a00000)]
  0x0000020492cbe5a0 JavaThread "Timer-4" [_thread_blocked, id=35656, stack(0x000000c2f9500000,0x000000c2f9600000)]
  0x0000020494743f10 JavaThread "Timer-5" [_thread_blocked, id=35712, stack(0x000000c2f6b00000,0x000000c2f6c00000)]

Other Threads:
  0x00000204fdd581f0 VMThread "VM Thread" [stack: 0x000000c2f6f00000,0x000000c2f7000000] [id=30436]
  0x000002048f325d90 WatcherThread [stack: 0x000000c2f7b00000,0x000000c2f7c00000] [id=31544]
  0x00000204f8f28a40 GCTaskThread "GC Thread#0" [stack: 0x000000c2f6e00000,0x000000c2f6f00000] [id=33364]
  0x000002048f875f20 GCTaskThread "GC Thread#1" [stack: 0x000000c2f7c00000,0x000000c2f7d00000] [id=16812]
  0x000002048f8767f0 GCTaskThread "GC Thread#2" [stack: 0x000000c2f7d00000,0x000000c2f7e00000] [id=34596]
  0x000002048f340010 GCTaskThread "GC Thread#3" [stack: 0x000000c2f7e00000,0x000000c2f7f00000] [id=23824]
  0x000002048f3402c0 GCTaskThread "GC Thread#4" [stack: 0x000000c2f7f00000,0x000000c2f8000000] [id=34520]
  0x000002048f340570 GCTaskThread "GC Thread#5" [stack: 0x000000c2f8000000,0x000000c2f8100000] [id=18988]

Threads with active compile tasks:
C2 CompilerThread0    89149 7284   !   4       java.io.ObjectInputStream::readObject0 (681 bytes)

VM state: not at safepoint (normal execution)

VM Mutex/Monitor currently owned by a thread: None

Heap address: 0x00000000c0000000, size: 1024 MB, Compressed Oops mode: 32-bit

CDS archive(s) not mapped
Compressed class space mapped at: 0x0000000100000000-0x0000000140000000, reserved size: 1073741824
Narrow klass base: 0x0000000000000000, Narrow klass shift: 3, Narrow klass range: 0x140000000

GC Precious Log:
 CPUs: 6 total, 6 available
 Memory: 7564M
 Large Page Support: Disabled
 NUMA Support: Disabled
 Compressed Oops: Enabled (32-bit)
 Alignments: Space 512K, Generation 512K, Heap 2M
 Heap Min Capacity: 100M
 Heap Initial Capacity: 100M
 Heap Max Capacity: 1G
 Pre-touch: Disabled
 Parallel Workers: 6

Heap:
 PSYoungGen      total 20480K, used 1722K [0x00000000eab00000, 0x00000000ec280000, 0x0000000100000000)
  eden space 19968K, 6% used [0x00000000eab00000,0x00000000eac36510,0x00000000ebe80000)
  from space 512K, 93% used [0x00000000ec100000,0x00000000ec1783b8,0x00000000ec180000)
  to   space 1024K, 0% used [0x00000000ec180000,0x00000000ec180000,0x00000000ec280000)
 ParOldGen       total 68608K, used 49041K [0x00000000c0000000, 0x00000000c4300000, 0x00000000eab00000)
  object space 68608K, 71% used [0x00000000c0000000,0x00000000c2fe4490,0x00000000c4300000)
 Metaspace       used 64567K, committed 65600K, reserved 1105920K
  class space    used 7864K, committed 8320K, reserved 1048576K

Card table byte_map: [0x00000204f88c0000,0x00000204f8ad0000] _byte_map_base: 0x00000204f82c0000

Marking Bits: (ParMarkBitMap*) 0x00007fff02792cc0
 Begin Bits: [0x00000204fbba0000, 0x00000204fcba0000)
 End Bits:   [0x00000204fcba0000, 0x00000204fdba0000)

Polling page: 0x00000204f6ef0000

Metaspace:

Usage:
  Non-class:     55.37 MB used.
      Class:      7.68 MB used.
       Both:     63.05 MB used.

Virtual space:
  Non-class space:       56.00 MB reserved,      55.94 MB (>99%) committed,  7 nodes.
      Class space:        1.00 GB reserved,       8.12 MB ( <1%) committed,  1 nodes.
             Both:        1.05 GB reserved,      64.06 MB (  6%) committed. 

Chunk freelists:
   Non-Class:  120.00 KB
       Class:  3.78 MB
        Both:  3.90 MB

MaxMetaspaceSize: unlimited
CompressedClassSpaceSize: 1.00 GB
Initial GC threshold: 21.00 MB
Current GC threshold: 97.31 MB
CDS: off
MetaspaceReclaimPolicy: balanced
 - commit_granule_bytes: 65536.
 - commit_granule_words: 8192.
 - virtual_space_node_default_size: 1048576.
 - enlarge_chunks_in_place: 1.
 - new_chunks_are_fully_committed: 0.
 - uncommit_free_chunks: 1.
 - use_allocation_guard: 0.
 - handle_deallocations: 1.


Internal statistics:

num_allocs_failed_limit: 9.
num_arena_births: 590.
num_arena_deaths: 14.
num_vsnodes_births: 8.
num_vsnodes_deaths: 0.
num_space_committed: 1025.
num_space_uncommitted: 0.
num_chunks_returned_to_freelist: 23.
num_chunks_taken_from_freelist: 2890.
num_chunk_merges: 13.
num_chunk_splits: 1856.
num_chunks_enlarged: 1160.
num_purges: 2.
num_inconsistent_stats: 0.

CodeHeap 'non-profiled nmethods': size=120000Kb used=4320Kb max_used=4320Kb free=115679Kb
 bounds [0x0000020487ad0000, 0x0000020487f10000, 0x000002048f000000]
CodeHeap 'profiled nmethods': size=120000Kb used=12487Kb max_used=12487Kb free=107512Kb
 bounds [0x00000204805a0000, 0x00000204811e0000, 0x0000020487ad0000]
CodeHeap 'non-nmethods': size=5760Kb used=1334Kb max_used=1386Kb free=4425Kb
 bounds [0x0000020480000000, 0x0000020480270000, 0x00000204805a0000]
 total_blobs=7108 nmethods=6440 adapters=582
 compilation: enabled
              stopped_count=0, restarted_count=0
 full_count=0

Compilation events (20 events):
Event: 89.113 Thread 0x000002048f021bc0 7312       3       org.eclipse.core.runtime.jobs.Job::getJobGroup (5 bytes)
Event: 89.113 Thread 0x000002048f021bc0 nmethod 7312 0x00000204811c5b10 code [0x00000204811c5ca0, 0x00000204811c5db8]
Event: 89.113 Thread 0x000002048f021bc0 7314  s    1       org.eclipse.core.internal.resources.WorkManager::getPreparedOperationDepth (5 bytes)
Event: 89.113 Thread 0x000002048f021bc0 nmethod 7314 0x0000020487f07090 code [0x0000020487f07220, 0x0000020487f07398]
Event: 89.113 Thread 0x000002048f021bc0 7315       3       org.eclipse.core.internal.jobs.DeadlockDetector::indexOf (43 bytes)
Event: 89.113 Thread 0x000002048f021bc0 nmethod 7315 0x00000204811c5e90 code [0x00000204811c6080, 0x00000204811c6818]
Event: 89.113 Thread 0x000002048f021bc0 7316       3       org.eclipse.core.internal.jobs.DeadlockDetector::indexOf (43 bytes)
Event: 89.114 Thread 0x000002048f021bc0 nmethod 7316 0x00000204811c6b10 code [0x00000204811c6d00, 0x00000204811c7498]
Event: 89.114 Thread 0x000002048f021bc0 7317       3       java.io.PrintWriter::println (5 bytes)
Event: 89.114 Thread 0x000002048f021bc0 nmethod 7317 0x00000204811c7790 code [0x00000204811c7920, 0x00000204811c7a68]
Event: 89.114 Thread 0x000002048f021bc0 7318   !   3       java.io.PrintWriter::newLine (65 bytes)
Event: 89.114 Thread 0x000002048f021bc0 nmethod 7318 0x00000204811c7b10 code [0x00000204811c7d40, 0x00000204811c8458]
Event: 89.114 Thread 0x000002048f021bc0 7319       3       java.lang.Throwable$WrappedPrintWriter::println (9 bytes)
Event: 89.114 Thread 0x000002048f021bc0 nmethod 7319 0x00000204811c8810 code [0x00000204811c89c0, 0x00000204811c8b28]
Event: 89.114 Thread 0x000002048f021bc0 7320   !   3       java.io.PrintWriter::println (34 bytes)
Event: 89.115 Thread 0x000002048f021bc0 nmethod 7320 0x00000204811c8c10 code [0x00000204811c8e40, 0x00000204811c9618]
Event: 89.116 Thread 0x000002048f021bc0 7321       3       org.eclipse.osgi.internal.log.EquinoxLogWriter::write (27 bytes)
Event: 89.116 Thread 0x000002048f021bc0 nmethod 7321 0x00000204811c9a10 code [0x00000204811c9bc0, 0x00000204811c9ef8]
Event: 89.116 Thread 0x000002048f021bc0 7322       3       java.lang.StackTraceElement::equals (120 bytes)
Event: 89.117 Thread 0x000002048f021bc0 nmethod 7322 0x00000204811ca010 code [0x00000204811ca280, 0x00000204811caf58]

GC Heap History (20 events):
Event: 84.338 GC heap before
{Heap before GC invocations=47 (full 3):
 PSYoungGen      total 20480K, used 20128K [0x00000000eab00000, 0x00000000ec200000, 0x0000000100000000)
  eden space 19968K, 100% used [0x00000000eab00000,0x00000000ebe80000,0x00000000ebe80000)
  from space 512K, 31% used [0x00000000ec100000,0x00000000ec128000,0x00000000ec180000)
  to   space 512K, 0% used [0x00000000ec180000,0x00000000ec180000,0x00000000ec200000)
 ParOldGen       total 68608K, used 47763K [0x00000000c0000000, 0x00000000c4300000, 0x00000000eab00000)
  object space 68608K, 69% used [0x00000000c0000000,0x00000000c2ea4ff8,0x00000000c4300000)
 Metaspace       used 64051K, committed 65024K, reserved 1105920K
  class space    used 7802K, committed 8256K, reserved 1048576K
}
Event: 84.339 GC heap after
{Heap after GC invocations=47 (full 3):
 PSYoungGen      total 20480K, used 160K [0x00000000eab00000, 0x00000000ec200000, 0x0000000100000000)
  eden space 19968K, 0% used [0x00000000eab00000,0x00000000eab00000,0x00000000ebe80000)
  from space 512K, 31% used [0x00000000ec180000,0x00000000ec1a8000,0x00000000ec200000)
  to   space 512K, 0% used [0x00000000ec100000,0x00000000ec100000,0x00000000ec180000)
 ParOldGen       total 68608K, used 47795K [0x00000000c0000000, 0x00000000c4300000, 0x00000000eab00000)
  object space 68608K, 69% used [0x00000000c0000000,0x00000000c2eacff8,0x00000000c4300000)
 Metaspace       used 64051K, committed 65024K, reserved 1105920K
  class space    used 7802K, committed 8256K, reserved 1048576K
}
Event: 84.657 GC heap before
{Heap before GC invocations=48 (full 3):
 PSYoungGen      total 20480K, used 20127K [0x00000000eab00000, 0x00000000ec200000, 0x0000000100000000)
  eden space 19968K, 99% used [0x00000000eab00000,0x00000000ebe7fff8,0x00000000ebe80000)
  from space 512K, 31% used [0x00000000ec180000,0x00000000ec1a8000,0x00000000ec200000)
  to   space 512K, 0% used [0x00000000ec100000,0x00000000ec100000,0x00000000ec180000)
 ParOldGen       total 68608K, used 47795K [0x00000000c0000000, 0x00000000c4300000, 0x00000000eab00000)
  object space 68608K, 69% used [0x00000000c0000000,0x00000000c2eacff8,0x00000000c4300000)
 Metaspace       used 64071K, committed 65024K, reserved 1105920K
  class space    used 7804K, committed 8256K, reserved 1048576K
}
Event: 84.658 GC heap after
{Heap after GC invocations=48 (full 3):
 PSYoungGen      total 20480K, used 128K [0x00000000eab00000, 0x00000000ec200000, 0x0000000100000000)
  eden space 19968K, 0% used [0x00000000eab00000,0x00000000eab00000,0x00000000ebe80000)
  from space 512K, 25% used [0x00000000ec100000,0x00000000ec120000,0x00000000ec180000)
  to   space 512K, 0% used [0x00000000ec180000,0x00000000ec180000,0x00000000ec200000)
 ParOldGen       total 68608K, used 47803K [0x00000000c0000000, 0x00000000c4300000, 0x00000000eab00000)
  object space 68608K, 69% used [0x00000000c0000000,0x00000000c2eaeff8,0x00000000c4300000)
 Metaspace       used 64071K, committed 65024K, reserved 1105920K
  class space    used 7804K, committed 8256K, reserved 1048576K
}
Event: 86.304 GC heap before
{Heap before GC invocations=49 (full 3):
 PSYoungGen      total 20480K, used 20096K [0x00000000eab00000, 0x00000000ec200000, 0x0000000100000000)
  eden space 19968K, 100% used [0x00000000eab00000,0x00000000ebe80000,0x00000000ebe80000)
  from space 512K, 25% used [0x00000000ec100000,0x00000000ec120000,0x00000000ec180000)
  to   space 512K, 0% used [0x00000000ec180000,0x00000000ec180000,0x00000000ec200000)
 ParOldGen       total 68608K, used 47803K [0x00000000c0000000, 0x00000000c4300000, 0x00000000eab00000)
  object space 68608K, 69% used [0x00000000c0000000,0x00000000c2eaeff8,0x00000000c4300000)
 Metaspace       used 64073K, committed 65024K, reserved 1105920K
  class space    used 7804K, committed 8256K, reserved 1048576K
}
Event: 86.304 GC heap after
{Heap after GC invocations=49 (full 3):
 PSYoungGen      total 20480K, used 128K [0x00000000eab00000, 0x00000000ec200000, 0x0000000100000000)
  eden space 19968K, 0% used [0x00000000eab00000,0x00000000eab00000,0x00000000ebe80000)
  from space 512K, 25% used [0x00000000ec180000,0x00000000ec1a0000,0x00000000ec200000)
  to   space 512K, 0% used [0x00000000ec100000,0x00000000ec100000,0x00000000ec180000)
 ParOldGen       total 68608K, used 47835K [0x00000000c0000000, 0x00000000c4300000, 0x00000000eab00000)
  object space 68608K, 69% used [0x00000000c0000000,0x00000000c2eb6ff8,0x00000000c4300000)
 Metaspace       used 64073K, committed 65024K, reserved 1105920K
  class space    used 7804K, committed 8256K, reserved 1048576K
}
Event: 86.636 GC heap before
{Heap before GC invocations=50 (full 3):
 PSYoungGen      total 20480K, used 20096K [0x00000000eab00000, 0x00000000ec200000, 0x0000000100000000)
  eden space 19968K, 100% used [0x00000000eab00000,0x00000000ebe80000,0x00000000ebe80000)
  from space 512K, 25% used [0x00000000ec180000,0x00000000ec1a0000,0x00000000ec200000)
  to   space 512K, 0% used [0x00000000ec100000,0x00000000ec100000,0x00000000ec180000)
 ParOldGen       total 68608K, used 47835K [0x00000000c0000000, 0x00000000c4300000, 0x00000000eab00000)
  object space 68608K, 69% used [0x00000000c0000000,0x00000000c2eb6ff8,0x00000000c4300000)
 Metaspace       used 64078K, committed 65024K, reserved 1105920K
  class space    used 7805K, committed 8256K, reserved 1048576K
}
Event: 86.637 GC heap after
{Heap after GC invocations=50 (full 3):
 PSYoungGen      total 20480K, used 128K [0x00000000eab00000, 0x00000000ec200000, 0x0000000100000000)
  eden space 19968K, 0% used [0x00000000eab00000,0x00000000eab00000,0x00000000ebe80000)
  from space 512K, 25% used [0x00000000ec100000,0x00000000ec120000,0x00000000ec180000)
  to   space 512K, 0% used [0x00000000ec180000,0x00000000ec180000,0x00000000ec200000)
 ParOldGen       total 68608K, used 47843K [0x00000000c0000000, 0x00000000c4300000, 0x00000000eab00000)
  object space 68608K, 69% used [0x00000000c0000000,0x00000000c2eb8ff8,0x00000000c4300000)
 Metaspace       used 64078K, committed 65024K, reserved 1105920K
  class space    used 7805K, committed 8256K, reserved 1048576K
}
Event: 87.009 GC heap before
{Heap before GC invocations=51 (full 3):
 PSYoungGen      total 20480K, used 20096K [0x00000000eab00000, 0x00000000ec200000, 0x0000000100000000)
  eden space 19968K, 100% used [0x00000000eab00000,0x00000000ebe80000,0x00000000ebe80000)
  from space 512K, 25% used [0x00000000ec100000,0x00000000ec120000,0x00000000ec180000)
  to   space 512K, 0% used [0x00000000ec180000,0x00000000ec180000,0x00000000ec200000)
 ParOldGen       total 68608K, used 47843K [0x00000000c0000000, 0x00000000c4300000, 0x00000000eab00000)
  object space 68608K, 69% used [0x00000000c0000000,0x00000000c2eb8ff8,0x00000000c4300000)
 Metaspace       used 64079K, committed 65024K, reserved 1105920K
  class space    used 7805K, committed 8256K, reserved 1048576K
}
Event: 87.009 GC heap after
{Heap after GC invocations=51 (full 3):
 PSYoungGen      total 20480K, used 128K [0x00000000eab00000, 0x00000000ec200000, 0x0000000100000000)
  eden space 19968K, 0% used [0x00000000eab00000,0x00000000eab00000,0x00000000ebe80000)
  from space 512K, 25% used [0x00000000ec180000,0x00000000ec1a0000,0x00000000ec200000)
  to   space 512K, 0% used [0x00000000ec100000,0x00000000ec100000,0x00000000ec180000)
 ParOldGen       total 68608K, used 47867K [0x00000000c0000000, 0x00000000c4300000, 0x00000000eab00000)
  object space 68608K, 69% used [0x00000000c0000000,0x00000000c2ebeff8,0x00000000c4300000)
 Metaspace       used 64079K, committed 65024K, reserved 1105920K
  class space    used 7805K, committed 8256K, reserved 1048576K
}
Event: 87.663 GC heap before
{Heap before GC invocations=52 (full 3):
 PSYoungGen      total 20480K, used 20096K [0x00000000eab00000, 0x00000000ec200000, 0x0000000100000000)
  eden space 19968K, 100% used [0x00000000eab00000,0x00000000ebe80000,0x00000000ebe80000)
  from space 512K, 25% used [0x00000000ec180000,0x00000000ec1a0000,0x00000000ec200000)
  to   space 512K, 0% used [0x00000000ec100000,0x00000000ec100000,0x00000000ec180000)
 ParOldGen       total 68608K, used 47867K [0x00000000c0000000, 0x00000000c4300000, 0x00000000eab00000)
  object space 68608K, 69% used [0x00000000c0000000,0x00000000c2ebeff8,0x00000000c4300000)
 Metaspace       used 64082K, committed 65024K, reserved 1105920K
  class space    used 7805K, committed 8256K, reserved 1048576K
}
Event: 87.664 GC heap after
{Heap after GC invocations=52 (full 3):
 PSYoungGen      total 20480K, used 128K [0x00000000eab00000, 0x00000000ec200000, 0x0000000100000000)
  eden space 19968K, 0% used [0x00000000eab00000,0x00000000eab00000,0x00000000ebe80000)
  from space 512K, 25% used [0x00000000ec100000,0x00000000ec120000,0x00000000ec180000)
  to   space 512K, 0% used [0x00000000ec180000,0x00000000ec180000,0x00000000ec200000)
 ParOldGen       total 68608K, used 47875K [0x00000000c0000000, 0x00000000c4300000, 0x00000000eab00000)
  object space 68608K, 69% used [0x00000000c0000000,0x00000000c2ec0ff8,0x00000000c4300000)
 Metaspace       used 64082K, committed 65024K, reserved 1105920K
  class space    used 7805K, committed 8256K, reserved 1048576K
}
Event: 88.007 GC heap before
{Heap before GC invocations=53 (full 3):
 PSYoungGen      total 20480K, used 20096K [0x00000000eab00000, 0x00000000ec200000, 0x0000000100000000)
  eden space 19968K, 100% used [0x00000000eab00000,0x00000000ebe80000,0x00000000ebe80000)
  from space 512K, 25% used [0x00000000ec100000,0x00000000ec120000,0x00000000ec180000)
  to   space 512K, 0% used [0x00000000ec180000,0x00000000ec180000,0x00000000ec200000)
 ParOldGen       total 68608K, used 47875K [0x00000000c0000000, 0x00000000c4300000, 0x00000000eab00000)
  object space 68608K, 69% used [0x00000000c0000000,0x00000000c2ec0ff8,0x00000000c4300000)
 Metaspace       used 64087K, committed 65024K, reserved 1105920K
  class space    used 7805K, committed 8256K, reserved 1048576K
}
Event: 88.008 GC heap after
{Heap after GC invocations=53 (full 3):
 PSYoungGen      total 20480K, used 128K [0x00000000eab00000, 0x00000000ec200000, 0x0000000100000000)
  eden space 19968K, 0% used [0x00000000eab00000,0x00000000eab00000,0x00000000ebe80000)
  from space 512K, 25% used [0x00000000ec180000,0x00000000ec1a0000,0x00000000ec200000)
  to   space 512K, 0% used [0x00000000ec100000,0x00000000ec100000,0x00000000ec180000)
 ParOldGen       total 68608K, used 47883K [0x00000000c0000000, 0x00000000c4300000, 0x00000000eab00000)
  object space 68608K, 69% used [0x00000000c0000000,0x00000000c2ec2ff8,0x00000000c4300000)
 Metaspace       used 64087K, committed 65024K, reserved 1105920K
  class space    used 7805K, committed 8256K, reserved 1048576K
}
Event: 88.074 GC heap before
{Heap before GC invocations=54 (full 3):
 PSYoungGen      total 20480K, used 20096K [0x00000000eab00000, 0x00000000ec200000, 0x0000000100000000)
  eden space 19968K, 100% used [0x00000000eab00000,0x00000000ebe80000,0x00000000ebe80000)
  from space 512K, 25% used [0x00000000ec180000,0x00000000ec1a0000,0x00000000ec200000)
  to   space 512K, 0% used [0x00000000ec100000,0x00000000ec100000,0x00000000ec180000)
 ParOldGen       total 68608K, used 47883K [0x00000000c0000000, 0x00000000c4300000, 0x00000000eab00000)
  object space 68608K, 69% used [0x00000000c0000000,0x00000000c2ec2ff8,0x00000000c4300000)
 Metaspace       used 64087K, committed 65024K, reserved 1105920K
  class space    used 7805K, committed 8256K, reserved 1048576K
}
Event: 88.075 GC heap after
{Heap after GC invocations=54 (full 3):
 PSYoungGen      total 20480K, used 128K [0x00000000eab00000, 0x00000000ec200000, 0x0000000100000000)
  eden space 19968K, 0% used [0x00000000eab00000,0x00000000eab00000,0x00000000ebe80000)
  from space 512K, 25% used [0x00000000ec100000,0x00000000ec120000,0x00000000ec180000)
  to   space 512K, 0% used [0x00000000ec180000,0x00000000ec180000,0x00000000ec200000)
 ParOldGen       total 68608K, used 47899K [0x00000000c0000000, 0x00000000c4300000, 0x00000000eab00000)
  object space 68608K, 69% used [0x00000000c0000000,0x00000000c2ec6ff8,0x00000000c4300000)
 Metaspace       used 64087K, committed 65024K, reserved 1105920K
  class space    used 7805K, committed 8256K, reserved 1048576K
}
Event: 88.308 GC heap before
{Heap before GC invocations=55 (full 3):
 PSYoungGen      total 20480K, used 20096K [0x00000000eab00000, 0x00000000ec200000, 0x0000000100000000)
  eden space 19968K, 100% used [0x00000000eab00000,0x00000000ebe80000,0x00000000ebe80000)
  from space 512K, 25% used [0x00000000ec100000,0x00000000ec120000,0x00000000ec180000)
  to   space 512K, 0% used [0x00000000ec180000,0x00000000ec180000,0x00000000ec200000)
 ParOldGen       total 68608K, used 47899K [0x00000000c0000000, 0x00000000c4300000, 0x00000000eab00000)
  object space 68608K, 69% used [0x00000000c0000000,0x00000000c2ec6ff8,0x00000000c4300000)
 Metaspace       used 64099K, committed 65088K, reserved 1105920K
  class space    used 7805K, committed 8256K, reserved 1048576K
}
Event: 88.309 GC heap after
{Heap after GC invocations=55 (full 3):
 PSYoungGen      total 20480K, used 160K [0x00000000eab00000, 0x00000000ec200000, 0x0000000100000000)
  eden space 19968K, 0% used [0x00000000eab00000,0x00000000eab00000,0x00000000ebe80000)
  from space 512K, 31% used [0x00000000ec180000,0x00000000ec1a8000,0x00000000ec200000)
  to   space 512K, 0% used [0x00000000ec100000,0x00000000ec100000,0x00000000ec180000)
 ParOldGen       total 68608K, used 47899K [0x00000000c0000000, 0x00000000c4300000, 0x00000000eab00000)
  object space 68608K, 69% used [0x00000000c0000000,0x00000000c2ec6ff8,0x00000000c4300000)
 Metaspace       used 64099K, committed 65088K, reserved 1105920K
  class space    used 7805K, committed 8256K, reserved 1048576K
}
Event: 89.118 GC heap before
{Heap before GC invocations=56 (full 3):
 PSYoungGen      total 20480K, used 20094K [0x00000000eab00000, 0x00000000ec200000, 0x0000000100000000)
  eden space 19968K, 99% used [0x00000000eab00000,0x00000000ebe77a70,0x00000000ebe80000)
  from space 512K, 31% used [0x00000000ec180000,0x00000000ec1a8000,0x00000000ec200000)
  to   space 512K, 0% used [0x00000000ec100000,0x00000000ec100000,0x00000000ec180000)
 ParOldGen       total 68608K, used 47899K [0x00000000c0000000, 0x00000000c4300000, 0x00000000eab00000)
  object space 68608K, 69% used [0x00000000c0000000,0x00000000c2ec6ff8,0x00000000c4300000)
 Metaspace       used 64529K, committed 65472K, reserved 1105920K
  class space    used 7856K, committed 8320K, reserved 1048576K
}
Event: 89.120 GC heap after
{Heap after GC invocations=56 (full 3):
 PSYoungGen      total 20480K, used 480K [0x00000000eab00000, 0x00000000ec280000, 0x0000000100000000)
  eden space 19968K, 0% used [0x00000000eab00000,0x00000000eab00000,0x00000000ebe80000)
  from space 512K, 93% used [0x00000000ec100000,0x00000000ec1783b8,0x00000000ec180000)
  to   space 1024K, 0% used [0x00000000ec180000,0x00000000ec180000,0x00000000ec280000)
 ParOldGen       total 68608K, used 49041K [0x00000000c0000000, 0x00000000c4300000, 0x00000000eab00000)
  object space 68608K, 71% used [0x00000000c0000000,0x00000000c2fe4490,0x00000000c4300000)
 Metaspace       used 64529K, committed 65472K, reserved 1105920K
  class space    used 7856K, committed 8320K, reserved 1048576K
}

Deoptimization events (20 events):
Event: 89.071 Thread 0x0000020492cbea70 Uncommon trap: trap_request=0xffffffc6 fr.pc=0x0000020487f062c4 relative=0x0000000000000464
Event: 89.071 Thread 0x0000020492cbea70 Uncommon trap: reason=bimorphic_or_optimized_type_check action=maybe_recompile pc=0x0000020487f062c4 method=java.io.ObjectInputStream$PeekInputStream.peek()I @ 17 c2
Event: 89.071 Thread 0x0000020492cbea70 DEOPT PACKING pc=0x0000020487f062c4 sp=0x000000c2f9afd010
Event: 89.071 Thread 0x0000020492cbea70 DEOPT UNPACKING pc=0x00000204800520a3 sp=0x000000c2f9afcf30 mode 2
Event: 89.071 Thread 0x0000020492cbea70 Uncommon trap: trap_request=0xffffffc6 fr.pc=0x0000020487f062c4 relative=0x0000000000000464
Event: 89.071 Thread 0x0000020492cbea70 Uncommon trap: reason=bimorphic_or_optimized_type_check action=maybe_recompile pc=0x0000020487f062c4 method=java.io.ObjectInputStream$PeekInputStream.peek()I @ 17 c2
Event: 89.071 Thread 0x0000020492cbea70 DEOPT PACKING pc=0x0000020487f062c4 sp=0x000000c2f9afce90
Event: 89.071 Thread 0x0000020492cbea70 DEOPT UNPACKING pc=0x00000204800520a3 sp=0x000000c2f9afcdb0 mode 2
Event: 89.071 Thread 0x0000020492cbea70 Uncommon trap: trap_request=0xffffffc6 fr.pc=0x0000020487f062c4 relative=0x0000000000000464
Event: 89.071 Thread 0x0000020492cbea70 Uncommon trap: reason=bimorphic_or_optimized_type_check action=maybe_recompile pc=0x0000020487f062c4 method=java.io.ObjectInputStream$PeekInputStream.peek()I @ 17 c2
Event: 89.071 Thread 0x0000020492cbea70 DEOPT PACKING pc=0x0000020487f062c4 sp=0x000000c2f9afcd40
Event: 89.071 Thread 0x0000020492cbea70 DEOPT UNPACKING pc=0x00000204800520a3 sp=0x000000c2f9afcc60 mode 2
Event: 89.081 Thread 0x0000020492cbea70 Uncommon trap: trap_request=0xffffffde fr.pc=0x0000020487d96f9c relative=0x000000000000035c
Event: 89.081 Thread 0x0000020492cbea70 Uncommon trap: reason=class_check action=maybe_recompile pc=0x0000020487d96f9c method=java.io.ObjectInputStream$PeekInputStream.read()I @ 23 c2
Event: 89.081 Thread 0x0000020492cbea70 DEOPT PACKING pc=0x0000020487d96f9c sp=0x000000c2f9afbea0
Event: 89.081 Thread 0x0000020492cbea70 DEOPT UNPACKING pc=0x00000204800520a3 sp=0x000000c2f9afbe20 mode 2
Event: 89.091 Thread 0x0000020492cbea70 Uncommon trap: trap_request=0xffffffde fr.pc=0x0000020487d96f9c relative=0x000000000000035c
Event: 89.091 Thread 0x0000020492cbea70 Uncommon trap: reason=class_check action=maybe_recompile pc=0x0000020487d96f9c method=java.io.ObjectInputStream$PeekInputStream.read()I @ 23 c2
Event: 89.091 Thread 0x0000020492cbea70 DEOPT PACKING pc=0x0000020487d96f9c sp=0x000000c2f9afce50
Event: 89.091 Thread 0x0000020492cbea70 DEOPT UNPACKING pc=0x00000204800520a3 sp=0x000000c2f9afcdd0 mode 2

Classes unloaded (7 events):
Event: 8.142 Thread 0x00000204fdd581f0 Unloading class 0x0000000100208800 'java/lang/invoke/LambdaForm$MH+0x0000000100208800'
Event: 8.142 Thread 0x00000204fdd581f0 Unloading class 0x0000000100208400 'java/lang/invoke/LambdaForm$MH+0x0000000100208400'
Event: 8.142 Thread 0x00000204fdd581f0 Unloading class 0x0000000100208000 'java/lang/invoke/LambdaForm$MH+0x0000000100208000'
Event: 8.142 Thread 0x00000204fdd581f0 Unloading class 0x0000000100207c00 'java/lang/invoke/LambdaForm$MH+0x0000000100207c00'
Event: 8.142 Thread 0x00000204fdd581f0 Unloading class 0x0000000100207400 'java/lang/invoke/LambdaForm$BMH+0x0000000100207400'
Event: 8.142 Thread 0x00000204fdd581f0 Unloading class 0x0000000100207000 'java/lang/invoke/LambdaForm$DMH+0x0000000100207000'
Event: 8.142 Thread 0x00000204fdd581f0 Unloading class 0x0000000100204400 'java/lang/invoke/LambdaForm$DMH+0x0000000100204400'

Classes redefined (0 events):
No events

Internal exceptions (20 events):
Event: 57.272 Thread 0x000002048f380580 Exception <a 'sun/nio/fs/WindowsException'{0x00000000eb6a4eb8}> (0x00000000eb6a4eb8) 
thrown [s\src\hotspot\share\prims\jni.cpp, line 516]
Event: 57.272 Thread 0x000002048f380580 Exception <a 'sun/nio/fs/WindowsException'{0x00000000eb6a5540}> (0x00000000eb6a5540) 
thrown [s\src\hotspot\share\prims\jni.cpp, line 516]
Event: 57.272 Thread 0x000002048f380580 Exception <a 'sun/nio/fs/WindowsException'{0x00000000eb6aac38}> (0x00000000eb6aac38) 
thrown [s\src\hotspot\share\prims\jni.cpp, line 516]
Event: 57.273 Thread 0x000002048f380580 Exception <a 'sun/nio/fs/WindowsException'{0x00000000eb6ab278}> (0x00000000eb6ab278) 
thrown [s\src\hotspot\share\prims\jni.cpp, line 516]
Event: 57.273 Thread 0x000002048f380580 Exception <a 'sun/nio/fs/WindowsException'{0x00000000eb6ab8c8}> (0x00000000eb6ab8c8) 
thrown [s\src\hotspot\share\prims\jni.cpp, line 516]
Event: 57.273 Thread 0x000002048f380580 Exception <a 'sun/nio/fs/WindowsException'{0x00000000eb6abf28}> (0x00000000eb6abf28) 
thrown [s\src\hotspot\share\prims\jni.cpp, line 516]
Event: 88.787 Thread 0x0000020492cbea70 Exception <a 'java/lang/NoSuchMethodError'{0x00000000eb432f10}: static Lorg/gradle/internal/build/event/types/DefaultFailureResult;.<clinit>()V> (0x00000000eb432f10) 
thrown [s\src\hotspot\share\prims\jni.cpp, line 1107]
Event: 88.789 Thread 0x0000020492cbea70 Exception <a 'java/lang/NoSuchMethodError'{0x00000000eb456ff0}: static Lorg/gradle/internal/build/event/types/DefaultFailure;.<clinit>()V> (0x00000000eb456ff0) 
thrown [s\src\hotspot\share\prims\jni.cpp, line 1107]
Event: 88.793 Thread 0x0000020492cbea70 Exception <a 'java/lang/NoSuchMethodError'{0x00000000eb4a66c0}: static Lorg/gradle/internal/build/event/types/DefaultProjectConfigurationFailureResult;.<clinit>()V> (0x00000000eb4a66c0) 
thrown [s\src\hotspot\share\prims\jni.cpp, line 1107]
Event: 89.022 Thread 0x0000020492cbea70 Exception <a 'java/lang/NoSuchMethodError'{0x00000000eb5ebdf0}: static Lorg/gradle/internal/classloader/ClassLoaderSpec;.<clinit>()V> (0x00000000eb5ebdf0) 
thrown [s\src\hotspot\share\prims\jni.cpp, line 1107]
Event: 89.022 Thread 0x0000020492cbea70 Exception <a 'java/lang/NoSuchMethodError'{0x00000000eb5fbf00}: static Lorg/gradle/internal/classloader/VisitableURLClassLoader$Spec;.<clinit>()V> (0x00000000eb5fbf00) 
thrown [s\src\hotspot\share\prims\jni.cpp, line 1107]
Event: 89.027 Thread 0x0000020492cbea70 Exception <a 'java/lang/NoSuchMethodError'{0x00000000eb686dd8}: static Lorg/gradle/internal/classloader/FilteringClassLoader$Spec;.<clinit>()V> (0x00000000eb686dd8) 
thrown [s\src\hotspot\share\prims\jni.cpp, line 1107]
Event: 89.028 Thread 0x0000020492cbea70 Exception <a 'java/lang/NoSuchMethodError'{0x00000000eb6a2838}: static Lorg/gradle/internal/classloader/CachingClassLoader$Spec;.<clinit>()V> (0x00000000eb6a2838) 
thrown [s\src\hotspot\share\prims\jni.cpp, line 1107]
Event: 89.039 Thread 0x0000020492cbea70 Exception <a 'java/lang/NoSuchMethodError'{0x00000000eb735020}: static [Ljava/lang/StackTraceElement;.<clinit>()V> (0x00000000eb735020) 
thrown [s\src\hotspot\share\prims\jni.cpp, line 1107]
Event: 89.059 Thread 0x0000020492cbea70 Exception <a 'java/lang/NoSuchMethodError'{0x00000000eb9e9758}: static Lcom/android/builder/errors/EvalIssueException;.<clinit>()V> (0x00000000eb9e9758) 
thrown [s\src\hotspot\share\prims\jni.cpp, line 1107]
Event: 89.078 Thread 0x0000020492cbea70 Exception <a 'java/lang/NoSuchMethodError'{0x00000000ebb390f8}: static Lorg/gradle/api/GradleException;.<clinit>()V> (0x00000000ebb390f8) 
thrown [s\src\hotspot\share\prims\jni.cpp, line 1107]
Event: 89.078 Thread 0x0000020492cbea70 Exception <a 'java/lang/NoSuchMethodError'{0x00000000ebb3ae88}: static Lorg/gradle/internal/exceptions/DefaultMultiCauseException;.<clinit>()V> (0x00000000ebb3ae88) 
thrown [s\src\hotspot\share\prims\jni.cpp, line 1107]
Event: 89.078 Thread 0x0000020492cbea70 Exception <a 'java/lang/NoSuchMethodError'{0x00000000ebb3e0e0}: static Lorg/gradle/api/ProjectConfigurationException;.<clinit>()V> (0x00000000ebb3e0e0) 
thrown [s\src\hotspot\share\prims\jni.cpp, line 1107]
Event: 89.090 Thread 0x0000020492cbea70 Exception <a 'java/lang/NoSuchMethodError'{0x00000000ebbf2de0}: static Lorg/gradle/internal/exceptions/ContextAwareException;.<clinit>()V> (0x00000000ebbf2de0) 
thrown [s\src\hotspot\share\prims\jni.cpp, line 1107]
Event: 89.090 Thread 0x0000020492cbea70 Exception <a 'java/lang/NoSuchMethodError'{0x00000000ebbf4ce8}: static Lorg/gradle/internal/exceptions/LocationAwareException;.<clinit>()V> (0x00000000ebbf4ce8) 
thrown [s\src\hotspot\share\prims\jni.cpp, line 1107]

VM Operations (20 events):
Event: 86.304 Executing VM operation: ParallelGCFailedAllocation
Event: 86.304 Executing VM operation: ParallelGCFailedAllocation done
Event: 86.636 Executing VM operation: ParallelGCFailedAllocation
Event: 86.637 Executing VM operation: ParallelGCFailedAllocation done
Event: 87.009 Executing VM operation: ParallelGCFailedAllocation
Event: 87.009 Executing VM operation: ParallelGCFailedAllocation done
Event: 87.663 Executing VM operation: ParallelGCFailedAllocation
Event: 87.664 Executing VM operation: ParallelGCFailedAllocation done
Event: 88.007 Executing VM operation: ParallelGCFailedAllocation
Event: 88.008 Executing VM operation: ParallelGCFailedAllocation done
Event: 88.074 Executing VM operation: ParallelGCFailedAllocation
Event: 88.075 Executing VM operation: ParallelGCFailedAllocation done
Event: 88.308 Executing VM operation: ParallelGCFailedAllocation
Event: 88.309 Executing VM operation: ParallelGCFailedAllocation done
Event: 88.786 Executing VM operation: HandshakeAllThreads
Event: 88.786 Executing VM operation: HandshakeAllThreads done
Event: 89.034 Executing VM operation: HandshakeAllThreads
Event: 89.034 Executing VM operation: HandshakeAllThreads done
Event: 89.118 Executing VM operation: ParallelGCFailedAllocation
Event: 89.121 Executing VM operation: ParallelGCFailedAllocation done

Events (20 events):
Event: 58.114 Thread 0x00000204911e8320 Thread added: 0x00000204911e8320
Event: 58.114 Thread 0x00000204911e2c80 Thread added: 0x00000204911e2c80
Event: 58.115 Thread 0x00000204911e8320 Thread exited: 0x00000204911e8320
Event: 59.483 loading class java/util/WeakHashMap$KeyIterator
Event: 59.483 loading class java/util/WeakHashMap$KeyIterator done
Event: 60.453 Thread 0x00000204911e87f0 Thread exited: 0x00000204911e87f0
Event: 60.453 Thread 0x00000204911e2c80 Thread exited: 0x00000204911e2c80
Event: 60.552 Thread 0x0000020494740550 Thread added: 0x0000020494740550
Event: 60.552 Thread 0x000002049473e870 Thread added: 0x000002049473e870
Event: 60.552 Thread 0x0000020494740550 Thread exited: 0x0000020494740550
Event: 67.800 Thread 0x0000020492cbe0d0 Thread exited: 0x0000020492cbe0d0
Event: 82.491 loading class jdk/internal/misc/ScopedMemoryAccess$Scope$Handle
Event: 82.491 loading class jdk/internal/misc/ScopedMemoryAccess$Scope$Handle done
Event: 82.639 Thread 0x0000020492cbfdb0 Thread exited: 0x0000020492cbfdb0
Event: 82.639 Thread 0x0000020492cc1a90 Thread exited: 0x0000020492cc1a90
Event: 82.643 Thread 0x0000020492cc15c0 Thread exited: 0x0000020492cc15c0
Event: 89.030 Thread 0x000002049473e870 Thread exited: 0x000002049473e870
Event: 89.032 Thread 0x000002048f37ed70 Thread exited: 0x000002048f37ed70
Event: 89.112 Thread 0x0000020492cbea70 Thread exited: 0x0000020492cbea70
Event: 89.122 Thread 0x0000020494743f10 Thread added: 0x0000020494743f10


Dynamic libraries:
0x00007ff6e4d60000 - 0x00007ff6e4d6e000 	c:\Users\klaus\.vscode\extensions\redhat.java-1.11.0-win32-x64\jre\17.0.4.1-win32-x86_64\bin\java.exe
0x00007fff656e0000 - 0x00007fff658ef000 	C:\WINDOWS\SYSTEM32\ntdll.dll
0x00007fff64b00000 - 0x00007fff64bbd000 	C:\WINDOWS\System32\KERNEL32.DLL
0x00007fff62d00000 - 0x00007fff6308e000 	C:\WINDOWS\System32\KERNELBASE.dll
0x00007fff63420000 - 0x00007fff63531000 	C:\WINDOWS\System32\ucrtbase.dll
0x00007fff5a140000 - 0x00007fff5a158000 	c:\Users\klaus\.vscode\extensions\redhat.java-1.11.0-win32-x64\jre\17.0.4.1-win32-x86_64\bin\jli.dll
0x00007fff63ee0000 - 0x00007fff6408a000 	C:\WINDOWS\System32\USER32.dll
0x00007fff630f0000 - 0x00007fff63116000 	C:\WINDOWS\System32\win32u.dll
0x00007fff5b280000 - 0x00007fff5b299000 	c:\Users\klaus\.vscode\extensions\redhat.java-1.11.0-win32-x64\jre\17.0.4.1-win32-x86_64\bin\VCRUNTIME140.dll
0x00007fff63b60000 - 0x00007fff63b89000 	C:\WINDOWS\System32\GDI32.dll
0x00007fff63300000 - 0x00007fff63417000 	C:\WINDOWS\System32\gdi32full.dll
0x00007fff63260000 - 0x00007fff632fa000 	C:\WINDOWS\System32\msvcp_win.dll
0x00007fff56be0000 - 0x00007fff56e81000 	C:\WINDOWS\WinSxS\amd64_microsoft.windows.common-controls_6595b64144ccf1df_6.0.22526.1000_none_27d3c5d6f3f929f2\COMCTL32.dll
0x00007fff64090000 - 0x00007fff64134000 	C:\WINDOWS\System32\msvcrt.dll
0x00007fff652a0000 - 0x00007fff652d1000 	C:\WINDOWS\System32\IMM32.DLL
0x00007fff5e230000 - 0x00007fff5e23c000 	c:\Users\klaus\.vscode\extensions\redhat.java-1.11.0-win32-x64\jre\17.0.4.1-win32-x86_64\bin\vcruntime140_1.dll
0x00007fff270f0000 - 0x00007fff27181000 	c:\Users\klaus\.vscode\extensions\redhat.java-1.11.0-win32-x64\jre\17.0.4.1-win32-x86_64\bin\msvcp140.dll
0x00007fff01c10000 - 0x00007fff02856000 	c:\Users\klaus\.vscode\extensions\redhat.java-1.11.0-win32-x64\jre\17.0.4.1-win32-x86_64\bin\server\jvm.dll
0x00007fff652e0000 - 0x00007fff6538e000 	C:\WINDOWS\System32\ADVAPI32.dll
0x00007fff63e20000 - 0x00007fff63ec2000 	C:\WINDOWS\System32\sechost.dll
0x00007fff64ce0000 - 0x00007fff64dff000 	C:\WINDOWS\System32\RPCRT4.dll
0x00007fff63b90000 - 0x00007fff63b98000 	C:\WINDOWS\System32\PSAPI.DLL
0x00007fff5ad40000 - 0x00007fff5ad49000 	C:\WINDOWS\SYSTEM32\WSOCK32.dll
0x00007fff63ae0000 - 0x00007fff63b51000 	C:\WINDOWS\System32\WS2_32.dll
0x00007fff5bc40000 - 0x00007fff5bc74000 	C:\WINDOWS\SYSTEM32\WINMM.dll
0x00007fff58e40000 - 0x00007fff58e4a000 	C:\WINDOWS\SYSTEM32\VERSION.dll
0x00007fff61c10000 - 0x00007fff61c28000 	C:\WINDOWS\SYSTEM32\kernel.appcore.dll
0x00007fff5e210000 - 0x00007fff5e21a000 	c:\Users\klaus\.vscode\extensions\redhat.java-1.11.0-win32-x64\jre\17.0.4.1-win32-x86_64\bin\jimage.dll
0x00007fff605e0000 - 0x00007fff60806000 	C:\WINDOWS\SYSTEM32\DBGHELP.DLL
0x00007fff63760000 - 0x00007fff63adc000 	C:\WINDOWS\System32\combase.dll
0x00007fff63620000 - 0x00007fff636f7000 	C:\WINDOWS\System32\OLEAUT32.dll
0x00007fff4f780000 - 0x00007fff4f7b1000 	C:\WINDOWS\SYSTEM32\dbgcore.DLL
0x00007fff63120000 - 0x00007fff6319b000 	C:\WINDOWS\System32\bcryptPrimitives.dll
0x00007fff5a130000 - 0x00007fff5a13e000 	c:\Users\klaus\.vscode\extensions\redhat.java-1.11.0-win32-x64\jre\17.0.4.1-win32-x86_64\bin\instrument.dll
0x00007fff4d4d0000 - 0x00007fff4d4f5000 	c:\Users\klaus\.vscode\extensions\redhat.java-1.11.0-win32-x64\jre\17.0.4.1-win32-x86_64\bin\java.dll
0x00007fff4e320000 - 0x00007fff4e338000 	c:\Users\klaus\.vscode\extensions\redhat.java-1.11.0-win32-x64\jre\17.0.4.1-win32-x86_64\bin\zip.dll
0x00007fff64330000 - 0x00007fff64ae8000 	C:\WINDOWS\System32\SHELL32.dll
0x00007fff60c40000 - 0x00007fff61496000 	C:\WINDOWS\SYSTEM32\windows.storage.dll
0x00007fff60b00000 - 0x00007fff60c3c000 	C:\WINDOWS\SYSTEM32\wintypes.dll
0x00007fff63c00000 - 0x00007fff63cf1000 	C:\WINDOWS\System32\SHCORE.dll
0x00007fff63ba0000 - 0x00007fff63bfb000 	C:\WINDOWS\System32\shlwapi.dll
0x00007fff62ad0000 - 0x00007fff62af1000 	C:\WINDOWS\SYSTEM32\profapi.dll
0x00007fff4d3e0000 - 0x00007fff4d3f9000 	C:\Users\klaus\.vscode\extensions\redhat.java-1.11.0-win32-x64\jre\17.0.4.1-win32-x86_64\bin\net.dll
0x00007fff5be70000 - 0x00007fff5bf82000 	C:\WINDOWS\SYSTEM32\WINHTTP.dll
0x00007fff620a0000 - 0x00007fff62109000 	C:\WINDOWS\system32\mswsock.dll
0x00007fff4d3c0000 - 0x00007fff4d3d5000 	C:\Users\klaus\.vscode\extensions\redhat.java-1.11.0-win32-x64\jre\17.0.4.1-win32-x86_64\bin\nio.dll
0x00007fff58b60000 - 0x00007fff58b70000 	c:\Users\klaus\.vscode\extensions\redhat.java-1.11.0-win32-x64\jre\17.0.4.1-win32-x86_64\bin\verify.dll
0x00007fff4d010000 - 0x00007fff4d04e000 	C:\Users\klaus\AppData\Roaming\Code\User\globalStorage\redhat.java\1.11.0\config_win\org.eclipse.equinox.launcher\org.eclipse.equinox.launcher.win32.win32.x86_64_1.2.600.v20220720-1916\eclipse_11700.dll
0x00007fff65500000 - 0x00007fff65699000 	C:\WINDOWS\System32\ole32.dll
0x00007fff622f0000 - 0x00007fff62308000 	C:\WINDOWS\SYSTEM32\CRYPTSP.dll
0x00007fff61b70000 - 0x00007fff61ba5000 	C:\WINDOWS\system32\rsaenh.dll
0x00007fff621a0000 - 0x00007fff621c9000 	C:\WINDOWS\SYSTEM32\USERENV.dll
0x00007fff624f0000 - 0x00007fff62518000 	C:\WINDOWS\SYSTEM32\bcrypt.dll
0x00007fff62310000 - 0x00007fff6231c000 	C:\WINDOWS\SYSTEM32\CRYPTBASE.dll
0x00007fff616e0000 - 0x00007fff6170d000 	C:\WINDOWS\SYSTEM32\IPHLPAPI.DLL
0x00007fff63ed0000 - 0x00007fff63ed9000 	C:\WINDOWS\System32\NSI.dll
0x00007fff5a7f0000 - 0x00007fff5a809000 	C:\WINDOWS\SYSTEM32\dhcpcsvc6.DLL
0x00007fff5a670000 - 0x00007fff5a68e000 	C:\WINDOWS\SYSTEM32\dhcpcsvc.DLL
0x00007fff61710000 - 0x00007fff61808000 	C:\WINDOWS\SYSTEM32\DNSAPI.dll
0x00007fff3e770000 - 0x00007fff3e7b4000 	C:\Users\klaus\AppData\Local\Temp\jna-102131134\jna6088022558183889570.dll
0x00007fff58990000 - 0x00007fff5899e000 	C:\Users\klaus\.vscode\extensions\redhat.java-1.11.0-win32-x64\jre\17.0.4.1-win32-x86_64\bin\sunmscapi.dll
0x00007fff62ba0000 - 0x00007fff62cfc000 	C:\WINDOWS\System32\CRYPT32.dll
0x00007fff624c0000 - 0x00007fff624e9000 	C:\WINDOWS\SYSTEM32\ncrypt.dll
0x00007fff62480000 - 0x00007fff624b7000 	C:\WINDOWS\SYSTEM32\NTASN1.dll
0x00007fff586e0000 - 0x00007fff586ea000 	C:\Windows\System32\rasadhlp.dll
0x00007fff58be0000 - 0x00007fff58c62000 	C:\WINDOWS\System32\fwpuclnt.dll
0x00007fff4cca0000 - 0x00007fff4ccc7000 	C:\Users\klaus\.gradle\native\49d0259a56938c7f99b2704e745ce422c4f750a7a20b539a32ccef96729676b1\windows-amd64\native-platform.dll
0x00007fff046c0000 - 0x00007fff04856000 	C:\Users\klaus\.gradle\native\12488b8bf47d2d4c9fbf2f6322a914ad602e24e48041cd04a747c6da556b65c4\windows-amd64\native-platform-file-events.dll
0x00007fff56370000 - 0x00007fff56379000 	C:\Users\klaus\.vscode\extensions\redhat.java-1.11.0-win32-x64\jre\17.0.4.1-win32-x86_64\bin\management.dll
0x00007fff4ffe0000 - 0x00007fff4ffeb000 	C:\Users\klaus\.vscode\extensions\redhat.java-1.11.0-win32-x64\jre\17.0.4.1-win32-x86_64\bin\management_ext.dll
0x00007fff4d000000 - 0x00007fff4d008000 	C:\WINDOWS\system32\wshunix.dll

dbghelp: loaded successfully - version: 4.0.5 - missing functions: none
symbol engine: initialized successfully - sym options: 0x614 - pdb path: .;c:\Users\klaus\.vscode\extensions\redhat.java-1.11.0-win32-x64\jre\17.0.4.1-win32-x86_64\bin;C:\WINDOWS\SYSTEM32;C:\WINDOWS\WinSxS\amd64_microsoft.windows.common-controls_6595b64144ccf1df_6.0.22526.1000_none_27d3c5d6f3f929f2;c:\Users\klaus\.vscode\extensions\redhat.java-1.11.0-win32-x64\jre\17.0.4.1-win32-x86_64\bin\server;C:\Users\klaus\AppData\Roaming\Code\User\globalStorage\redhat.java\1.11.0\config_win\org.eclipse.equinox.launcher\org.eclipse.equinox.launcher.win32.win32.x86_64_1.2.600.v20220720-1916;C:\Users\klaus\AppData\Local\Temp\jna-102131134;C:\Users\klaus\.gradle\native\49d0259a56938c7f99b2704e745ce422c4f750a7a20b539a32ccef96729676b1\windows-amd64;C:\Users\klaus\.gradle\native\12488b8bf47d2d4c9fbf2f6322a914ad602e24e48041cd04a747c6da556b65c4\windows-amd64

VM Arguments:
jvm_args: --add-modules=ALL-SYSTEM --add-opens=java.base/java.util=ALL-UNNAMED --add-opens=java.base/java.lang=ALL-UNNAMED --add-opens=java.base/sun.nio.fs=ALL-UNNAMED -Declipse.application=org.eclipse.jdt.ls.core.id1 -Dosgi.bundles.defaultStartLevel=4 -Declipse.product=org.eclipse.jdt.ls.core.product -Djava.import.generatesMetadataFilesAtProjectRoot=false -Dfile.encoding=utf8 -DwatchParentProcess=false -XX:+UseParallelGC -XX:GCTimeRatio=4 -XX:AdaptiveSizePolicyWeight=90 -Dsun.zip.disableMemoryMapping=true -Xmx1G -Xms100m -Xlog:disable -javaagent:c:\Users\klaus\.vscode\extensions\redhat.java-1.11.0-win32-x64\lombok\lombok-1.18.24.jar -XX:+HeapDumpOnOutOfMemoryError -XX:HeapDumpPath=c:\Users\klaus\AppData\Roaming\Code\User\workspaceStorage\5e1848800e055d8d43f9c2570bf40327\redhat.java 
java_command: c:\Users\klaus\.vscode\extensions\redhat.java-1.11.0-win32-x64\server\plugins\org.eclipse.equinox.launcher_1.6.400.v20210924-0641.jar -configuration c:\Users\klaus\AppData\Roaming\Code\User\globalStorage\redhat.java\1.11.0\config_win -data c:\Users\klaus\AppData\Roaming\Code\User\workspaceStorage\5e1848800e055d8d43f9c2570bf40327\redhat.java\jdt_ws
java_class_path (initial): c:\Users\klaus\.vscode\extensions\redhat.java-1.11.0-win32-x64\server\plugins\org.eclipse.equinox.launcher_1.6.400.v20210924-0641.jar
Launcher Type: SUN_STANDARD

[Global flags]
    uintx AdaptiveSizePolicyWeight                 = 90                                        {product} {command line}
     intx CICompilerCount                          = 3                                         {product} {ergonomic}
    uintx GCTimeRatio                              = 4                                         {product} {command line}
     bool HeapDumpOnOutOfMemoryError               = true                                   {manageable} {command line}
    ccstr HeapDumpPath                             = c:\Users\klaus\AppData\Roaming\Code\User\workspaceStorage\5e1848800e055d8d43f9c2570bf40327\redhat.java         {manageable} {command line}
   size_t InitialHeapSize                          = 104857600                                 {product} {command line}
   size_t MaxHeapSize                              = 1073741824                                {product} {command line}
   size_t MaxNewSize                               = 357564416                                 {product} {ergonomic}
   size_t MinHeapDeltaBytes                        = 524288                                    {product} {ergonomic}
   size_t MinHeapSize                              = 104857600                                 {product} {command line}
   size_t NewSize                                  = 34603008                                  {product} {ergonomic}
    uintx NonNMethodCodeHeapSize                   = 5832780                                {pd product} {ergonomic}
    uintx NonProfiledCodeHeapSize                  = 122912730                              {pd product} {ergonomic}
   size_t OldSize                                  = 70254592                                  {product} {ergonomic}
    uintx ProfiledCodeHeapSize                     = 122912730                              {pd product} {ergonomic}
    uintx ReservedCodeCacheSize                    = 251658240                              {pd product} {ergonomic}
     bool SegmentedCodeCache                       = true                                      {product} {ergonomic}
   size_t SoftMaxHeapSize                          = 1073741824                             {manageable} {ergonomic}
     bool UseCompressedClassPointers               = true                           {product lp64_product} {ergonomic}
     bool UseCompressedOops                        = true                           {product lp64_product} {ergonomic}
     bool UseLargePagesIndividualAllocation        = false                                  {pd product} {ergonomic}
     bool UseParallelGC                            = true                                      {product} {command line}

Logging:
Log output configuration:
 #0: stdout all=off uptime,level,tags
 #1: stderr all=off uptime,level,tags

Environment Variables:
JAVA_HOME=C:\Users\klaus\AppData\Local\Programs\AdoptOpenJDK\jdk-11.0.11.9-hotspot\
PATH=C:\Program Files (x86)\Common Files\Oracle\Java\javapath;C:\Program Files\AdoptOpenJDK\jdk-8.0.292.10-hotspot\bin;C:\WINDOWS\system32;C:\WINDOWS;C:\WINDOWS\System32\Wbem;C:\WINDOWS\System32\WindowsPowerShell\v1.0\;C:\WINDOWS\System32\OpenSSH\;D:\03 Programminstallationen\Node\;D:\03 Programminstallationen\Git\cmd;C:\Users\klaus\AppData\Local\Programs\AdoptOpenJDK\jdk-11.0.11.9-hotspot\bin;C:\Users\klaus\AppData\Local\Microsoft\WindowsApps;;D:\03 Programminstallationen\Microsoft VS Code\bin;C:\Users\klaus\AppData\Roaming\npm
USERNAME=klaus
OS=Windows_NT
PROCESSOR_IDENTIFIER=AMD64 Family 23 Model 96 Stepping 1, AuthenticAMD
TMP=C:\Users\klaus\AppData\Local\Temp
TEMP=C:\Users\klaus\AppData\Local\Temp



---------------  S Y S T E M  ---------------

OS:
 Windows 11 , 64 bit Build 22526 (10.0.22526.1000)
OS uptime: 23 days 2:08 hours

CPU: total 6 (initial active 6) (6 cores per cpu, 1 threads per core) family 23 model 96 stepping 1 microcode 0x0, cx8, cmov, fxsr, mmx, 3dnowpref, sse, sse2, sse3, ssse3, sse4a, sse4.1, sse4.2, popcnt, lzcnt, tsc, tscinvbit, avx, avx2, aes, clmul, bmi1, bmi2, adx, sha, fma, vzeroupper, clflush, clflushopt

Memory: 4k page, system-wide physical 7564M (195M free)
TotalPageFile size 11774M (AvailPageFile size 1M)
current process WorkingSet (physical memory assigned to process): 239M, peak: 244M
current process commit charge ("private bytes"): 297M, peak: 306M

vm_info: OpenJDK 64-Bit Server VM (17.0.4.1+1) for windows-amd64 JRE (17.0.4.1+1), built on Aug 17 2022 07:42:43 by "temurin" with MS VC++ 16.7 (VS2019)

END.
