#
# There is insufficient memory for the Java Runtime Environment to continue.
# Native memory allocation (mmap) failed to map 58720256 bytes for Failed to commit area from 0x000000008d000000 to 0x0000000090800000 of length 58720256.
# Possible reasons:
#   The system is out of physical RAM or swap space
#   The process is running with CompressedOops enabled, and the Java Heap may be blocking the growth of the native heap
# Possible solutions:
#   Reduce memory load on the system
#   Increase physical memory or swap space
#   Check if swap backing store is full
#   Decrease Java heap size (-Xmx/-Xms)
#   Decrease number of Java threads
#   Decrease Java thread stack sizes (-Xss)
#   Set larger code cache with -XX:ReservedCodeCacheSize=
#   JVM is running with Unscaled Compressed Oops mode in which the Java heap is
#     placed in the first 4GB address space. The Java Heap base address is the
#     maximum limit for the native heap growth. Please use -XX:HeapBaseMinAddress
#     to set the Java Heap base and to place the Java Heap above 4GB virtual address.
# This output file may be truncated or incomplete.
#
#  Out of Memory Error (./src/hotspot/os/windows/os_windows.cpp:3301), pid=35700, tid=14756
#
# JRE version: OpenJDK Runtime Environment AdoptOpenJDK-11.0.11+9 (11.0.11+9) (build 11.0.11+9)
# Java VM: OpenJDK 64-Bit Server VM AdoptOpenJDK-11.0.11+9 (11.0.11+9, mixed mode, tiered, compressed oops, g1 gc, windows-amd64)
# No core dump will be written. Minidumps are not enabled by default on client versions of Windows
#

---------------  S U M M A R Y ------------

Command Line: -XX:MaxPermSize=512m -XX:+HeapDumpOnOutOfMemoryError --add-opens=java.base/java.util=ALL-UNNAMED --add-opens=java.base/java.lang=ALL-UNNAMED --add-opens=java.base/java.lang.invoke=ALL-UNNAMED --add-opens=java.prefs/java.util.prefs=ALL-UNNAMED -Xmx2048m -Dfile.encoding=UTF-8 -Duser.country=DE -Duser.language=de -Duser.variant org.gradle.launcher.daemon.bootstrap.GradleDaemon 6.9

Host: AMD Ryzen 5 4500U with Radeon Graphics         , 6 cores, 7G,  Windows 10 , 64 bit Build 22526 (10.0.22526.1000)
Time: Sat Oct  8 15:07:27 2022 Mitteleuropäische Sommerzeit elapsed time: 52.542675 seconds (0d 0h 0m 52s)

---------------  T H R E A D  ---------------

Current thread (0x000001a9d8316800):  VMThread "VM Thread" [stack: 0x0000009be8600000,0x0000009be8700000] [id=14756]

Stack: [0x0000009be8600000,0x0000009be8700000]
[error occurred during error reporting (printing stack bounds), id 0xc0000005, EXCEPTION_ACCESS_VIOLATION (0xc0000005) at pc=0x000001a9c1de0f2d]

Native frames: (J=compiled Java code, j=interpreted, Vv=VM code, C=native code)
V  [jvm.dll+0x5f7e5a]
V  [jvm.dll+0x77ff2e]
V  [jvm.dll+0x7815ff]
V  [jvm.dll+0x781c25]
V  [jvm.dll+0x781bdb]
V  [jvm.dll+0x5f7343]
V  [jvm.dll+0x5f7a58]
C  [ntdll.dll+0xa79cf]
C  [ntdll.dll+0x13d26]
C  [ntdll.dll+0xa69be]
C  0x000001a9c1de0f2d

VM_Operation (0x0000009be9bfe430): G1CollectForAllocation, mode: safepoint, requested by thread 0x000001a9dcc11000


---------------  P R O C E S S  ---------------

Threads class SMR info:
_java_thread_list=0x000001a9e13e35a0, length=129, elements={
0x000001a9b96de800, 0x000001a9d831b800, 0x000001a9d831d000, 0x000001a9d8ce2800,
0x000001a9d8334800, 0x000001a9d8335800, 0x000001a9d833a800, 0x000001a9d833f000,
0x000001a9d834a000, 0x000001a9d8e33800, 0x000001a9dc055800, 0x000001a9d90b6800,
0x000001a9d9e34800, 0x000001a9dafa2800, 0x000001a9d9f57000, 0x000001a9dac08000,
0x000001a9dac0c800, 0x000001a9dac0a800, 0x000001a9dac0b000, 0x000001a9dac0c000,
0x000001a9db395000, 0x000001a9db396000, 0x000001a9db39c800, 0x000001a9db3a2000,
0x000001a9db39f800, 0x000001a9db3a1800, 0x000001a9db3a3000, 0x000001a9de92e800,
0x000001a9de932800, 0x000001a9de92f000, 0x000001a9de933000, 0x000001a9de935000,
0x000001a9de930000, 0x000001a9de934000, 0x000001a9de930800, 0x000001a9de931800,
0x000001a9db4cc000, 0x000001a9db4c9800, 0x000001a9db4ca800, 0x000001a9db4cb800,
0x000001a9db4cd000, 0x000001a9db4cd800, 0x000001a9db4ce800, 0x000001a9db4c9000,
0x000001a9db4cf800, 0x000001a9db4d2000, 0x000001a9db4d2800, 0x000001a9db4d3800,
0x000001a9db4d0000, 0x000001a9db4d1000, 0x000001a9db4d7800, 0x000001a9db4d4000,
0x000001a9db4d5000, 0x000001a9db4d6000, 0x000001a9db4d6800, 0x000001a9dc79f000,
0x000001a9dc7a2000, 0x000001a9dc79f800, 0x000001a9dc7a3800, 0x000001a9dc79e000,
0x000001a9dc7a1800, 0x000001a9dc7a3000, 0x000001a9dc7a4800, 0x000001a9dc7a0800,
0x000001a9dc7a8000, 0x000001a9dc7a7000, 0x000001a9dc7a8800, 0x000001a9dc7a9800,
0x000001a9dc7aa800, 0x000001a9dc7a6000, 0x000001a9dc7a5800, 0x000001a9dc7ab000,
0x000001a9dc7ac000, 0x000001a9dc7ac800, 0x000001a9db939000, 0x000001a9db938000,
0x000001a9db93a800, 0x000001a9db93a000, 0x000001a9db93b800, 0x000001a9db936800,
0x000001a9db936000, 0x000001a9db93c800, 0x000001a9db93d000, 0x000001a9db937800,
0x000001a9db943800, 0x000001a9db93f800, 0x000001a9db93e800, 0x000001a9db940800,
0x000001a9db93e000, 0x000001a9db944800, 0x000001a9db941000, 0x000001a9db942000,
0x000001a9db943000, 0x000001a9de331000, 0x000001a9de330800, 0x000001a9de332000,
0x000001a9de336000, 0x000001a9de334800, 0x000001a9de335800, 0x000001a9de333000,
0x000001a9de337000, 0x000001a9de338800, 0x000001a9de337800, 0x000001a9de339800,
0x000001a9de333800, 0x000001a9de33d800, 0x000001a9de33b000, 0x000001a9de33c000,
0x000001a9de33a000, 0x000001a9de33c800, 0x000001a9de33e800, 0x000001a9de33f000,
0x000001a9dcc14000, 0x000001a9dcc15000, 0x000001a9dcc13800, 0x000001a9dcc16000,
0x000001a9dcc10000, 0x000001a9dcc11000, 0x000001a9dcc16800, 0x000001a9dcc17800,
0x000001a9dcc11800, 0x000001a9dcc18000, 0x000001a9dcc12800, 0x000001a9dcc19000,
0x000001a9dcc1a000, 0x000001a9dcc1d000, 0x000001a9dcc1a800, 0x000001a9dcc1b800,
0x000001a9dcc1e000
}

Java Threads: ( => current thread )
  0x000001a9b96de800 JavaThread "main" [_thread_blocked, id=11372, stack(0x0000009be8000000,0x0000009be8100000)]
  0x000001a9d831b800 JavaThread "Reference Handler" daemon [_thread_blocked, id=14044, stack(0x0000009be8700000,0x0000009be8800000)]
  0x000001a9d831d000 JavaThread "Finalizer" daemon [_thread_blocked, id=29732, stack(0x0000009be8800000,0x0000009be8900000)]
  0x000001a9d8ce2800 JavaThread "Signal Dispatcher" daemon [_thread_blocked, id=35620, stack(0x0000009be8900000,0x0000009be8a00000)]
  0x000001a9d8334800 JavaThread "Attach Listener" daemon [_thread_blocked, id=13688, stack(0x0000009be8a00000,0x0000009be8b00000)]
  0x000001a9d8335800 JavaThread "Service Thread" daemon [_thread_blocked, id=21844, stack(0x0000009be8b00000,0x0000009be8c00000)]
  0x000001a9d833a800 JavaThread "C2 CompilerThread0" daemon [_thread_blocked, id=13980, stack(0x0000009be8c00000,0x0000009be8d00000)]
  0x000001a9d833f000 JavaThread "C1 CompilerThread0" daemon [_thread_blocked, id=3220, stack(0x0000009be8d00000,0x0000009be8e00000)]
  0x000001a9d834a000 JavaThread "Sweeper thread" daemon [_thread_blocked, id=17656, stack(0x0000009be8e00000,0x0000009be8f00000)]
  0x000001a9d8e33800 JavaThread "Common-Cleaner" daemon [_thread_blocked, id=33924, stack(0x0000009be8f00000,0x0000009be9000000)]
  0x000001a9dc055800 JavaThread "Daemon health stats" [_thread_blocked, id=35244, stack(0x0000009be9300000,0x0000009be9400000)]
  0x000001a9d90b6800 JavaThread "Incoming local TCP Connector on port 65159" [_thread_in_native, id=14836, stack(0x0000009be9100000,0x0000009be9200000)]
  0x000001a9d9e34800 JavaThread "Daemon periodic checks" [_thread_blocked, id=30600, stack(0x0000009be9400000,0x0000009be9500000)]
  0x000001a9dafa2800 JavaThread "Daemon" [_thread_blocked, id=25524, stack(0x0000009be9500000,0x0000009be9600000)]
  0x000001a9d9f57000 JavaThread "Daemon worker" [_thread_blocked, id=5372, stack(0x0000009be9800000,0x0000009be9900000)]
  0x000001a9dac08000 JavaThread "Cache worker for file hash cache (C:\Users\klaus\.gradle\caches\6.9\fileHashes)" [_thread_blocked, id=34944, stack(0x0000009bea000000,0x0000009bea100000)]
  0x000001a9dac0c800 JavaThread "File lock request listener" [_thread_in_native, id=1632, stack(0x0000009bea100000,0x0000009bea200000)]
  0x000001a9dac0a800 JavaThread "Cache worker for journal cache (C:\Users\klaus\.gradle\caches\journal-1)" [_thread_blocked, id=27772, stack(0x0000009bea300000,0x0000009bea400000)]
  0x000001a9dac0b000 JavaThread "jar transforms" [_thread_blocked, id=14584, stack(0x0000009bea600000,0x0000009bea700000)]
  0x000001a9dac0c000 JavaThread "jar transforms Thread 2" [_thread_blocked, id=28760, stack(0x0000009bea700000,0x0000009bea800000)]
  0x000001a9db395000 JavaThread "Cache worker for execution history cache (C:\Users\klaus\.gradle\caches\6.9\executionHistory)" [_thread_blocked, id=6092, stack(0x0000009beab00000,0x0000009beac00000)]
  0x000001a9db396000 JavaThread "Cache worker for file content cache (C:\Users\klaus\.gradle\caches\6.9\fileContent)" [_thread_blocked, id=35052, stack(0x0000009beac00000,0x0000009bead00000)]
  0x000001a9db39c800 JavaThread "jar transforms Thread 3" [_thread_blocked, id=27592, stack(0x0000009beb400000,0x0000009beb500000)]
  0x000001a9db3a2000 JavaThread "jar transforms Thread 4" [_thread_blocked, id=35112, stack(0x0000009beb500000,0x0000009beb600000)]
  0x000001a9db39f800 JavaThread "jar transforms Thread 5" [_thread_blocked, id=17500, stack(0x0000009beb600000,0x0000009beb700000)]
  0x000001a9db3a1800 JavaThread "jar transforms Thread 6" [_thread_blocked, id=33436, stack(0x0000009beb700000,0x0000009beb800000)]
  0x000001a9db3a3000 JavaThread "jar transforms Thread 7" [_thread_blocked, id=35012, stack(0x0000009beb800000,0x0000009beb900000)]
  0x000001a9de92e800 JavaThread "jar transforms Thread 8" [_thread_blocked, id=20440, stack(0x0000009beb900000,0x0000009beba00000)]
  0x000001a9de932800 JavaThread "jar transforms Thread 9" [_thread_blocked, id=29444, stack(0x0000009beba00000,0x0000009bebb00000)]
  0x000001a9de92f000 JavaThread "jar transforms Thread 10" [_thread_blocked, id=35380, stack(0x0000009bebb00000,0x0000009bebc00000)]
  0x000001a9de933000 JavaThread "jar transforms Thread 11" [_thread_blocked, id=31740, stack(0x0000009bebc00000,0x0000009bebd00000)]
  0x000001a9de935000 JavaThread "jar transforms Thread 12" [_thread_blocked, id=24648, stack(0x0000009bebd00000,0x0000009bebe00000)]
  0x000001a9de930000 JavaThread "jar transforms Thread 13" [_thread_blocked, id=35328, stack(0x0000009bebe00000,0x0000009bebf00000)]
  0x000001a9de934000 JavaThread "jar transforms Thread 14" [_thread_blocked, id=34928, stack(0x0000009bebf00000,0x0000009bec000000)]
  0x000001a9de930800 JavaThread "jar transforms Thread 15" [_thread_blocked, id=31340, stack(0x0000009bec000000,0x0000009bec100000)]
  0x000001a9de931800 JavaThread "jar transforms Thread 16" [_thread_blocked, id=35464, stack(0x0000009bec100000,0x0000009bec200000)]
  0x000001a9db4cc000 JavaThread "jar transforms Thread 17" [_thread_blocked, id=35324, stack(0x0000009bec200000,0x0000009bec300000)]
  0x000001a9db4c9800 JavaThread "jar transforms Thread 18" [_thread_blocked, id=8524, stack(0x0000009bec300000,0x0000009bec400000)]
  0x000001a9db4ca800 JavaThread "jar transforms Thread 19" [_thread_blocked, id=35828, stack(0x0000009bec400000,0x0000009bec500000)]
  0x000001a9db4cb800 JavaThread "jar transforms Thread 20" [_thread_blocked, id=9380, stack(0x0000009bec500000,0x0000009bec600000)]
  0x000001a9db4cd000 JavaThread "jar transforms Thread 21" [_thread_blocked, id=35320, stack(0x0000009bec600000,0x0000009bec700000)]
  0x000001a9db4cd800 JavaThread "jar transforms Thread 22" [_thread_blocked, id=11660, stack(0x0000009bec700000,0x0000009bec800000)]
  0x000001a9db4ce800 JavaThread "jar transforms Thread 23" [_thread_blocked, id=35436, stack(0x0000009bec800000,0x0000009bec900000)]
  0x000001a9db4c9000 JavaThread "jar transforms Thread 24" [_thread_blocked, id=35460, stack(0x0000009bec900000,0x0000009beca00000)]
  0x000001a9db4cf800 JavaThread "jar transforms Thread 25" [_thread_blocked, id=32732, stack(0x0000009beca00000,0x0000009becb00000)]
  0x000001a9db4d2000 JavaThread "jar transforms Thread 26" [_thread_blocked, id=30640, stack(0x0000009becb00000,0x0000009becc00000)]
  0x000001a9db4d2800 JavaThread "jar transforms Thread 27" [_thread_blocked, id=11076, stack(0x0000009becc00000,0x0000009becd00000)]
  0x000001a9db4d3800 JavaThread "jar transforms Thread 28" [_thread_blocked, id=32720, stack(0x0000009becd00000,0x0000009bece00000)]
  0x000001a9db4d0000 JavaThread "jar transforms Thread 29" [_thread_blocked, id=35016, stack(0x0000009bece00000,0x0000009becf00000)]
  0x000001a9db4d1000 JavaThread "jar transforms Thread 30" [_thread_blocked, id=30480, stack(0x0000009becf00000,0x0000009bed000000)]
  0x000001a9db4d7800 JavaThread "jar transforms Thread 31" [_thread_blocked, id=33380, stack(0x0000009bed000000,0x0000009bed100000)]
  0x000001a9db4d4000 JavaThread "jar transforms Thread 32" [_thread_blocked, id=35348, stack(0x0000009bed100000,0x0000009bed200000)]
  0x000001a9db4d5000 JavaThread "jar transforms Thread 33" [_thread_blocked, id=10664, stack(0x0000009bed200000,0x0000009bed300000)]
  0x000001a9db4d6000 JavaThread "jar transforms Thread 34" [_thread_blocked, id=22936, stack(0x0000009bed300000,0x0000009bed400000)]
  0x000001a9db4d6800 JavaThread "jar transforms Thread 35" [_thread_blocked, id=35192, stack(0x0000009bed400000,0x0000009bed500000)]
  0x000001a9dc79f000 JavaThread "jar transforms Thread 36" [_thread_blocked, id=33640, stack(0x0000009bed500000,0x0000009bed600000)]
  0x000001a9dc7a2000 JavaThread "jar transforms Thread 37" [_thread_blocked, id=21624, stack(0x0000009bed600000,0x0000009bed700000)]
  0x000001a9dc79f800 JavaThread "jar transforms Thread 38" [_thread_blocked, id=15884, stack(0x0000009bed700000,0x0000009bed800000)]
  0x000001a9dc7a3800 JavaThread "jar transforms Thread 39" [_thread_blocked, id=35260, stack(0x0000009bed800000,0x0000009bed900000)]
  0x000001a9dc79e000 JavaThread "jar transforms Thread 40" [_thread_blocked, id=15324, stack(0x0000009bed900000,0x0000009beda00000)]
  0x000001a9dc7a1800 JavaThread "jar transforms Thread 41" [_thread_blocked, id=10144, stack(0x0000009beda00000,0x0000009bedb00000)]
  0x000001a9dc7a3000 JavaThread "jar transforms Thread 42" [_thread_blocked, id=27924, stack(0x0000009bedb00000,0x0000009bedc00000)]
  0x000001a9dc7a4800 JavaThread "jar transforms Thread 43" [_thread_blocked, id=35152, stack(0x0000009bedc00000,0x0000009bedd00000)]
  0x000001a9dc7a0800 JavaThread "jar transforms Thread 44" [_thread_blocked, id=32224, stack(0x0000009bedd00000,0x0000009bede00000)]
  0x000001a9dc7a8000 JavaThread "jar transforms Thread 45" [_thread_blocked, id=6892, stack(0x0000009bede00000,0x0000009bedf00000)]
  0x000001a9dc7a7000 JavaThread "jar transforms Thread 46" [_thread_blocked, id=4980, stack(0x0000009bedf00000,0x0000009bee000000)]
  0x000001a9dc7a8800 JavaThread "jar transforms Thread 47" [_thread_blocked, id=29868, stack(0x0000009bee000000,0x0000009bee100000)]
  0x000001a9dc7a9800 JavaThread "jar transforms Thread 48" [_thread_blocked, id=26672, stack(0x0000009bee100000,0x0000009bee200000)]
  0x000001a9dc7aa800 JavaThread "jar transforms Thread 49" [_thread_blocked, id=18160, stack(0x0000009bee200000,0x0000009bee300000)]
  0x000001a9dc7a6000 JavaThread "jar transforms Thread 50" [_thread_blocked, id=35632, stack(0x0000009bee300000,0x0000009bee400000)]
  0x000001a9dc7a5800 JavaThread "jar transforms Thread 51" [_thread_blocked, id=22952, stack(0x0000009bee400000,0x0000009bee500000)]
  0x000001a9dc7ab000 JavaThread "jar transforms Thread 52" [_thread_blocked, id=30128, stack(0x0000009bee500000,0x0000009bee600000)]
  0x000001a9dc7ac000 JavaThread "jar transforms Thread 53" [_thread_blocked, id=31992, stack(0x0000009bee600000,0x0000009bee700000)]
  0x000001a9dc7ac800 JavaThread "jar transforms Thread 54" [_thread_blocked, id=10796, stack(0x0000009bee700000,0x0000009bee800000)]
  0x000001a9db939000 JavaThread "jar transforms Thread 55" [_thread_blocked, id=20084, stack(0x0000009bee800000,0x0000009bee900000)]
  0x000001a9db938000 JavaThread "jar transforms Thread 56" [_thread_blocked, id=17748, stack(0x0000009bee900000,0x0000009beea00000)]
  0x000001a9db93a800 JavaThread "jar transforms Thread 57" [_thread_blocked, id=29312, stack(0x0000009beea00000,0x0000009beeb00000)]
  0x000001a9db93a000 JavaThread "jar transforms Thread 58" [_thread_blocked, id=25648, stack(0x0000009beeb00000,0x0000009beec00000)]
  0x000001a9db93b800 JavaThread "jar transforms Thread 59" [_thread_blocked, id=35576, stack(0x0000009beec00000,0x0000009beed00000)]
  0x000001a9db936800 JavaThread "jar transforms Thread 60" [_thread_blocked, id=10336, stack(0x0000009beed00000,0x0000009beee00000)]
  0x000001a9db936000 JavaThread "jar transforms Thread 61" [_thread_blocked, id=34960, stack(0x0000009beee00000,0x0000009beef00000)]
  0x000001a9db93c800 JavaThread "jar transforms Thread 62" [_thread_blocked, id=20636, stack(0x0000009beef00000,0x0000009bef000000)]
  0x000001a9db93d000 JavaThread "jar transforms Thread 63" [_thread_blocked, id=20972, stack(0x0000009bef000000,0x0000009bef100000)]
  0x000001a9db937800 JavaThread "jar transforms Thread 64" [_thread_blocked, id=2708, stack(0x0000009bef100000,0x0000009bef200000)]
  0x000001a9db943800 JavaThread "jar transforms Thread 65" [_thread_blocked, id=34956, stack(0x0000009bef200000,0x0000009bef300000)]
  0x000001a9db93f800 JavaThread "jar transforms Thread 66" [_thread_blocked, id=22220, stack(0x0000009bef300000,0x0000009bef400000)]
  0x000001a9db93e800 JavaThread "jar transforms Thread 67" [_thread_blocked, id=9660, stack(0x0000009bef400000,0x0000009bef500000)]
  0x000001a9db940800 JavaThread "jar transforms Thread 68" [_thread_blocked, id=33132, stack(0x0000009bef500000,0x0000009bef600000)]
  0x000001a9db93e000 JavaThread "jar transforms Thread 69" [_thread_blocked, id=12700, stack(0x0000009bef600000,0x0000009bef700000)]
  0x000001a9db944800 JavaThread "jar transforms Thread 70" [_thread_blocked, id=1548, stack(0x0000009bef700000,0x0000009bef800000)]
  0x000001a9db941000 JavaThread "jar transforms Thread 71" [_thread_blocked, id=24800, stack(0x0000009bef800000,0x0000009bef900000)]
  0x000001a9db942000 JavaThread "jar transforms Thread 72" [_thread_blocked, id=13492, stack(0x0000009bef900000,0x0000009befa00000)]
  0x000001a9db943000 JavaThread "jar transforms Thread 73" [_thread_blocked, id=23924, stack(0x0000009befa00000,0x0000009befb00000)]
  0x000001a9de331000 JavaThread "jar transforms Thread 74" [_thread_blocked, id=32764, stack(0x0000009befb00000,0x0000009befc00000)]
  0x000001a9de330800 JavaThread "jar transforms Thread 75" [_thread_blocked, id=29996, stack(0x0000009befc00000,0x0000009befd00000)]
  0x000001a9de332000 JavaThread "jar transforms Thread 76" [_thread_blocked, id=2336, stack(0x0000009befd00000,0x0000009befe00000)]
  0x000001a9de336000 JavaThread "jar transforms Thread 77" [_thread_blocked, id=14676, stack(0x0000009befe00000,0x0000009beff00000)]
  0x000001a9de334800 JavaThread "jar transforms Thread 78" [_thread_blocked, id=2488, stack(0x0000009beff00000,0x0000009bf0000000)]
  0x000001a9de335800 JavaThread "jar transforms Thread 79" [_thread_blocked, id=1872, stack(0x0000009bf0000000,0x0000009bf0100000)]
  0x000001a9de333000 JavaThread "jar transforms Thread 80" [_thread_blocked, id=30604, stack(0x0000009bf0100000,0x0000009bf0200000)]
  0x000001a9de337000 JavaThread "jar transforms Thread 81" [_thread_blocked, id=35160, stack(0x0000009bf0200000,0x0000009bf0300000)]
  0x000001a9de338800 JavaThread "jar transforms Thread 82" [_thread_blocked, id=30288, stack(0x0000009bf0300000,0x0000009bf0400000)]
  0x000001a9de337800 JavaThread "jar transforms Thread 83" [_thread_blocked, id=35824, stack(0x0000009bf0400000,0x0000009bf0500000)]
  0x000001a9de339800 JavaThread "jar transforms Thread 84" [_thread_blocked, id=35716, stack(0x0000009bf0500000,0x0000009bf0600000)]
  0x000001a9de333800 JavaThread "jar transforms Thread 85" [_thread_blocked, id=22828, stack(0x0000009bf0600000,0x0000009bf0700000)]
  0x000001a9de33d800 JavaThread "jar transforms Thread 86" [_thread_blocked, id=29968, stack(0x0000009bf0700000,0x0000009bf0800000)]
  0x000001a9de33b000 JavaThread "jar transforms Thread 87" [_thread_blocked, id=14372, stack(0x0000009bf0800000,0x0000009bf0900000)]
  0x000001a9de33c000 JavaThread "jar transforms Thread 88" [_thread_blocked, id=26488, stack(0x0000009bf0900000,0x0000009bf0a00000)]
  0x000001a9de33a000 JavaThread "jar transforms Thread 89" [_thread_blocked, id=24884, stack(0x0000009bf0a00000,0x0000009bf0b00000)]
  0x000001a9de33c800 JavaThread "jar transforms Thread 90" [_thread_blocked, id=35364, stack(0x0000009bf0b00000,0x0000009bf0c00000)]
  0x000001a9de33e800 JavaThread "jar transforms Thread 91" [_thread_blocked, id=14164, stack(0x0000009bf0c00000,0x0000009bf0d00000)]
  0x000001a9de33f000 JavaThread "jar transforms Thread 92" [_thread_blocked, id=34872, stack(0x0000009bf0d00000,0x0000009bf0e00000)]
  0x000001a9dcc14000 JavaThread "Memory manager" [_thread_blocked, id=3884, stack(0x0000009bf0e00000,0x0000009bf0f00000)]
  0x000001a9dcc15000 JavaThread "Handler for socket connection from /127.0.0.1:65159 to /127.0.0.1:65202" [_thread_in_native, id=32780, stack(0x0000009be9600000,0x0000009be9700000)]
  0x000001a9dcc13800 JavaThread "Cancel handler" [_thread_blocked, id=33296, stack(0x0000009be9700000,0x0000009be9800000)]
  0x000001a9dcc16000 JavaThread "Asynchronous log dispatcher for DefaultDaemonConnection: socket connection from /127.0.0.1:65159 to /127.0.0.1:65202" [_thread_blocked, id=23824, stack(0x0000009be9900000,0x0000009be9a00000)]
  0x000001a9dcc10000 JavaThread "Stdin handler" [_thread_blocked, id=3984, stack(0x0000009be9a00000,0x0000009be9b00000)]
  0x000001a9dcc11000 JavaThread "Daemon client event forwarder" [_thread_blocked, id=20716, stack(0x0000009be9b00000,0x0000009be9c00000)]
  0x000001a9dcc16800 JavaThread "Cache worker for file hash cache (D:\02 Projekte\Weedstats-mobile-NEU\WeedStats-Mobile\android\.gradle\6.9\fileHashes)" [_thread_blocked, id=34840, stack(0x0000009bea400000,0x0000009bea500000)]
  0x000001a9dcc17800 JavaThread "Cache worker for checksums cache (D:\02 Projekte\Weedstats-mobile-NEU\WeedStats-Mobile\android\.gradle\checksums)" [_thread_blocked, id=32672, stack(0x0000009bea800000,0x0000009bea900000)]
  0x000001a9dcc11800 JavaThread "Cache worker for cache directory md-supplier (C:\Users\klaus\.gradle\caches\6.9\md-supplier)" [_thread_blocked, id=14784, stack(0x0000009bea900000,0x0000009beaa00000)]
  0x000001a9dcc18000 JavaThread "Cache worker for cache directory md-rule (C:\Users\klaus\.gradle\caches\6.9\md-rule)" [_thread_blocked, id=35756, stack(0x0000009beaa00000,0x0000009beab00000)]
  0x000001a9dcc12800 JavaThread "Cache worker for Build Output Cleanup Cache (D:\02 Projekte\Weedstats-mobile-NEU\WeedStats-Mobile\android\.gradle\buildOutputCleanup)" [_thread_blocked, id=12104, stack(0x0000009bead00000,0x0000009beae00000)]
  0x000001a9dcc19000 JavaThread "Build operations" [_thread_blocked, id=34764, stack(0x0000009beae00000,0x0000009beaf00000)]
  0x000001a9dcc1a000 JavaThread "Build operations Thread 2" [_thread_blocked, id=23868, stack(0x0000009beaf00000,0x0000009beb000000)]
  0x000001a9dcc1d000 JavaThread "Build operations Thread 3" [_thread_blocked, id=21680, stack(0x0000009beb000000,0x0000009beb100000)]
  0x000001a9dcc1a800 JavaThread "Build operations Thread 4" [_thread_blocked, id=28700, stack(0x0000009beb100000,0x0000009beb200000)]
  0x000001a9dcc1b800 JavaThread "Build operations Thread 5" [_thread_blocked, id=32456, stack(0x0000009beb200000,0x0000009beb300000)]
  0x000001a9dcc1e000 JavaThread "Build operations Thread 6" [_thread_blocked, id=27748, stack(0x0000009beb300000,0x0000009beb400000)]

Other Threads:
=>0x000001a9d8316800 VMThread "VM Thread" [stack: 0x0000009be8600000,0x0000009be8700000] [id=14756]
  0x000001a9d8e6d800 WatcherThread [stack: 0x0000009be9000000,0x0000009be9100000] [id=18292]
  0x000001a9b96f7800 GCTaskThread "GC Thread#0" [stack: 0x0000009be8100000,0x0000009be8200000] [id=20336]
  0x000001a9d9865800 GCTaskThread "GC Thread#1" [stack: 0x0000009be9200000,0x0000009be9300000] [id=5608]
  0x000001a9db82f000 GCTaskThread "GC Thread#2" [stack: 0x0000009be9c00000,0x0000009be9d00000] [id=34400]
  0x000001a9da062000 GCTaskThread "GC Thread#3" [stack: 0x0000009be9d00000,0x0000009be9e00000] [id=32080]
  0x000001a9da238000 GCTaskThread "GC Thread#4" [stack: 0x0000009be9e00000,0x0000009be9f00000] [id=32520]
  0x000001a9d9f09800 GCTaskThread "GC Thread#5" [stack: 0x0000009be9f00000,0x0000009bea000000] [id=16848]
  0x000001a9b9729800 ConcurrentGCThread "G1 Main Marker" [stack: 0x0000009be8200000,0x0000009be8300000] [id=35044]
  0x000001a9b972b000 ConcurrentGCThread "G1 Conc#0" [stack: 0x0000009be8300000,0x0000009be8400000] [id=34572]
  0x000001a9da695000 ConcurrentGCThread "G1 Conc#1" [stack: 0x0000009bea200000,0x0000009bea300000] [id=9688]
  0x000001a9d8166800 ConcurrentGCThread "G1 Refine#0" [stack: 0x0000009be8400000,0x0000009be8500000] [id=1812]
  0x000001a9d9b2c000 ConcurrentGCThread "G1 Refine#1" [stack: 0x0000009bea500000,0x0000009bea600000] [id=30560]
  0x000001a9b97ae000 ConcurrentGCThread "G1 Young RemSet Sampling" [stack: 0x0000009be8500000,0x0000009be8600000] [id=24332]

Threads with active compile tasks:
C2 CompilerThread0  52677 11468       4       java.lang.Class::privateGetPublicMethods (224 bytes)

VM state:at safepoint (normal execution)

VM Mutex/Monitor currently owned by a thread:  ([mutex/lock_event])
[0x000001a9b96dad60] Threads_lock - owner thread: 0x000001a9d8316800
[0x000001a9b96db420] Heap_lock - owner thread: 0x000001a9dcc11000

Heap address: 0x0000000080000000, size: 2048 MB, Compressed Oops mode: 32-bit
Narrow klass base: 0x0000000000000000, Narrow klass shift: 3
Compressed class space size: 1073741824 Address: 0x0000000100000000

Heap:
 garbage-first heap   total 270336K, used 143339K [0x0000000080000000, 0x0000000100000000)
  region size 1024K, 6 young (6144K), 6 survivors (6144K)
 Metaspace       used 87190K, capacity 92420K, committed 92664K, reserved 1128448K
  class space    used 11130K, capacity 13092K, committed 13132K, reserved 1048576K
Heap Regions: E=young(eden), S=young(survivor), O=old, HS=humongous(starts), HC=humongous(continues), CS=collection set, F=free, A=archive, TAMS=top-at-mark-start (previous, next)
|   0|0x0000000080000000, 0x0000000080100000, 0x0000000080100000|100%| O|  |TAMS 0x0000000080100000, 0x0000000080000000| Untracked 
|   1|0x0000000080100000, 0x0000000080200000, 0x0000000080200000|100%| O|  |TAMS 0x0000000080200000, 0x0000000080100000| Untracked 
|   2|0x0000000080200000, 0x0000000080300000, 0x0000000080300000|100%| O|  |TAMS 0x0000000080300000, 0x0000000080200000| Untracked 
|   3|0x0000000080300000, 0x0000000080400000, 0x0000000080400000|100%|HS|  |TAMS 0x0000000080400000, 0x0000000080300000| Complete 
|   4|0x0000000080400000, 0x0000000080500000, 0x0000000080500000|100%|HC|  |TAMS 0x0000000080500000, 0x0000000080400000| Complete 
|   5|0x0000000080500000, 0x0000000080600000, 0x0000000080600000|100%|HC|  |TAMS 0x0000000080600000, 0x0000000080500000| Complete 
|   6|0x0000000080600000, 0x0000000080700000, 0x0000000080700000|100%| O|  |TAMS 0x0000000080700000, 0x0000000080600000| Complete 
|   7|0x0000000080700000, 0x0000000080800000, 0x0000000080800000|100%| O|  |TAMS 0x0000000080800000, 0x0000000080700000| Untracked 
|   8|0x0000000080800000, 0x0000000080900000, 0x0000000080900000|100%| O|  |TAMS 0x0000000080900000, 0x0000000080800000| Untracked 
|   9|0x0000000080900000, 0x0000000080a00000, 0x0000000080a00000|100%| O|  |TAMS 0x0000000080a00000, 0x0000000080900000| Untracked 
|  10|0x0000000080a00000, 0x0000000080b00000, 0x0000000080b00000|100%| O|  |TAMS 0x0000000080b00000, 0x0000000080a00000| Untracked 
|  11|0x0000000080b00000, 0x0000000080c00000, 0x0000000080c00000|100%| O|  |TAMS 0x0000000080c00000, 0x0000000080b00000| Untracked 
|  12|0x0000000080c00000, 0x0000000080d00000, 0x0000000080d00000|100%| O|  |TAMS 0x0000000080d00000, 0x0000000080c00000| Untracked 
|  13|0x0000000080d00000, 0x0000000080e00000, 0x0000000080e00000|100%| O|  |TAMS 0x0000000080e00000, 0x0000000080d00000| Untracked 
|  14|0x0000000080e00000, 0x0000000080f00000, 0x0000000080f00000|100%| O|  |TAMS 0x0000000080f00000, 0x0000000080e00000| Untracked 
|  15|0x0000000080f00000, 0x0000000081000000, 0x0000000081000000|100%| O|  |TAMS 0x0000000081000000, 0x0000000080f00000| Untracked 
|  16|0x0000000081000000, 0x0000000081100000, 0x0000000081100000|100%| O|  |TAMS 0x0000000081100000, 0x0000000081000000| Untracked 
|  17|0x0000000081100000, 0x0000000081200000, 0x0000000081200000|100%| O|  |TAMS 0x0000000081200000, 0x0000000081100000| Untracked 
|  18|0x0000000081200000, 0x0000000081300000, 0x0000000081300000|100%| O|  |TAMS 0x0000000081300000, 0x0000000081200000| Complete 
|  19|0x0000000081300000, 0x0000000081400000, 0x0000000081400000|100%| O|  |TAMS 0x0000000081400000, 0x0000000081300000| Complete 
|  20|0x0000000081400000, 0x0000000081500000, 0x0000000081500000|100%|HS|  |TAMS 0x0000000081500000, 0x0000000081400000| Complete 
|  21|0x0000000081500000, 0x0000000081600000, 0x0000000081600000|100%| O|  |TAMS 0x0000000081600000, 0x0000000081500000| Untracked 
|  22|0x0000000081600000, 0x0000000081700000, 0x0000000081700000|100%| O|  |TAMS 0x0000000081700000, 0x0000000081600000| Untracked 
|  23|0x0000000081700000, 0x0000000081800000, 0x0000000081800000|100%| O|  |TAMS 0x0000000081800000, 0x0000000081700000| Untracked 
|  24|0x0000000081800000, 0x0000000081900000, 0x0000000081900000|100%| O|  |TAMS 0x0000000081900000, 0x0000000081800000| Complete 
|  25|0x0000000081900000, 0x0000000081a00000, 0x0000000081a00000|100%| O|  |TAMS 0x0000000081a00000, 0x0000000081900000| Untracked 
|  26|0x0000000081a00000, 0x0000000081b00000, 0x0000000081b00000|100%| O|  |TAMS 0x0000000081b00000, 0x0000000081a00000| Complete 
|  27|0x0000000081b00000, 0x0000000081c00000, 0x0000000081c00000|100%| O|  |TAMS 0x0000000081c00000, 0x0000000081b00000| Complete 
|  28|0x0000000081c00000, 0x0000000081d00000, 0x0000000081d00000|100%| O|  |TAMS 0x0000000081d00000, 0x0000000081c00000| Untracked 
|  29|0x0000000081d00000, 0x0000000081e00000, 0x0000000081e00000|100%| O|  |TAMS 0x0000000081e00000, 0x0000000081d00000| Untracked 
|  30|0x0000000081e00000, 0x0000000081f00000, 0x0000000081f00000|100%| O|  |TAMS 0x0000000081f00000, 0x0000000081e00000| Complete 
|  31|0x0000000081f00000, 0x0000000082000000, 0x0000000082000000|100%|HS|  |TAMS 0x0000000082000000, 0x0000000081f00000| Complete 
|  32|0x0000000082000000, 0x0000000082100000, 0x0000000082100000|100%|HC|  |TAMS 0x0000000082100000, 0x0000000082000000| Complete 
|  33|0x0000000082100000, 0x0000000082200000, 0x0000000082200000|100%| O|  |TAMS 0x0000000082200000, 0x0000000082100000| Complete 
|  34|0x0000000082200000, 0x0000000082300000, 0x0000000082300000|100%| O|  |TAMS 0x0000000082300000, 0x0000000082200000| Complete 
|  35|0x0000000082300000, 0x0000000082400000, 0x0000000082400000|100%| O|  |TAMS 0x0000000082400000, 0x0000000082300000| Complete 
|  36|0x0000000082400000, 0x0000000082500000, 0x0000000082500000|100%| O|  |TAMS 0x0000000082500000, 0x0000000082400000| Untracked 
|  37|0x0000000082500000, 0x0000000082600000, 0x0000000082600000|100%| O|  |TAMS 0x0000000082600000, 0x0000000082500000| Complete 
|  38|0x0000000082600000, 0x0000000082700000, 0x0000000082700000|100%| O|  |TAMS 0x0000000082700000, 0x0000000082600000| Untracked 
|  39|0x0000000082700000, 0x0000000082800000, 0x0000000082800000|100%| O|  |TAMS 0x0000000082800000, 0x0000000082700000| Untracked 
|  40|0x0000000082800000, 0x0000000082900000, 0x0000000082900000|100%| O|  |TAMS 0x0000000082900000, 0x0000000082800000| Untracked 
|  41|0x0000000082900000, 0x0000000082a00000, 0x0000000082a00000|100%| O|  |TAMS 0x0000000082a00000, 0x0000000082900000| Complete 
|  42|0x0000000082a00000, 0x0000000082b00000, 0x0000000082b00000|100%| O|  |TAMS 0x0000000082b00000, 0x0000000082a00000| Complete 
|  43|0x0000000082b00000, 0x0000000082c00000, 0x0000000082c00000|100%| O|  |TAMS 0x0000000082c00000, 0x0000000082b00000| Complete 
|  44|0x0000000082c00000, 0x0000000082d00000, 0x0000000082d00000|100%| O|  |TAMS 0x0000000082d00000, 0x0000000082c00000| Complete 
|  45|0x0000000082d00000, 0x0000000082e00000, 0x0000000082e00000|100%| O|  |TAMS 0x0000000082e00000, 0x0000000082d00000| Untracked 
|  46|0x0000000082e00000, 0x0000000082f00000, 0x0000000082f00000|100%| O|  |TAMS 0x0000000082f00000, 0x0000000082e00000| Untracked 
|  47|0x0000000082f00000, 0x0000000083000000, 0x0000000083000000|100%| O|  |TAMS 0x0000000083000000, 0x0000000082f00000| Untracked 
|  48|0x0000000083000000, 0x0000000083100000, 0x0000000083100000|100%| O|  |TAMS 0x0000000083100000, 0x0000000083000000| Untracked 
|  49|0x0000000083100000, 0x0000000083200000, 0x0000000083200000|100%| O|  |TAMS 0x0000000083200000, 0x0000000083100000| Untracked 
|  50|0x0000000083200000, 0x0000000083300000, 0x0000000083300000|100%| O|  |TAMS 0x0000000083300000, 0x0000000083200000| Untracked 
|  51|0x0000000083300000, 0x0000000083400000, 0x0000000083400000|100%| O|  |TAMS 0x0000000083400000, 0x0000000083300000| Complete 
|  52|0x0000000083400000, 0x0000000083500000, 0x0000000083500000|100%| O|  |TAMS 0x0000000083500000, 0x0000000083400000| Untracked 
|  53|0x0000000083500000, 0x0000000083600000, 0x0000000083600000|100%| O|  |TAMS 0x0000000083600000, 0x0000000083500000| Untracked 
|  54|0x0000000083600000, 0x0000000083700000, 0x0000000083700000|100%| O|  |TAMS 0x0000000083700000, 0x0000000083600000| Complete 
|  55|0x0000000083700000, 0x0000000083800000, 0x0000000083800000|100%| O|  |TAMS 0x0000000083800000, 0x0000000083700000| Complete 
|  56|0x0000000083800000, 0x0000000083900000, 0x0000000083900000|100%| O|  |TAMS 0x0000000083900000, 0x0000000083800000| Untracked 
|  57|0x0000000083900000, 0x0000000083a00000, 0x0000000083a00000|100%| O|  |TAMS 0x0000000083a00000, 0x0000000083900000| Untracked 
|  58|0x0000000083a00000, 0x0000000083b00000, 0x0000000083b00000|100%| O|  |TAMS 0x0000000083b00000, 0x0000000083a00000| Complete 
|  59|0x0000000083b00000, 0x0000000083c00000, 0x0000000083c00000|100%| O|  |TAMS 0x0000000083c00000, 0x0000000083b00000| Complete 
|  60|0x0000000083c00000, 0x0000000083d00000, 0x0000000083d00000|100%| O|  |TAMS 0x0000000083d00000, 0x0000000083c00000| Untracked 
|  61|0x0000000083d00000, 0x0000000083e00000, 0x0000000083e00000|100%| O|  |TAMS 0x0000000083e00000, 0x0000000083d00000| Complete 
|  62|0x0000000083e00000, 0x0000000083f00000, 0x0000000083f00000|100%|HS|  |TAMS 0x0000000083f00000, 0x0000000083e00000| Complete 
|  63|0x0000000083f00000, 0x0000000084000000, 0x0000000084000000|100%|HC|  |TAMS 0x0000000084000000, 0x0000000083f00000| Complete 
|  64|0x0000000084000000, 0x0000000084100000, 0x0000000084100000|100%|HC|  |TAMS 0x0000000084100000, 0x0000000084000000| Complete 
|  65|0x0000000084100000, 0x0000000084200000, 0x0000000084200000|100%| O|  |TAMS 0x0000000084200000, 0x0000000084100000| Untracked 
|  66|0x0000000084200000, 0x0000000084300000, 0x0000000084300000|100%| O|  |TAMS 0x0000000084300000, 0x0000000084200000| Untracked 
|  67|0x0000000084300000, 0x0000000084400000, 0x0000000084400000|100%| O|  |TAMS 0x0000000084400000, 0x0000000084300000| Complete 
|  68|0x0000000084400000, 0x0000000084500000, 0x0000000084500000|100%| O|  |TAMS 0x0000000084500000, 0x0000000084400000| Complete 
|  69|0x0000000084500000, 0x0000000084600000, 0x0000000084600000|100%| O|  |TAMS 0x0000000084600000, 0x0000000084500000| Complete 
|  70|0x0000000084600000, 0x0000000084700000, 0x0000000084700000|100%| O|  |TAMS 0x0000000084700000, 0x0000000084600000| Complete 
|  71|0x0000000084700000, 0x0000000084800000, 0x0000000084800000|100%| O|  |TAMS 0x0000000084800000, 0x0000000084700000| Complete 
|  72|0x0000000084800000, 0x0000000084900000, 0x0000000084900000|100%| O|  |TAMS 0x0000000084900000, 0x0000000084800000| Complete 
|  73|0x0000000084900000, 0x0000000084a00000, 0x0000000084a00000|100%| O|  |TAMS 0x0000000084a00000, 0x0000000084900000| Complete 
|  74|0x0000000084a00000, 0x0000000084b00000, 0x0000000084b00000|100%| O|  |TAMS 0x0000000084b00000, 0x0000000084a00000| Complete 
|  75|0x0000000084b00000, 0x0000000084c00000, 0x0000000084c00000|100%| O|  |TAMS 0x0000000084c00000, 0x0000000084b00000| Complete 
|  76|0x0000000084c00000, 0x0000000084d00000, 0x0000000084d00000|100%| O|  |TAMS 0x0000000084d00000, 0x0000000084c00000| Complete 
|  77|0x0000000084d00000, 0x0000000084e00000, 0x0000000084e00000|100%| O|  |TAMS 0x0000000084e00000, 0x0000000084d00000| Complete 
|  78|0x0000000084e00000, 0x0000000084f00000, 0x0000000084f00000|100%| O|  |TAMS 0x0000000084f00000, 0x0000000084e00000| Complete 
|  79|0x0000000084f00000, 0x0000000085000000, 0x0000000085000000|100%| O|  |TAMS 0x0000000085000000, 0x0000000084f00000| Complete 
|  80|0x0000000085000000, 0x0000000085100000, 0x0000000085100000|100%| O|  |TAMS 0x0000000085100000, 0x0000000085000000| Complete 
|  81|0x0000000085100000, 0x0000000085200000, 0x0000000085200000|100%| O|  |TAMS 0x0000000085200000, 0x0000000085100000| Complete 
|  82|0x0000000085200000, 0x0000000085300000, 0x0000000085300000|100%| O|  |TAMS 0x0000000085300000, 0x0000000085200000| Complete 
|  83|0x0000000085300000, 0x0000000085400000, 0x0000000085400000|100%| O|  |TAMS 0x0000000085400000, 0x0000000085300000| Complete 
|  84|0x0000000085400000, 0x0000000085500000, 0x0000000085500000|100%| O|  |TAMS 0x0000000085500000, 0x0000000085400000| Complete 
|  85|0x0000000085500000, 0x0000000085600000, 0x0000000085600000|100%| O|  |TAMS 0x0000000085600000, 0x0000000085500000| Complete 
|  86|0x0000000085600000, 0x0000000085700000, 0x0000000085700000|100%| O|  |TAMS 0x0000000085700000, 0x0000000085600000| Complete 
|  87|0x0000000085700000, 0x0000000085800000, 0x0000000085800000|100%| O|  |TAMS 0x0000000085800000, 0x0000000085700000| Complete 
|  88|0x0000000085800000, 0x0000000085900000, 0x0000000085900000|100%| O|  |TAMS 0x0000000085900000, 0x0000000085800000| Complete 
|  89|0x0000000085900000, 0x0000000085a00000, 0x0000000085a00000|100%| O|  |TAMS 0x0000000085a00000, 0x0000000085900000| Complete 
|  90|0x0000000085a00000, 0x0000000085b00000, 0x0000000085b00000|100%| O|  |TAMS 0x0000000085b00000, 0x0000000085a00000| Complete 
|  91|0x0000000085b00000, 0x0000000085c00000, 0x0000000085c00000|100%| O|  |TAMS 0x0000000085c00000, 0x0000000085b00000| Complete 
|  92|0x0000000085c00000, 0x0000000085d00000, 0x0000000085d00000|100%| O|  |TAMS 0x0000000085d00000, 0x0000000085c00000| Complete 
|  93|0x0000000085d00000, 0x0000000085e00000, 0x0000000085e00000|100%| O|  |TAMS 0x0000000085e00000, 0x0000000085d00000| Complete 
|  94|0x0000000085e00000, 0x0000000085f00000, 0x0000000085f00000|100%|HS|  |TAMS 0x0000000085f00000, 0x0000000085e00000| Complete 
|  95|0x0000000085f00000, 0x0000000086000000, 0x0000000086000000|100%|HS|  |TAMS 0x0000000086000000, 0x0000000085f00000| Complete 
|  96|0x0000000086000000, 0x0000000086100000, 0x0000000086100000|100%|HC|  |TAMS 0x0000000086100000, 0x0000000086000000| Complete 
|  97|0x0000000086100000, 0x0000000086200000, 0x0000000086200000|100%|HC|  |TAMS 0x0000000086200000, 0x0000000086100000| Complete 
|  98|0x0000000086200000, 0x0000000086300000, 0x0000000086300000|100%| O|  |TAMS 0x0000000086300000, 0x0000000086200000| Untracked 
|  99|0x0000000086300000, 0x0000000086400000, 0x0000000086400000|100%| O|  |TAMS 0x0000000086400000, 0x0000000086300000| Untracked 
| 100|0x0000000086400000, 0x0000000086500000, 0x0000000086500000|100%| O|  |TAMS 0x0000000086500000, 0x0000000086400000| Complete 
| 101|0x0000000086500000, 0x0000000086600000, 0x0000000086600000|100%| O|  |TAMS 0x0000000086600000, 0x0000000086500000| Complete 
| 102|0x0000000086600000, 0x0000000086700000, 0x0000000086700000|100%| O|  |TAMS 0x0000000086700000, 0x0000000086600000| Complete 
| 103|0x0000000086700000, 0x0000000086800000, 0x0000000086800000|100%| O|  |TAMS 0x0000000086800000, 0x0000000086700000| Complete 
| 104|0x0000000086800000, 0x0000000086900000, 0x0000000086900000|100%| O|  |TAMS 0x0000000086900000, 0x0000000086800000| Complete 
| 105|0x0000000086900000, 0x0000000086a00000, 0x0000000086a00000|100%| O|  |TAMS 0x0000000086a00000, 0x0000000086900000| Complete 
| 106|0x0000000086a00000, 0x0000000086b00000, 0x0000000086b00000|100%| O|  |TAMS 0x0000000086b00000, 0x0000000086a00000| Complete 
| 107|0x0000000086b00000, 0x0000000086c00000, 0x0000000086c00000|100%| O|  |TAMS 0x0000000086c00000, 0x0000000086b00000| Complete 
| 108|0x0000000086c00000, 0x0000000086d00000, 0x0000000086d00000|100%| O|  |TAMS 0x0000000086d00000, 0x0000000086c00000| Untracked 
| 109|0x0000000086d00000, 0x0000000086e00000, 0x0000000086e00000|100%| O|  |TAMS 0x0000000086e00000, 0x0000000086d00000| Untracked 
| 110|0x0000000086e00000, 0x0000000086f00000, 0x0000000086f00000|100%| O|  |TAMS 0x0000000086f00000, 0x0000000086e00000| Complete 
| 111|0x0000000086f00000, 0x0000000087000000, 0x0000000087000000|100%| O|  |TAMS 0x0000000087000000, 0x0000000086f00000| Complete 
| 112|0x0000000087000000, 0x0000000087100000, 0x0000000087100000|100%| O|  |TAMS 0x0000000087100000, 0x0000000087000000| Complete 
| 113|0x0000000087100000, 0x0000000087200000, 0x0000000087200000|100%| O|  |TAMS 0x0000000087200000, 0x0000000087100000| Complete 
| 114|0x0000000087200000, 0x0000000087300000, 0x0000000087300000|100%| O|  |TAMS 0x0000000087300000, 0x0000000087200000| Complete 
| 115|0x0000000087300000, 0x0000000087400000, 0x0000000087400000|100%| O|  |TAMS 0x0000000087400000, 0x0000000087300000| Complete 
| 116|0x0000000087400000, 0x0000000087500000, 0x0000000087500000|100%| O|  |TAMS 0x0000000087500000, 0x0000000087400000| Complete 
| 117|0x0000000087500000, 0x0000000087600000, 0x0000000087600000|100%| O|  |TAMS 0x0000000087600000, 0x0000000087500000| Untracked 
| 118|0x0000000087600000, 0x0000000087700000, 0x0000000087700000|100%| O|  |TAMS 0x0000000087700000, 0x0000000087600000| Complete 
| 119|0x0000000087700000, 0x0000000087800000, 0x0000000087800000|100%| O|  |TAMS 0x0000000087800000, 0x0000000087700000| Untracked 
| 120|0x0000000087800000, 0x0000000087900000, 0x0000000087900000|100%| O|  |TAMS 0x0000000087900000, 0x0000000087800000| Untracked 
| 121|0x0000000087900000, 0x0000000087a00000, 0x0000000087a00000|100%| O|  |TAMS 0x0000000087a00000, 0x0000000087900000| Untracked 
| 122|0x0000000087a00000, 0x0000000087b00000, 0x0000000087b00000|100%| O|  |TAMS 0x0000000087b00000, 0x0000000087a00000| Untracked 
| 123|0x0000000087b00000, 0x0000000087c00000, 0x0000000087c00000|100%| O|  |TAMS 0x0000000087c00000, 0x0000000087b00000| Complete 
| 124|0x0000000087c00000, 0x0000000087d00000, 0x0000000087d00000|100%| O|  |TAMS 0x0000000087d00000, 0x0000000087c00000| Complete 
| 125|0x0000000087d00000, 0x0000000087e00000, 0x0000000087e00000|100%| O|  |TAMS 0x0000000087dcfc00, 0x0000000087d00000| Untracked 
| 126|0x0000000087e00000, 0x0000000087f00000, 0x0000000087f00000|100%| O|  |TAMS 0x0000000087e00000, 0x0000000087e00000| Untracked 
| 127|0x0000000087f00000, 0x0000000088000000, 0x0000000088000000|100%| O|  |TAMS 0x0000000087f00000, 0x0000000087f00000| Untracked 
| 128|0x0000000088000000, 0x0000000088100000, 0x0000000088100000|100%| O|  |TAMS 0x0000000088000000, 0x0000000088000000| Untracked 
| 129|0x0000000088100000, 0x0000000088200000, 0x0000000088200000|100%| O|  |TAMS 0x0000000088100000, 0x0000000088100000| Untracked 
| 130|0x0000000088200000, 0x0000000088300000, 0x0000000088300000|100%| O|  |TAMS 0x0000000088200000, 0x0000000088200000| Untracked 
| 131|0x0000000088300000, 0x0000000088400000, 0x0000000088400000|100%| O|  |TAMS 0x0000000088300000, 0x0000000088300000| Untracked 
| 132|0x0000000088400000, 0x0000000088500000, 0x0000000088500000|100%| O|  |TAMS 0x0000000088400000, 0x0000000088400000| Untracked 
| 133|0x0000000088500000, 0x00000000885fae00, 0x0000000088600000| 97%| O|  |TAMS 0x0000000088500000, 0x0000000088500000| Untracked 
| 134|0x0000000088600000, 0x0000000088600000, 0x0000000088700000|  0%| F|  |TAMS 0x0000000088600000, 0x0000000088600000| Untracked 
| 135|0x0000000088700000, 0x0000000088700000, 0x0000000088800000|  0%| F|  |TAMS 0x0000000088700000, 0x0000000088700000| Untracked 
| 136|0x0000000088800000, 0x0000000088800000, 0x0000000088900000|  0%| F|  |TAMS 0x0000000088800000, 0x0000000088800000| Untracked 
| 137|0x0000000088900000, 0x0000000088900000, 0x0000000088a00000|  0%| F|  |TAMS 0x0000000088900000, 0x0000000088900000| Untracked 
| 138|0x0000000088a00000, 0x0000000088a00000, 0x0000000088b00000|  0%| F|  |TAMS 0x0000000088a00000, 0x0000000088a00000| Untracked 
| 139|0x0000000088b00000, 0x0000000088b00000, 0x0000000088c00000|  0%| F|  |TAMS 0x0000000088b00000, 0x0000000088b00000| Untracked 
| 140|0x0000000088c00000, 0x0000000088c00000, 0x0000000088d00000|  0%| F|  |TAMS 0x0000000088c00000, 0x0000000088c00000| Untracked 
| 141|0x0000000088d00000, 0x0000000088d00000, 0x0000000088e00000|  0%| F|  |TAMS 0x0000000088d00000, 0x0000000088d00000| Untracked 
| 142|0x0000000088e00000, 0x0000000088e00000, 0x0000000088f00000|  0%| F|  |TAMS 0x0000000088e00000, 0x0000000088e00000| Untracked 
| 143|0x0000000088f00000, 0x0000000088f00000, 0x0000000089000000|  0%| F|  |TAMS 0x0000000088f00000, 0x0000000088f00000| Untracked 
| 144|0x0000000089000000, 0x0000000089000000, 0x0000000089100000|  0%| F|  |TAMS 0x0000000089000000, 0x0000000089000000| Untracked 
| 145|0x0000000089100000, 0x0000000089100000, 0x0000000089200000|  0%| F|  |TAMS 0x0000000089100000, 0x0000000089100000| Untracked 
| 146|0x0000000089200000, 0x0000000089200000, 0x0000000089300000|  0%| F|  |TAMS 0x0000000089200000, 0x0000000089200000| Untracked 
| 147|0x0000000089300000, 0x0000000089300000, 0x0000000089400000|  0%| F|  |TAMS 0x0000000089300000, 0x0000000089300000| Untracked 
| 148|0x0000000089400000, 0x0000000089400000, 0x0000000089500000|  0%| F|  |TAMS 0x0000000089400000, 0x0000000089400000| Untracked 
| 149|0x0000000089500000, 0x0000000089500000, 0x0000000089600000|  0%| F|  |TAMS 0x0000000089500000, 0x0000000089500000| Untracked 
| 150|0x0000000089600000, 0x0000000089600000, 0x0000000089700000|  0%| F|  |TAMS 0x0000000089600000, 0x0000000089600000| Untracked 
| 151|0x0000000089700000, 0x0000000089700000, 0x0000000089800000|  0%| F|  |TAMS 0x0000000089700000, 0x0000000089700000| Untracked 
| 152|0x0000000089800000, 0x0000000089800000, 0x0000000089900000|  0%| F|  |TAMS 0x0000000089800000, 0x0000000089800000| Untracked 
| 153|0x0000000089900000, 0x0000000089900000, 0x0000000089a00000|  0%| F|  |TAMS 0x0000000089900000, 0x0000000089900000| Untracked 
| 154|0x0000000089a00000, 0x0000000089a00000, 0x0000000089b00000|  0%| F|  |TAMS 0x0000000089a00000, 0x0000000089a00000| Untracked 
| 155|0x0000000089b00000, 0x0000000089b00000, 0x0000000089c00000|  0%| F|  |TAMS 0x0000000089b00000, 0x0000000089b00000| Untracked 
| 156|0x0000000089c00000, 0x0000000089c00000, 0x0000000089d00000|  0%| F|  |TAMS 0x0000000089c00000, 0x0000000089c00000| Untracked 
| 157|0x0000000089d00000, 0x0000000089d00000, 0x0000000089e00000|  0%| F|  |TAMS 0x0000000089d00000, 0x0000000089d00000| Untracked 
| 158|0x0000000089e00000, 0x0000000089e00000, 0x0000000089f00000|  0%| F|  |TAMS 0x0000000089e00000, 0x0000000089e00000| Untracked 
| 159|0x0000000089f00000, 0x0000000089f00000, 0x000000008a000000|  0%| F|  |TAMS 0x0000000089f00000, 0x0000000089f00000| Untracked 
| 160|0x000000008a000000, 0x000000008a000000, 0x000000008a100000|  0%| F|  |TAMS 0x000000008a000000, 0x000000008a000000| Untracked 
| 161|0x000000008a100000, 0x000000008a100000, 0x000000008a200000|  0%| F|  |TAMS 0x000000008a100000, 0x000000008a100000| Untracked 
| 162|0x000000008a200000, 0x000000008a200000, 0x000000008a300000|  0%| F|  |TAMS 0x000000008a200000, 0x000000008a200000| Untracked 
| 163|0x000000008a300000, 0x000000008a300000, 0x000000008a400000|  0%| F|  |TAMS 0x000000008a300000, 0x000000008a300000| Untracked 
| 164|0x000000008a400000, 0x000000008a400000, 0x000000008a500000|  0%| F|  |TAMS 0x000000008a400000, 0x000000008a400000| Untracked 
| 165|0x000000008a500000, 0x000000008a600000, 0x000000008a600000|100%| S|CS|TAMS 0x000000008a500000, 0x000000008a500000| Complete 
| 166|0x000000008a600000, 0x000000008a700000, 0x000000008a700000|100%| S|CS|TAMS 0x000000008a600000, 0x000000008a600000| Complete 
| 167|0x000000008a700000, 0x000000008a800000, 0x000000008a800000|100%| S|CS|TAMS 0x000000008a700000, 0x000000008a700000| Complete 
| 168|0x000000008a800000, 0x000000008a900000, 0x000000008a900000|100%| S|CS|TAMS 0x000000008a800000, 0x000000008a800000| Complete 
| 169|0x000000008a900000, 0x000000008aa00000, 0x000000008aa00000|100%| S|CS|TAMS 0x000000008a900000, 0x000000008a900000| Complete 
| 170|0x000000008aa00000, 0x000000008ab00000, 0x000000008ab00000|100%| S|CS|TAMS 0x000000008aa00000, 0x000000008aa00000| Complete 
| 171|0x000000008ab00000, 0x000000008ab00000, 0x000000008ac00000|  0%| F|  |TAMS 0x000000008ab00000, 0x000000008ab00000| Untracked 
| 172|0x000000008ac00000, 0x000000008ac00000, 0x000000008ad00000|  0%| F|  |TAMS 0x000000008ac00000, 0x000000008ac00000| Untracked 
| 173|0x000000008ad00000, 0x000000008ad00000, 0x000000008ae00000|  0%| F|  |TAMS 0x000000008ad00000, 0x000000008ad00000| Untracked 
| 174|0x000000008ae00000, 0x000000008ae00000, 0x000000008af00000|  0%| F|  |TAMS 0x000000008ae00000, 0x000000008ae00000| Untracked 
| 175|0x000000008af00000, 0x000000008af00000, 0x000000008b000000|  0%| F|  |TAMS 0x000000008af00000, 0x000000008af00000| Untracked 
| 176|0x000000008b000000, 0x000000008b000000, 0x000000008b100000|  0%| F|  |TAMS 0x000000008b000000, 0x000000008b000000| Untracked 
| 177|0x000000008b100000, 0x000000008b100000, 0x000000008b200000|  0%| F|  |TAMS 0x000000008b100000, 0x000000008b100000| Untracked 
| 178|0x000000008b200000, 0x000000008b200000, 0x000000008b300000|  0%| F|  |TAMS 0x000000008b200000, 0x000000008b200000| Untracked 
| 179|0x000000008b300000, 0x000000008b300000, 0x000000008b400000|  0%| F|  |TAMS 0x000000008b300000, 0x000000008b300000| Untracked 
| 180|0x000000008b400000, 0x000000008b400000, 0x000000008b500000|  0%| F|  |TAMS 0x000000008b400000, 0x000000008b400000| Untracked 
| 181|0x000000008b500000, 0x000000008b500000, 0x000000008b600000|  0%| F|  |TAMS 0x000000008b500000, 0x000000008b500000| Untracked 
| 182|0x000000008b600000, 0x000000008b600000, 0x000000008b700000|  0%| F|  |TAMS 0x000000008b600000, 0x000000008b600000| Untracked 
| 183|0x000000008b700000, 0x000000008b700000, 0x000000008b800000|  0%| F|  |TAMS 0x000000008b700000, 0x000000008b700000| Untracked 
| 184|0x000000008b800000, 0x000000008b800000, 0x000000008b900000|  0%| F|  |TAMS 0x000000008b800000, 0x000000008b800000| Untracked 
| 185|0x000000008b900000, 0x000000008b900000, 0x000000008ba00000|  0%| F|  |TAMS 0x000000008b900000, 0x000000008b900000| Untracked 
| 186|0x000000008ba00000, 0x000000008ba00000, 0x000000008bb00000|  0%| F|  |TAMS 0x000000008ba00000, 0x000000008ba00000| Untracked 
| 187|0x000000008bb00000, 0x000000008bb00000, 0x000000008bc00000|  0%| F|  |TAMS 0x000000008bb00000, 0x000000008bb00000| Untracked 
| 188|0x000000008bc00000, 0x000000008bc00000, 0x000000008bd00000|  0%| F|  |TAMS 0x000000008bc00000, 0x000000008bc00000| Untracked 
| 189|0x000000008bd00000, 0x000000008bd00000, 0x000000008be00000|  0%| F|  |TAMS 0x000000008bd00000, 0x000000008bd00000| Untracked 
| 190|0x000000008be00000, 0x000000008be00000, 0x000000008bf00000|  0%| F|  |TAMS 0x000000008be00000, 0x000000008be00000| Untracked 
| 191|0x000000008bf00000, 0x000000008bf00000, 0x000000008c000000|  0%| F|  |TAMS 0x000000008bf00000, 0x000000008bf00000| Untracked 
| 192|0x000000008c000000, 0x000000008c000000, 0x000000008c100000|  0%| F|  |TAMS 0x000000008c000000, 0x000000008c000000| Untracked 
| 193|0x000000008c100000, 0x000000008c100000, 0x000000008c200000|  0%| F|  |TAMS 0x000000008c100000, 0x000000008c100000| Untracked 
| 194|0x000000008c200000, 0x000000008c200000, 0x000000008c300000|  0%| F|  |TAMS 0x000000008c200000, 0x000000008c200000| Untracked 
| 195|0x000000008c300000, 0x000000008c300000, 0x000000008c400000|  0%| F|  |TAMS 0x000000008c300000, 0x000000008c300000| Untracked 
| 196|0x000000008c400000, 0x000000008c400000, 0x000000008c500000|  0%| F|  |TAMS 0x000000008c400000, 0x000000008c400000| Untracked 
| 197|0x000000008c500000, 0x000000008c500000, 0x000000008c600000|  0%| F|  |TAMS 0x000000008c500000, 0x000000008c500000| Untracked 
| 198|0x000000008c600000, 0x000000008c600000, 0x000000008c700000|  0%| F|  |TAMS 0x000000008c600000, 0x000000008c600000| Untracked 
| 199|0x000000008c700000, 0x000000008c700000, 0x000000008c800000|  0%| F|  |TAMS 0x000000008c700000, 0x000000008c700000| Untracked 
| 200|0x000000008c800000, 0x000000008c800000, 0x000000008c900000|  0%| F|  |TAMS 0x000000008c800000, 0x000000008c800000| Untracked 
| 201|0x000000008c900000, 0x000000008c900000, 0x000000008ca00000|  0%| F|  |TAMS 0x000000008c900000, 0x000000008c900000| Untracked 
| 202|0x000000008ca00000, 0x000000008ca00000, 0x000000008cb00000|  0%| F|  |TAMS 0x000000008ca00000, 0x000000008ca00000| Untracked 
| 203|0x000000008cb00000, 0x000000008cb00000, 0x000000008cc00000|  0%| F|  |TAMS 0x000000008cb00000, 0x000000008cb00000| Untracked 
| 204|0x000000008cc00000, 0x000000008cc00000, 0x000000008cd00000|  0%| F|  |TAMS 0x000000008cc00000, 0x000000008cc00000| Untracked 
| 205|0x000000008cd00000, 0x000000008cd00000, 0x000000008ce00000|  0%| F|  |TAMS 0x000000008cd00000, 0x000000008cd00000| Untracked 
| 206|0x000000008ce00000, 0x000000008ce00000, 0x000000008cf00000|  0%| F|  |TAMS 0x000000008ce00000, 0x000000008ce00000| Untracked 
| 207|0x000000008cf00000, 0x000000008cf00000, 0x000000008d000000|  0%| F|  |TAMS 0x000000008cf00000, 0x000000008cf00000| Untracked 

Card table byte_map: [0x000001a9d12f0000,0x000001a9d16f0000] _byte_map_base: 0x000001a9d0ef0000

Marking Bits (Prev, Next): (CMBitMap*) 0x000001a9b9720a58, (CMBitMap*) 0x000001a9b9720a90
 Prev Bits: [0x000001a9d1af0000, 0x000001a9d3af0000)
 Next Bits: [0x000001a9d3af0000, 0x000001a9d5af0000)

Polling page: 0x000001a9b7660000

Metaspace:

Usage:
  Non-class:     77.47 MB capacity,    74.28 MB ( 96%) used,     2.93 MB (  4%) free+waste,   266.56 KB ( <1%) overhead. 
      Class:     12.79 MB capacity,    10.87 MB ( 85%) used,     1.79 MB ( 14%) free+waste,   130.38 KB ( <1%) overhead. 
       Both:     90.25 MB capacity,    85.15 MB ( 94%) used,     4.72 MB (  5%) free+waste,   396.94 KB ( <1%) overhead. 

Virtual space:
  Non-class space:       78.00 MB reserved,      77.67 MB (>99%) committed 
      Class space:        1.00 GB reserved,      12.82 MB (  1%) committed 
             Both:        1.08 GB reserved,      90.49 MB (  8%) committed 

Chunk freelists:
   Non-Class:  12.00 KB
       Class:  0 bytes
        Both:  12.00 KB

MaxMetaspaceSize: 17179869184.00 GB
CompressedClassSpaceSize: 1.00 GB

CodeHeap 'non-profiled nmethods': size=120064Kb used=6563Kb max_used=6563Kb free=113500Kb
 bounds [0x000001a9c98a0000, 0x000001a9c9f10000, 0x000001a9d0de0000]
CodeHeap 'profiled nmethods': size=120000Kb used=23272Kb max_used=23272Kb free=96728Kb
 bounds [0x000001a9c2370000, 0x000001a9c3a30000, 0x000001a9c98a0000]
CodeHeap 'non-nmethods': size=5696Kb used=2264Kb max_used=2321Kb free=3431Kb
 bounds [0x000001a9c1de0000, 0x000001a9c2050000, 0x000001a9c2370000]
 total_blobs=12405 nmethods=11546 adapters=770
 compilation: enabled
              stopped_count=0, restarted_count=0
 full_count=0

Compilation events (20 events):
Event: 52.450 Thread 0x000001a9d833f000 11762       2       org.gradle.api.internal.plugins.DefaultPluginManager$OperationDetails::<init> (8 bytes)
Event: 52.450 Thread 0x000001a9d833f000 nmethod 11762 0x000001a9c3a23990 code [0x000001a9c3a23b40, 0x000001a9c3a23d58]
Event: 52.451 Thread 0x000001a9d833f000 11763       2       org.gradle.api.internal.plugins.DefaultPluginManager$OperationDetails::<init> (20 bytes)
Event: 52.451 Thread 0x000001a9d833f000 nmethod 11763 0x000001a9c3a23e10 code [0x000001a9c3a23fc0, 0x000001a9c3a241d8]
Event: 52.451 Thread 0x000001a9d833f000 11764       2       org.gradle.api.internal.plugins.DefaultPluginManager$AddPluginBuildOperation::run (33 bytes)
Event: 52.451 Thread 0x000001a9d833f000 nmethod 11764 0x000001a9c3a24290 code [0x000001a9c3a24460, 0x000001a9c3a24648]
Event: 52.451 Thread 0x000001a9d833f000 11765       2       org.gradle.api.internal.plugins.DefaultPluginManager::access$100 (10 bytes)
Event: 52.451 Thread 0x000001a9d833f000 nmethod 11765 0x000001a9c3a24790 code [0x000001a9c3a24940, 0x000001a9c3a24a48]
Event: 52.451 Thread 0x000001a9d833f000 11766       2       org.gradle.api.internal.plugins.DefaultPluginManager::addPlugin (102 bytes)
Event: 52.451 Thread 0x000001a9d833f000 nmethod 11766 0x000001a9c3a24b10 code [0x000001a9c3a24d80, 0x000001a9c3a251f8]
Event: 52.453 Thread 0x000001a9d833f000 11767   !   2       org.gradle.launcher.daemon.server.exec.LogToClient$AsynchronousLogDispatcher::dispatchAsync (33 bytes)
Event: 52.453 Thread 0x000001a9d833f000 nmethod 11767 0x000001a9c3a25510 code [0x000001a9c3a256e0, 0x000001a9c3a25988]
Event: 52.453 Thread 0x000001a9d833f000 11768       2       org.gradle.launcher.daemon.server.DefaultDaemonConnection::logEvent (16 bytes)
Event: 52.453 Thread 0x000001a9d833f000 nmethod 11768 0x000001a9c3a25b90 code [0x000001a9c3a25d40, 0x000001a9c3a25f08]
Event: 52.453 Thread 0x000001a9d833f000 11769 %     3       kotlin.collections.ArraysKt___ArraysKt::filterNotNullTo @ 24 (55 bytes)
Event: 52.454 Thread 0x000001a9d833f000 nmethod 11769% 0x000001a9c3a26010 code [0x000001a9c3a262e0, 0x000001a9c3a26f68]
Event: 52.454 Thread 0x000001a9d833f000 11770       3       kotlin.collections.ArraysKt___ArraysKt::filterNotNullTo (55 bytes)
Event: 52.454 Thread 0x000001a9d833f000 nmethod 11770 0x000001a9c3a27410 code [0x000001a9c3a276c0, 0x000001a9c3a28288]
Event: 52.464 Thread 0x000001a9d833f000 11771   !   2       org.gradle.model.internal.inspect.ModelRuleSourceDetector::getDeclaredSources (40 bytes)
Event: 52.466 Thread 0x000001a9d833f000 nmethod 11771 0x000001a9c3a28710 code [0x000001a9c3a289e0, 0x000001a9c3a29718]

GC Heap History (20 events):
Event: 32.425 GC heap after
{Heap after GC invocations=41 (full 0):
 garbage-first heap   total 147456K, used 96410K [0x0000000080000000, 0x0000000100000000)
  region size 1024K, 3 young (3072K), 3 survivors (3072K)
 Metaspace       used 77143K, capacity 81046K, committed 81144K, reserved 1118208K
  class space    used 10079K, capacity 11555K, committed 11596K, reserved 1048576K
}
Event: 32.462 GC heap before
{Heap before GC invocations=41 (full 0):
 garbage-first heap   total 147456K, used 99482K [0x0000000080000000, 0x0000000100000000)
  region size 1024K, 8 young (8192K), 3 survivors (3072K)
 Metaspace       used 77171K, capacity 81057K, committed 81144K, reserved 1118208K
  class space    used 10081K, capacity 11557K, committed 11596K, reserved 1048576K
}
Event: 32.467 GC heap after
{Heap after GC invocations=42 (full 0):
 garbage-first heap   total 177152K, used 97007K [0x0000000080000000, 0x0000000100000000)
  region size 1024K, 1 young (1024K), 1 survivors (1024K)
 Metaspace       used 77171K, capacity 81057K, committed 81144K, reserved 1118208K
  class space    used 10081K, capacity 11557K, committed 11596K, reserved 1048576K
}
Event: 32.879 GC heap before
{Heap before GC invocations=43 (full 0):
 garbage-first heap   total 177152K, used 133871K [0x0000000080000000, 0x0000000100000000)
  region size 1024K, 34 young (34816K), 1 survivors (1024K)
 Metaspace       used 78903K, capacity 82960K, committed 83192K, reserved 1120256K
  class space    used 10287K, capacity 11828K, committed 11852K, reserved 1048576K
}
Event: 32.885 GC heap after
{Heap after GC invocations=44 (full 0):
 garbage-first heap   total 177152K, used 104161K [0x0000000080000000, 0x0000000100000000)
  region size 1024K, 4 young (4096K), 4 survivors (4096K)
 Metaspace       used 78903K, capacity 82960K, committed 83192K, reserved 1120256K
  class space    used 10287K, capacity 11828K, committed 11852K, reserved 1048576K
}
Event: 33.183 GC heap before
{Heap before GC invocations=44 (full 0):
 garbage-first heap   total 177152K, used 135905K [0x0000000080000000, 0x0000000100000000)
  region size 1024K, 36 young (36864K), 4 survivors (4096K)
 Metaspace       used 79755K, capacity 83917K, committed 84216K, reserved 1122304K
  class space    used 10400K, capacity 12015K, committed 12108K, reserved 1048576K
}
Event: 33.188 GC heap after
{Heap after GC invocations=45 (full 0):
 garbage-first heap   total 177152K, used 107188K [0x0000000080000000, 0x0000000100000000)
  region size 1024K, 4 young (4096K), 4 survivors (4096K)
 Metaspace       used 79755K, capacity 83917K, committed 84216K, reserved 1122304K
  class space    used 10400K, capacity 12015K, committed 12108K, reserved 1048576K
}
Event: 33.455 GC heap before
{Heap before GC invocations=46 (full 0):
 garbage-first heap   total 177152K, used 138932K [0x0000000080000000, 0x0000000100000000)
  region size 1024K, 35 young (35840K), 4 survivors (4096K)
 Metaspace       used 80396K, capacity 84760K, committed 84856K, reserved 1122304K
  class space    used 10497K, capacity 12167K, committed 12236K, reserved 1048576K
}
Event: 33.461 GC heap after
{Heap after GC invocations=47 (full 0):
 garbage-first heap   total 177152K, used 110014K [0x0000000080000000, 0x0000000100000000)
  region size 1024K, 3 young (3072K), 3 survivors (3072K)
 Metaspace       used 80396K, capacity 84760K, committed 84856K, reserved 1122304K
  class space    used 10497K, capacity 12167K, committed 12236K, reserved 1048576K
}
Event: 33.689 GC heap before
{Heap before GC invocations=47 (full 0):
 garbage-first heap   total 177152K, used 141758K [0x0000000080000000, 0x0000000100000000)
  region size 1024K, 34 young (34816K), 3 survivors (3072K)
 Metaspace       used 81014K, capacity 85728K, committed 85880K, reserved 1122304K
  class space    used 10588K, capacity 12405K, committed 12492K, reserved 1048576K
}
Event: 33.701 GC heap after
{Heap after GC invocations=48 (full 0):
 garbage-first heap   total 212992K, used 113610K [0x0000000080000000, 0x0000000100000000)
  region size 1024K, 5 young (5120K), 5 survivors (5120K)
 Metaspace       used 81014K, capacity 85728K, committed 85880K, reserved 1122304K
  class space    used 10588K, capacity 12405K, committed 12492K, reserved 1048576K
}
Event: 34.061 GC heap before
{Heap before GC invocations=49 (full 0):
 garbage-first heap   total 212992K, used 159690K [0x0000000080000000, 0x0000000100000000)
  region size 1024K, 51 young (52224K), 5 survivors (5120K)
 Metaspace       used 81832K, capacity 86739K, committed 86776K, reserved 1124352K
  class space    used 10689K, capacity 12588K, committed 12620K, reserved 1048576K
}
Event: 34.071 GC heap after
{Heap after GC invocations=50 (full 0):
 garbage-first heap   total 212992K, used 118980K [0x0000000080000000, 0x0000000100000000)
  region size 1024K, 7 young (7168K), 7 survivors (7168K)
 Metaspace       used 81832K, capacity 86739K, committed 86776K, reserved 1124352K
  class space    used 10689K, capacity 12588K, committed 12620K, reserved 1048576K
}
Event: 35.220 GC heap before
{Heap before GC invocations=50 (full 0):
 garbage-first heap   total 212992K, used 164036K [0x0000000080000000, 0x0000000100000000)
  region size 1024K, 52 young (53248K), 7 survivors (7168K)
 Metaspace       used 86346K, capacity 91438K, committed 91640K, reserved 1128448K
  class space    used 11107K, capacity 13055K, committed 13132K, reserved 1048576K
}
Event: 35.229 GC heap after
{Heap after GC invocations=51 (full 0):
 garbage-first heap   total 212992K, used 122763K [0x0000000080000000, 0x0000000100000000)
  region size 1024K, 4 young (4096K), 4 survivors (4096K)
 Metaspace       used 86346K, capacity 91438K, committed 91640K, reserved 1128448K
  class space    used 11107K, capacity 13055K, committed 13132K, reserved 1048576K
}
Event: 50.085 GC heap before
{Heap before GC invocations=52 (full 0):
 garbage-first heap   total 212992K, used 167819K [0x0000000080000000, 0x0000000100000000)
  region size 1024K, 48 young (49152K), 4 survivors (4096K)
 Metaspace       used 86721K, capacity 91911K, committed 92152K, reserved 1128448K
  class space    used 11116K, capacity 13069K, committed 13132K, reserved 1048576K
}
Event: 50.098 GC heap after
{Heap after GC invocations=53 (full 0):
 garbage-first heap   total 212992K, used 127565K [0x0000000080000000, 0x0000000100000000)
  region size 1024K, 6 young (6144K), 6 survivors (6144K)
 Metaspace       used 86721K, capacity 91911K, committed 92152K, reserved 1128448K
  class space    used 11116K, capacity 13069K, committed 13132K, reserved 1048576K
}
Event: 51.929 GC heap before
{Heap before GC invocations=53 (full 0):
 garbage-first heap   total 212992K, used 171597K [0x0000000080000000, 0x0000000100000000)
  region size 1024K, 49 young (50176K), 6 survivors (6144K)
 Metaspace       used 87005K, capacity 92225K, committed 92408K, reserved 1128448K
  class space    used 11129K, capacity 13091K, committed 13132K, reserved 1048576K
}
Event: 51.965 GC heap after
{Heap after GC invocations=54 (full 0):
 garbage-first heap   total 212992K, used 135999K [0x0000000080000000, 0x0000000100000000)
  region size 1024K, 7 young (7168K), 7 survivors (7168K)
 Metaspace       used 87005K, capacity 92225K, committed 92408K, reserved 1128448K
  class space    used 11129K, capacity 13091K, committed 13132K, reserved 1048576K
}
Event: 52.467 GC heap before
{Heap before GC invocations=55 (full 0):
 garbage-first heap   total 212992K, used 173887K [0x0000000080000000, 0x0000000100000000)
  region size 1024K, 44 young (45056K), 7 survivors (7168K)
 Metaspace       used 87190K, capacity 92420K, committed 92664K, reserved 1128448K
  class space    used 11130K, capacity 13092K, committed 13132K, reserved 1048576K
}

Deoptimization events (20 events):
Event: 51.229 Thread 0x000001a9db4d1000 DEOPT PACKING pc=0x000001a9c386b0ee sp=0x0000009becffe780
Event: 51.229 Thread 0x000001a9db4d1000 DEOPT UNPACKING pc=0x000001a9c1e06dde sp=0x0000009becffdd38 mode 0
Event: 51.329 Thread 0x000001a9d9f57000 DEOPT PACKING pc=0x000001a9c25fb4ea sp=0x0000009be98f6f90
Event: 51.329 Thread 0x000001a9d9f57000 DEOPT UNPACKING pc=0x000001a9c1e06dde sp=0x0000009be98f6430 mode 0
Event: 52.077 Thread 0x000001a9d9f57000 DEOPT PACKING pc=0x000001a9c2941696 sp=0x0000009be98f6e50
Event: 52.077 Thread 0x000001a9d9f57000 DEOPT UNPACKING pc=0x000001a9c1e06dde sp=0x0000009be98f6368 mode 0
Event: 52.135 Thread 0x000001a9d9f57000 Uncommon trap: trap_request=0xffffffde fr.pc=0x000001a9c9a09554 relative=0x0000000000000514
Event: 52.135 Thread 0x000001a9d9f57000 Uncommon trap: reason=class_check action=maybe_recompile pc=0x000001a9c9a09554 method=java.lang.Throwable.<init>(Ljava/lang/String;Ljava/lang/Throwable;)V @ 24 c2
Event: 52.135 Thread 0x000001a9d9f57000 DEOPT PACKING pc=0x000001a9c9a09554 sp=0x0000009be98f69b0
Event: 52.135 Thread 0x000001a9d9f57000 DEOPT UNPACKING pc=0x000001a9c1e0662f sp=0x0000009be98f6978 mode 2
Event: 52.183 Thread 0x000001a9d9f57000 DEOPT PACKING pc=0x000001a9c33cb143 sp=0x0000009be98f8090
Event: 52.183 Thread 0x000001a9d9f57000 DEOPT UNPACKING pc=0x000001a9c1e06dde sp=0x0000009be98f7550 mode 0
Event: 52.442 Thread 0x000001a9d9f57000 DEOPT PACKING pc=0x000001a9c33e885a sp=0x0000009be98f7880
Event: 52.442 Thread 0x000001a9d9f57000 DEOPT UNPACKING pc=0x000001a9c1e06dde sp=0x0000009be98f6cf8 mode 0
Event: 52.453 Thread 0x000001a9dcc16000 Uncommon trap: trap_request=0xffffff6e fr.pc=0x000001a9c9ea7e1c relative=0x00000000000015fc
Event: 52.453 Thread 0x000001a9dcc16000 Uncommon trap: reason=speculate_class_check action=maybe_recompile pc=0x000001a9c9ea7e1c method=java.io.ObjectOutputStream.verifySubclass()V @ 8 c2
Event: 52.453 Thread 0x000001a9dcc16000 DEOPT PACKING pc=0x000001a9c9ea7e1c sp=0x0000009be99fe7a0
Event: 52.453 Thread 0x000001a9dcc16000 DEOPT UNPACKING pc=0x000001a9c1e0662f sp=0x0000009be99fe718 mode 2
Event: 52.455 Thread 0x000001a9d9f57000 DEOPT PACKING pc=0x000001a9c33737fe sp=0x0000009be98f6b50
Event: 52.455 Thread 0x000001a9d9f57000 DEOPT UNPACKING pc=0x000001a9c1e06dde sp=0x0000009be98f6038 mode 0

Classes redefined (0 events):
No events

Internal exceptions (20 events):
Event: 34.239 Thread 0x000001a9d9f57000 Exception <a 'java/lang/reflect/InvocationTargetException'{0x000000008baa7e38}> (0x000000008baa7e38) thrown at [./src/hotspot/share/runtime/reflection.cpp, line 1247]
Event: 34.242 Thread 0x000001a9dac07000 Exception <a 'java/lang/NoSuchMethodError'{0x000000008b984c00}: <clinit>> (0x000000008b984c00) thrown at [./src/hotspot/share/prims/jni.cpp, line 1362]
Event: 34.243 Thread 0x000001a9dac07000 Exception <a 'java/lang/NoSuchMethodError'{0x000000008b993330}: <clinit>> (0x000000008b993330) thrown at [./src/hotspot/share/prims/jni.cpp, line 1362]
Event: 34.248 Thread 0x000001a9dac07000 Exception <a 'java/lang/NoSuchMethodError'{0x000000008b99f0e0}: <clinit>> (0x000000008b99f0e0) thrown at [./src/hotspot/share/prims/jni.cpp, line 1362]
Event: 34.321 Thread 0x000001a9d9f57000 Exception <a 'java/lang/NoSuchMethodError'{0x000000008b24d800}: 'java.lang.Object java.lang.invoke.DirectMethodHandle$Holder.invokeSpecial(java.lang.Object, java.lang.Object, java.lang.Object, int, int, java.lang.Object, java.lang.Object)'> (0x000000008b24d800) thrown at [./src/hotspot/share/interpreter/linkResolver.cpp, line 773]
Event: 34.322 Thread 0x000001a9d9f57000 Exception <a 'java/lang/NoSuchMethodError'{0x000000008b256968}: 'java.lang.Object java.lang.invoke.DirectMethodHandle$Holder.invokeStatic(java.lang.Object, java.lang.Object, java.lang.Object, int, int, java.lang.Object)'> (0x000000008b256968) thrown at [./src/hotspot/share/interpreter/linkResolver.cpp, line 773]
Event: 34.322 Thread 0x000001a9d9f57000 Exception <a 'java/lang/NoSuchMethodError'{0x000000008b25a688}: 'java.lang.Object java.lang.invoke.DirectMethodHandle$Holder.invokeSpecial(java.lang.Object, java.lang.Object, java.lang.Object, java.lang.Object, int, int, java.lang.Object)'> (0x000000008b25a688) thrown at [./src/hotspot/share/interpreter/linkResolver.cpp, line 773]
Event: 34.322 Thread 0x000001a9d9f57000 Exception <a 'java/lang/NoSuchMethodError'{0x000000008b25dba8}: 'java.lang.Object java.lang.invoke.Invokers$Holder.linkToTargetMethod(java.lang.Object, java.lang.Object, int, int, java.lang.Object, java.lang.Object)'> (0x000000008b25dba8) thrown at [./src/hotspot/share/interpreter/linkResolver.cpp, line 773]
Event: 34.326 Thread 0x000001a9d9f57000 Implicit null exception at 0x000001a9c9d898af to 0x000001a9c9d898fc
Event: 34.394 Thread 0x000001a9d9f57000 Implicit null exception at 0x000001a9c9d45967 to 0x000001a9c9d45d1c
Event: 34.414 Thread 0x000001a9dafa2800 Exception <a 'java/lang/NoSuchMethodError'{0x000000008a7bd798}: <clinit>> (0x000000008a7bd798) thrown at [./src/hotspot/share/prims/jni.cpp, line 1362]
Event: 34.414 Thread 0x000001a9dafa2800 Exception <a 'java/lang/NoSuchMethodError'{0x000000008a7c98e8}: <clinit>> (0x000000008a7c98e8) thrown at [./src/hotspot/share/prims/jni.cpp, line 1362]
Event: 34.421 Thread 0x000001a9dafa2800 Exception <a 'java/lang/NoSuchMethodError'{0x000000008a7d5de8}: <clinit>> (0x000000008a7d5de8) thrown at [./src/hotspot/share/prims/jni.cpp, line 1362]
Event: 34.422 Thread 0x000001a9dafa2800 Exception <a 'java/lang/NoSuchMethodError'{0x000000008a685fd8}: <clinit>> (0x000000008a685fd8) thrown at [./src/hotspot/share/prims/jni.cpp, line 1362]
Event: 34.423 Thread 0x000001a9dafa2800 Exception <a 'java/lang/NoSuchMethodError'{0x000000008a694960}: <clinit>> (0x000000008a694960) thrown at [./src/hotspot/share/prims/jni.cpp, line 1362]
Event: 35.232 Thread 0x000001a9d9f57000 Implicit null exception at 0x000001a9c9e065ff to 0x000001a9c9e06b98
Event: 35.232 Thread 0x000001a9d9f57000 Implicit null exception at 0x000001a9c9df72a0 to 0x000001a9c9dfaf8c
Event: 35.269 Thread 0x000001a9d9f57000 Implicit null exception at 0x000001a9c9e05804 to 0x000001a9c9e05c7c
Event: 49.904 Thread 0x000001a9dcc1e000 Implicit null exception at 0x000001a9c9e7b2a0 to 0x000001a9c9e7c6cc
Event: 49.906 Thread 0x000001a9dcc1b800 Implicit null exception at 0x000001a9c9e83a4b to 0x000001a9c9e84c98

Events (20 events):
Event: 49.932 Executing VM operation: RevokeBias done
Event: 49.932 Executing VM operation: BulkRevokeBias
Event: 49.933 Executing VM operation: BulkRevokeBias done
Event: 50.083 Executing VM operation: G1CollectForAllocation
Event: 50.098 Executing VM operation: G1CollectForAllocation done
Event: 51.062 Executing VM operation: BulkRevokeBias
Event: 51.066 Executing VM operation: BulkRevokeBias done
Event: 51.163 loading class org/gradle/api/internal/provider/AbstractProperty$1
Event: 51.163 loading class org/gradle/api/internal/provider/AbstractProperty$1 done
Event: 51.250 Executing VM operation: ICBufferFull
Event: 51.251 Executing VM operation: ICBufferFull done
Event: 51.929 Executing VM operation: G1CollectForAllocation
Event: 51.965 Executing VM operation: G1CollectForAllocation done
Event: 52.038 Executing VM operation: CGC_Operation
Event: 52.051 Executing VM operation: CGC_Operation done
Event: 52.092 Executing VM operation: CGC_Operation
Event: 52.093 Executing VM operation: CGC_Operation done
Event: 52.202 loading class org/codehaus/groovy/runtime/GroovyCategorySupport$ThreadCategoryInfo
Event: 52.202 loading class org/codehaus/groovy/runtime/GroovyCategorySupport$ThreadCategoryInfo done
Event: 52.466 Executing VM operation: G1CollectForAllocation


Dynamic libraries:
0x00007ff68cd80000 - 0x00007ff68cd8d000 	C:\Users\klaus\AppData\Local\Programs\AdoptOpenJDK\jdk-11.0.11.9-hotspot\bin\java.exe
0x00007fff656e0000 - 0x00007fff658ef000 	C:\WINDOWS\SYSTEM32\ntdll.dll
0x00007fff64b00000 - 0x00007fff64bbd000 	C:\WINDOWS\System32\KERNEL32.DLL
0x00007fff62d00000 - 0x00007fff6308e000 	C:\WINDOWS\System32\KERNELBASE.dll
0x00007fff63420000 - 0x00007fff63531000 	C:\WINDOWS\System32\ucrtbase.dll
0x00007fff492e0000 - 0x00007fff492f5000 	C:\Users\klaus\AppData\Local\Programs\AdoptOpenJDK\jdk-11.0.11.9-hotspot\bin\VCRUNTIME140.dll
0x00007fff492c0000 - 0x00007fff492d7000 	C:\Users\klaus\AppData\Local\Programs\AdoptOpenJDK\jdk-11.0.11.9-hotspot\bin\jli.dll
0x00007fff63ee0000 - 0x00007fff6408a000 	C:\WINDOWS\System32\USER32.dll
0x00007fff630f0000 - 0x00007fff63116000 	C:\WINDOWS\System32\win32u.dll
0x00007fff56be0000 - 0x00007fff56e81000 	C:\WINDOWS\WinSxS\amd64_microsoft.windows.common-controls_6595b64144ccf1df_6.0.22526.1000_none_27d3c5d6f3f929f2\COMCTL32.dll
0x00007fff63b60000 - 0x00007fff63b89000 	C:\WINDOWS\System32\GDI32.dll
0x00007fff63300000 - 0x00007fff63417000 	C:\WINDOWS\System32\gdi32full.dll
0x00007fff64090000 - 0x00007fff64134000 	C:\WINDOWS\System32\msvcrt.dll
0x00007fff63260000 - 0x00007fff632fa000 	C:\WINDOWS\System32\msvcp_win.dll
0x00007fff652a0000 - 0x00007fff652d1000 	C:\WINDOWS\System32\IMM32.DLL
0x00007fff27640000 - 0x00007fff276db000 	C:\Users\klaus\AppData\Local\Programs\AdoptOpenJDK\jdk-11.0.11.9-hotspot\bin\msvcp140.dll
0x00007ffef1a80000 - 0x00007ffef25cb000 	C:\Users\klaus\AppData\Local\Programs\AdoptOpenJDK\jdk-11.0.11.9-hotspot\bin\server\jvm.dll
0x00007fff652e0000 - 0x00007fff6538e000 	C:\WINDOWS\System32\ADVAPI32.dll
0x00007fff63e20000 - 0x00007fff63ec2000 	C:\WINDOWS\System32\sechost.dll
0x00007fff64ce0000 - 0x00007fff64dff000 	C:\WINDOWS\System32\RPCRT4.dll
0x00007fff63b90000 - 0x00007fff63b98000 	C:\WINDOWS\System32\PSAPI.DLL
0x00007fff5bc40000 - 0x00007fff5bc74000 	C:\WINDOWS\SYSTEM32\WINMM.dll
0x00007fff58e40000 - 0x00007fff58e4a000 	C:\WINDOWS\SYSTEM32\VERSION.dll
0x00007fff5ad40000 - 0x00007fff5ad49000 	C:\WINDOWS\SYSTEM32\WSOCK32.dll
0x00007fff63ae0000 - 0x00007fff63b51000 	C:\WINDOWS\System32\WS2_32.dll
0x00007fff61c10000 - 0x00007fff61c28000 	C:\WINDOWS\SYSTEM32\kernel.appcore.dll
0x00007fff4f7c0000 - 0x00007fff4f7d0000 	C:\Users\klaus\AppData\Local\Programs\AdoptOpenJDK\jdk-11.0.11.9-hotspot\bin\verify.dll
0x00007fff605e0000 - 0x00007fff60806000 	C:\WINDOWS\SYSTEM32\DBGHELP.DLL
0x00007fff63760000 - 0x00007fff63adc000 	C:\WINDOWS\System32\combase.dll
0x00007fff63620000 - 0x00007fff636f7000 	C:\WINDOWS\System32\OLEAUT32.dll
0x00007fff4f780000 - 0x00007fff4f7b1000 	C:\WINDOWS\SYSTEM32\dbgcore.DLL
0x00007fff63120000 - 0x00007fff6319b000 	C:\WINDOWS\System32\bcryptPrimitives.dll
0x00007fff46410000 - 0x00007fff46438000 	C:\Users\klaus\AppData\Local\Programs\AdoptOpenJDK\jdk-11.0.11.9-hotspot\bin\java.dll
0x00007fff4e5d0000 - 0x00007fff4e5da000 	C:\Users\klaus\AppData\Local\Programs\AdoptOpenJDK\jdk-11.0.11.9-hotspot\bin\jimage.dll
0x00007fff45c90000 - 0x00007fff45ca7000 	C:\Users\klaus\AppData\Local\Programs\AdoptOpenJDK\jdk-11.0.11.9-hotspot\bin\zip.dll
0x00007fff64330000 - 0x00007fff64ae8000 	C:\WINDOWS\System32\SHELL32.dll
0x00007fff60c40000 - 0x00007fff61496000 	C:\WINDOWS\SYSTEM32\windows.storage.dll
0x00007fff60b00000 - 0x00007fff60c3c000 	C:\WINDOWS\SYSTEM32\wintypes.dll
0x00007fff63c00000 - 0x00007fff63cf1000 	C:\WINDOWS\System32\SHCORE.dll
0x00007fff63ba0000 - 0x00007fff63bfb000 	C:\WINDOWS\System32\shlwapi.dll
0x00007fff62ad0000 - 0x00007fff62af1000 	C:\WINDOWS\SYSTEM32\profapi.dll
0x00007fff45b30000 - 0x00007fff45b49000 	C:\Users\klaus\AppData\Local\Programs\AdoptOpenJDK\jdk-11.0.11.9-hotspot\bin\net.dll
0x00007fff5be70000 - 0x00007fff5bf82000 	C:\WINDOWS\SYSTEM32\WINHTTP.dll
0x00007fff620a0000 - 0x00007fff62109000 	C:\WINDOWS\system32\mswsock.dll
0x00007fff45b10000 - 0x00007fff45b22000 	C:\Users\klaus\AppData\Local\Programs\AdoptOpenJDK\jdk-11.0.11.9-hotspot\bin\nio.dll
0x00007fff4cca0000 - 0x00007fff4ccc7000 	C:\Users\klaus\.gradle\native\49d0259a56938c7f99b2704e745ce422c4f750a7a20b539a32ccef96729676b1\windows-amd64\native-platform.dll
0x00007fff238b0000 - 0x00007fff23a46000 	C:\Users\klaus\.gradle\native\12488b8bf47d2d4c9fbf2f6322a914ad602e24e48041cd04a747c6da556b65c4\windows-amd64\native-platform-file-events.dll
0x00007fff4df90000 - 0x00007fff4df99000 	C:\Users\klaus\AppData\Local\Programs\AdoptOpenJDK\jdk-11.0.11.9-hotspot\bin\management.dll
0x00007fff4dba0000 - 0x00007fff4dbab000 	C:\Users\klaus\AppData\Local\Programs\AdoptOpenJDK\jdk-11.0.11.9-hotspot\bin\management_ext.dll
0x00007fff622f0000 - 0x00007fff62308000 	C:\WINDOWS\SYSTEM32\CRYPTSP.dll
0x00007fff61b70000 - 0x00007fff61ba5000 	C:\WINDOWS\system32\rsaenh.dll
0x00007fff621a0000 - 0x00007fff621c9000 	C:\WINDOWS\SYSTEM32\USERENV.dll
0x00007fff624f0000 - 0x00007fff62518000 	C:\WINDOWS\SYSTEM32\bcrypt.dll
0x00007fff62310000 - 0x00007fff6231c000 	C:\WINDOWS\SYSTEM32\CRYPTBASE.dll
0x00007fff616e0000 - 0x00007fff6170d000 	C:\WINDOWS\SYSTEM32\IPHLPAPI.DLL
0x00007fff63ed0000 - 0x00007fff63ed9000 	C:\WINDOWS\System32\NSI.dll
0x00007fff5a7f0000 - 0x00007fff5a809000 	C:\WINDOWS\SYSTEM32\dhcpcsvc6.DLL
0x00007fff5a670000 - 0x00007fff5a68e000 	C:\WINDOWS\SYSTEM32\dhcpcsvc.DLL
0x00007fff61710000 - 0x00007fff61808000 	C:\WINDOWS\SYSTEM32\DNSAPI.dll
0x00007fff4d000000 - 0x00007fff4d00e000 	C:\Users\klaus\AppData\Local\Programs\AdoptOpenJDK\jdk-11.0.11.9-hotspot\bin\sunmscapi.dll
0x00007fff62ba0000 - 0x00007fff62cfc000 	C:\WINDOWS\System32\CRYPT32.dll
0x00007fff624c0000 - 0x00007fff624e9000 	C:\WINDOWS\SYSTEM32\ncrypt.dll
0x00007fff62480000 - 0x00007fff624b7000 	C:\WINDOWS\SYSTEM32\NTASN1.dll
0x00007fff3f130000 - 0x00007fff3f155000 	C:\Users\klaus\AppData\Local\Programs\AdoptOpenJDK\jdk-11.0.11.9-hotspot\bin\sunec.dll

dbghelp: loaded successfully - version: 4.0.5 - missing functions: none
symbol engine: initialized successfully - sym options: 0x614 - pdb path: .;C:\Users\klaus\AppData\Local\Programs\AdoptOpenJDK\jdk-11.0.11.9-hotspot\bin;C:\WINDOWS\SYSTEM32;C:\WINDOWS\WinSxS\amd64_microsoft.windows.common-controls_6595b64144ccf1df_6.0.22526.1000_none_27d3c5d6f3f929f2;C:\Users\klaus\AppData\Local\Programs\AdoptOpenJDK\jdk-11.0.11.9-hotspot\bin\server;C:\Users\klaus\.gradle\native\49d0259a56938c7f99b2704e745ce422c4f750a7a20b539a32ccef96729676b1\windows-amd64;C:\Users\klaus\.gradle\native\12488b8bf47d2d4c9fbf2f6322a914ad602e24e48041cd04a747c6da556b65c4\windows-amd64

VM Arguments:
jvm_args: -XX:MaxPermSize=512m -XX:+HeapDumpOnOutOfMemoryError --add-opens=java.base/java.util=ALL-UNNAMED --add-opens=java.base/java.lang=ALL-UNNAMED --add-opens=java.base/java.lang.invoke=ALL-UNNAMED --add-opens=java.prefs/java.util.prefs=ALL-UNNAMED -Xmx2048m -Dfile.encoding=UTF-8 -Duser.country=DE -Duser.language=de -Duser.variant 
java_command: org.gradle.launcher.daemon.bootstrap.GradleDaemon 6.9
java_class_path (initial): C:\Users\klaus\.gradle\wrapper\dists\gradle-6.9-all\dooywd8nv05k16orzxge2b1bs\gradle-6.9\lib\gradle-launcher-6.9.jar
Launcher Type: SUN_STANDARD

[Global flags]
     intx CICompilerCount                          = 3                                         {product} {ergonomic}
     uint ConcGCThreads                            = 2                                         {product} {ergonomic}
     uint G1ConcRefinementThreads                  = 6                                         {product} {ergonomic}
   size_t G1HeapRegionSize                         = 1048576                                   {product} {ergonomic}
    uintx GCDrainStackTargetSize                   = 64                                        {product} {ergonomic}
     bool HeapDumpOnOutOfMemoryError               = true                                   {manageable} {command line}
   size_t InitialHeapSize                          = 125829120                                 {product} {ergonomic}
   size_t MarkStackSize                            = 4194304                                   {product} {ergonomic}
   size_t MaxHeapSize                              = 2147483648                                {product} {command line}
   size_t MaxNewSize                               = 1287651328                                {product} {ergonomic}
   size_t MinHeapDeltaBytes                        = 1048576                                   {product} {ergonomic}
    uintx NonNMethodCodeHeapSize                   = 5830732                                {pd product} {ergonomic}
    uintx NonProfiledCodeHeapSize                  = 122913754                              {pd product} {ergonomic}
    uintx ProfiledCodeHeapSize                     = 122913754                              {pd product} {ergonomic}
    uintx ReservedCodeCacheSize                    = 251658240                              {pd product} {ergonomic}
     bool SegmentedCodeCache                       = true                                      {product} {ergonomic}
     bool UseCompressedClassPointers               = true                                 {lp64_product} {ergonomic}
     bool UseCompressedOops                        = true                                 {lp64_product} {ergonomic}
     bool UseG1GC                                  = true                                      {product} {ergonomic}
     bool UseLargePagesIndividualAllocation        = false                                  {pd product} {ergonomic}

Logging:
Log output configuration:
 #0: stdout all=warning uptime,level,tags
 #1: stderr all=off uptime,level,tags

Environment Variables:
JAVA_HOME=C:\Users\klaus\AppData\Local\Programs\AdoptOpenJDK\jdk-11.0.11.9-hotspot\
PATH=C:\Program Files (x86)\Common Files\Oracle\Java\javapath;C:\Program Files\AdoptOpenJDK\jdk-8.0.292.10-hotspot\bin;C:\WINDOWS\system32;C:\WINDOWS;C:\WINDOWS\System32\Wbem;C:\WINDOWS\System32\WindowsPowerShell\v1.0\;C:\WINDOWS\System32\OpenSSH\;D:\03 Programminstallationen\Node\;D:\03 Programminstallationen\Git\cmd;C:\Users\klaus\AppData\Local\Programs\AdoptOpenJDK\jdk-11.0.11.9-hotspot\bin;C:\Users\klaus\AppData\Local\Microsoft\WindowsApps;;D:\03 Programminstallationen\Microsoft VS Code\bin;C:\Users\klaus\AppData\Roaming\npm
USERNAME=klaus
OS=Windows_NT
PROCESSOR_IDENTIFIER=AMD64 Family 23 Model 96 Stepping 1, AuthenticAMD



---------------  S Y S T E M  ---------------

OS: Windows 10 , 64 bit Build 22526 (10.0.22526.1000)
OS uptime: 23 days 2:12 hours

CPU:total 6 (initial active 6) (6 cores per cpu, 1 threads per core) family 23 model 96 stepping 1 microcode 0x0, cmov, cx8, fxsr, mmx, sse, sse2, sse3, ssse3, sse4.1, sse4.2, popcnt, avx, avx2, aes, clmul, mmxext, 3dnowpref, lzcnt, sse4a, tsc, tscinvbit, tscinv, bmi1, bmi2, adx, sha, 

Memory: 4k page, system-wide physical 7564M (302M free)
TotalPageFile size 11786M (AvailPageFile size 38M)
current process WorkingSet (physical memory assigned to process): 450M, peak: 452M
current process commit charge ("private bytes"): 494M, peak: 550M

vm_info: OpenJDK 64-Bit Server VM (11.0.11+9) for windows-amd64 JRE (11.0.11+9), built on Apr 20 2021 21:22:09 by "" with MS VC++ 15.9 (VS2017)

END.
